0 verbose cli [
0 verbose cli   'C:\\Program Files\\nodejs\\node.exe',
0 verbose cli   'C:\\Program Files\\nodejs\\node_modules\\npm\\bin\\npm-cli.js',
0 verbose cli   'install',
0 verbose cli   '-g',
0 verbose cli   'cookie-parser'
0 verbose cli ]
1 info using npm@8.5.5
2 info using node@v16.15.0
3 timing npm:load:whichnode Completed in 0ms
4 timing config:load:defaults Completed in 2ms
5 timing config:load:file:C:\Program Files\nodejs\node_modules\npm\npmrc Completed in 3ms
6 timing config:load:builtin Completed in 4ms
7 timing config:load:cli Completed in 3ms
8 timing config:load:env Completed in 1ms
9 timing config:load:project Completed in 2ms
10 timing config:load:file:C:\Users\sopno\.npmrc Completed in 0ms
11 timing config:load:user Completed in 0ms
12 timing config:load:file:C:\Users\sopno\AppData\Roaming\npm\etc\npmrc Completed in 2ms
13 timing config:load:global Completed in 2ms
14 timing config:load:validate Completed in 0ms
15 timing config:load:credentials Completed in 2ms
16 timing config:load:setEnvs Completed in 1ms
17 timing config:load Completed in 19ms
18 timing npm:load:configload Completed in 19ms
19 timing npm:load:setTitle Completed in 1ms
20 timing config:load:flatten Completed in 6ms
21 timing npm:load:display Completed in 11ms
22 verbose logfile D:\MIU ComPro\WAP-Sridevi\Demo\JavaScriptDemo\ExpressJS\w3d3assignment\.npmrc\_logs\2022-06-08T19_19_22_865Z-debug-0.log
23 timing npm:load:logFile Completed in 21ms
24 timing npm:load:timers Completed in 0ms
25 timing npm:load:configScope Completed in 0ms
26 timing npm:load Completed in 55ms
27 timing arborist:ctor Completed in 2ms
28 timing idealTree:init Completed in 17ms
29 timing idealTree:userRequests Completed in 4ms
30 silly idealTree buildDeps
31 silly fetch manifest cookie-parser@*
32 http fetch GET 200 https://registry.npmjs.org/cookie-parser 285ms (cache miss)
33 silly placeDep ROOT cookie-parser@1.4.6 OK for:  want: *
34 silly fetch manifest cookie@0.4.1
35 silly fetch manifest cookie-signature@1.0.6
36 http fetch GET 200 https://registry.npmjs.org/cookie-signature 38ms (cache hit)
37 http fetch GET 200 https://registry.npmjs.org/cookie 41ms (cache hit)
38 timing idealTree:#root Completed in 361ms
39 silly placeDep node_modules/cookie-parser cookie@0.4.1 OK for: cookie-parser@1.4.6 want: 0.4.1
40 silly placeDep node_modules/cookie-parser cookie-signature@1.0.6 OK for: cookie-parser@1.4.6 want: 1.0.6
41 timing idealTree:node_modules/cookie-parser Completed in 12ms
42 timing idealTree:node_modules/cookie-parser/node_modules/cookie Completed in 1ms
43 timing idealTree:node_modules/cookie-parser/node_modules/cookie-signature Completed in 0ms
44 timing idealTree:buildDeps Completed in 377ms
45 timing idealTree:fixDepFlags Completed in 2ms
46 timing idealTree Completed in 405ms
47 timing reify:loadTrees Completed in 412ms
48 timing reify:diffTrees Completed in 4ms
49 silly reify moves {}
50 timing reify:retireShallow Completed in 1ms
51 timing reify:createSparse Completed in 9ms
52 timing reify:loadBundles Completed in 0ms
53 silly audit bulk request {
53 silly audit   'cookie-parser': [ '1.4.6' ],
53 silly audit   cookie: [ '0.4.1' ],
53 silly audit   'cookie-signature': [ '1.0.6' ]
53 silly audit }
54 silly tarball no local data for cookie-parser@https://registry.npmjs.org/cookie-parser/-/cookie-parser-1.4.6.tgz. Extracting by manifest.
55 silly tarball no local data for cookie@https://registry.npmjs.org/cookie/-/cookie-0.4.1.tgz. Extracting by manifest.
56 timing reifyNode:node_modules/cookie-parser/node_modules/cookie-signature Completed in 72ms
57 http fetch POST 200 https://registry.npmjs.org/-/npm/v1/security/advisories/bulk 137ms
58 timing auditReport:getReport Completed in 140ms
59 silly audit report {}
60 timing auditReport:init Completed in 0ms
61 timing reify:audit Completed in 144ms
62 http fetch GET 200 https://registry.npmjs.org/cookie-parser/-/cookie-parser-1.4.6.tgz 231ms (cache miss)
63 timing reifyNode:node_modules/cookie-parser Completed in 251ms
64 http fetch GET 200 https://registry.npmjs.org/cookie/-/cookie-0.4.1.tgz 242ms (cache miss)
65 timing reifyNode:node_modules/cookie-parser/node_modules/cookie Completed in 271ms
66 timing reify:unpack Completed in 272ms
67 timing reify:unretire Completed in 0ms
68 timing build:queue Completed in 2ms
69 timing build:deps Completed in 5ms
70 timing build Completed in 5ms
71 timing reify:build Completed in 9ms
72 timing reify:trash Completed in 0ms
73 timing reify Completed in 744ms
74 silly ADD node_modules/cookie-parser
75 silly ADD node_modules/cookie-parser/node_modules/cookie-signature
76 silly ADD node_modules/cookie-parser/node_modules/cookie
77 timing command:install Completed in 755ms
78 verbose exit 0
79 timing npm Completed in 1867ms
80 info ok
