0 verbose cli [
0 verbose cli   'C:\\Program Files\\nodejs\\node.exe',
0 verbose cli   'C:\\Program Files\\nodejs\\node_modules\\npm\\bin\\npm-cli.js',
0 verbose cli   'install',
0 verbose cli   '-g',
0 verbose cli   'express'
0 verbose cli ]
1 info using npm@8.5.5
2 info using node@v16.15.0
3 timing npm:load:whichnode Completed in 0ms
4 timing config:load:defaults Completed in 3ms
5 timing config:load:file:C:\Program Files\nodejs\node_modules\npm\npmrc Completed in 5ms
6 timing config:load:builtin Completed in 5ms
7 timing config:load:cli Completed in 3ms
8 timing config:load:env Completed in 1ms
9 timing config:load:project Completed in 2ms
10 timing config:load:file:C:\Users\sopno\.npmrc Completed in 0ms
11 timing config:load:user Completed in 0ms
12 timing config:load:file:C:\Users\sopno\AppData\Roaming\npm\etc\npmrc Completed in 1ms
13 timing config:load:global Completed in 2ms
14 timing config:load:validate Completed in 0ms
15 timing config:load:credentials Completed in 1ms
16 timing config:load:setEnvs Completed in 2ms
17 timing config:load Completed in 21ms
18 timing npm:load:configload Completed in 21ms
19 timing npm:load:setTitle Completed in 1ms
20 timing config:load:flatten Completed in 9ms
21 timing npm:load:display Completed in 12ms
22 verbose logfile D:\MIU ComPro\WAP-Sridevi\Demo\JavaScriptDemo\ExpressJS\w3d3assignment\.npmrc\_logs\2022-06-08T19_18_13_101Z-debug-0.log
23 timing npm:load:logFile Completed in 18ms
24 timing npm:load:timers Completed in 0ms
25 timing npm:load:configScope Completed in 0ms
26 timing npm:load Completed in 54ms
27 timing arborist:ctor Completed in 1ms
28 timing idealTree:init Completed in 15ms
29 timing idealTree:userRequests Completed in 3ms
30 silly idealTree buildDeps
31 silly fetch manifest express@*
32 http fetch GET 200 https://registry.npmjs.org/npm 505ms (cache miss)
33 http fetch GET 200 https://registry.npmjs.org/express 503ms (cache miss)
34 silly placeDep ROOT express@4.18.1 OK for:  want: *
35 silly fetch manifest accepts@~1.3.8
36 silly fetch manifest array-flatten@1.1.1
37 silly fetch manifest body-parser@1.20.0
38 silly fetch manifest content-disposition@0.5.4
39 silly fetch manifest content-type@~1.0.4
40 silly fetch manifest cookie@0.5.0
41 silly fetch manifest cookie-signature@1.0.6
42 silly fetch manifest debug@2.6.9
43 silly fetch manifest depd@2.0.0
44 silly fetch manifest encodeurl@~1.0.2
45 silly fetch manifest escape-html@~1.0.3
46 silly fetch manifest etag@~1.8.1
47 silly fetch manifest finalhandler@1.2.0
48 silly fetch manifest fresh@0.5.2
49 silly fetch manifest http-errors@2.0.0
50 silly fetch manifest merge-descriptors@1.0.1
51 silly fetch manifest methods@~1.1.2
52 silly fetch manifest on-finished@2.4.1
53 silly fetch manifest parseurl@~1.3.3
54 silly fetch manifest path-to-regexp@0.1.7
55 silly fetch manifest proxy-addr@~2.0.7
56 silly fetch manifest qs@6.10.3
57 silly fetch manifest range-parser@~1.2.1
58 silly fetch manifest safe-buffer@5.2.1
59 silly fetch manifest send@0.18.0
60 silly fetch manifest serve-static@1.15.0
61 silly fetch manifest setprototypeof@1.2.0
62 silly fetch manifest statuses@2.0.1
63 silly fetch manifest type-is@~1.6.18
64 silly fetch manifest utils-merge@1.0.1
65 silly fetch manifest vary@~1.1.2
66 http fetch GET 200 https://registry.npmjs.org/array-flatten 233ms (cache miss)
67 http fetch GET 200 https://registry.npmjs.org/accepts 239ms (cache miss)
68 http fetch GET 200 https://registry.npmjs.org/methods 534ms (cache miss)
69 http fetch GET 200 https://registry.npmjs.org/merge-descriptors 537ms (cache miss)
70 http fetch GET 200 https://registry.npmjs.org/parseurl 638ms (cache miss)
71 http fetch GET 200 https://registry.npmjs.org/on-finished 649ms (cache miss)
72 http fetch GET 200 https://registry.npmjs.org/content-disposition 755ms (cache miss)
73 http fetch GET 200 https://registry.npmjs.org/vary 726ms (cache miss)
74 http fetch GET 200 https://registry.npmjs.org/depd 763ms (cache miss)
75 http fetch GET 200 https://registry.npmjs.org/content-type 780ms (cache miss)
76 http fetch GET 200 https://registry.npmjs.org/encodeurl 763ms (cache miss)
77 http fetch GET 200 https://registry.npmjs.org/cookie 781ms (cache miss)
78 http fetch GET 200 https://registry.npmjs.org/etag 760ms (cache miss)
79 http fetch GET 200 https://registry.npmjs.org/debug 790ms (cache miss)
80 http fetch GET 200 https://registry.npmjs.org/path-to-regexp 771ms (cache miss)
81 http fetch GET 200 https://registry.npmjs.org/qs 773ms (cache miss)
82 http fetch GET 200 https://registry.npmjs.org/proxy-addr 778ms (cache miss)
83 http fetch GET 200 https://registry.npmjs.org/http-errors 784ms (cache miss)
84 http fetch GET 200 https://registry.npmjs.org/range-parser 780ms (cache miss)
85 http fetch GET 200 https://registry.npmjs.org/fresh 813ms (cache miss)
86 http fetch GET 200 https://registry.npmjs.org/finalhandler 816ms (cache miss)
87 http fetch GET 200 https://registry.npmjs.org/cookie-signature 837ms (cache miss)
88 http fetch GET 200 https://registry.npmjs.org/serve-static 803ms (cache miss)
89 http fetch GET 200 https://registry.npmjs.org/safe-buffer 809ms (cache miss)
90 http fetch GET 200 https://registry.npmjs.org/type-is 805ms (cache miss)
91 http fetch GET 200 https://registry.npmjs.org/send 810ms (cache miss)
92 http fetch GET 200 https://registry.npmjs.org/body-parser 857ms (cache miss)
93 http fetch GET 200 https://registry.npmjs.org/utils-merge 812ms (cache miss)
94 http fetch GET 200 https://registry.npmjs.org/statuses 818ms (cache miss)
95 http fetch GET 200 https://registry.npmjs.org/escape-html 840ms (cache miss)
96 http fetch GET 200 https://registry.npmjs.org/setprototypeof 821ms (cache miss)
97 timing idealTree:#root Completed in 1423ms
98 silly placeDep node_modules/express accepts@1.3.8 OK for: express@4.18.1 want: ~1.3.8
99 silly placeDep node_modules/express array-flatten@1.1.1 OK for: express@4.18.1 want: 1.1.1
100 silly placeDep node_modules/express body-parser@1.20.0 OK for: express@4.18.1 want: 1.20.0
101 silly placeDep node_modules/express content-disposition@0.5.4 OK for: express@4.18.1 want: 0.5.4
102 silly placeDep node_modules/express content-type@1.0.4 OK for: express@4.18.1 want: ~1.0.4
103 silly placeDep node_modules/express cookie@0.5.0 OK for: express@4.18.1 want: 0.5.0
104 silly placeDep node_modules/express cookie-signature@1.0.6 OK for: express@4.18.1 want: 1.0.6
105 silly placeDep node_modules/express debug@2.6.9 OK for: express@4.18.1 want: 2.6.9
106 silly placeDep node_modules/express depd@2.0.0 OK for: express@4.18.1 want: 2.0.0
107 silly placeDep node_modules/express encodeurl@1.0.2 OK for: express@4.18.1 want: ~1.0.2
108 silly placeDep node_modules/express escape-html@1.0.3 OK for: express@4.18.1 want: ~1.0.3
109 silly placeDep node_modules/express etag@1.8.1 OK for: express@4.18.1 want: ~1.8.1
110 silly placeDep node_modules/express finalhandler@1.2.0 OK for: express@4.18.1 want: 1.2.0
111 silly placeDep node_modules/express fresh@0.5.2 OK for: express@4.18.1 want: 0.5.2
112 silly placeDep node_modules/express http-errors@2.0.0 OK for: express@4.18.1 want: 2.0.0
113 silly placeDep node_modules/express merge-descriptors@1.0.1 OK for: express@4.18.1 want: 1.0.1
114 silly placeDep node_modules/express methods@1.1.2 OK for: express@4.18.1 want: ~1.1.2
115 silly placeDep node_modules/express on-finished@2.4.1 OK for: express@4.18.1 want: 2.4.1
116 silly placeDep node_modules/express parseurl@1.3.3 OK for: express@4.18.1 want: ~1.3.3
117 silly placeDep node_modules/express path-to-regexp@0.1.7 OK for: express@4.18.1 want: 0.1.7
118 silly placeDep node_modules/express proxy-addr@2.0.7 OK for: express@4.18.1 want: ~2.0.7
119 silly placeDep node_modules/express qs@6.10.3 OK for: express@4.18.1 want: 6.10.3
120 silly placeDep node_modules/express range-parser@1.2.1 OK for: express@4.18.1 want: ~1.2.1
121 silly placeDep node_modules/express safe-buffer@5.2.1 OK for: express@4.18.1 want: 5.2.1
122 silly placeDep node_modules/express send@0.18.0 OK for: express@4.18.1 want: 0.18.0
123 silly placeDep node_modules/express serve-static@1.15.0 OK for: express@4.18.1 want: 1.15.0
124 silly placeDep node_modules/express setprototypeof@1.2.0 OK for: express@4.18.1 want: 1.2.0
125 silly placeDep node_modules/express statuses@2.0.1 OK for: express@4.18.1 want: 2.0.1
126 silly placeDep node_modules/express type-is@1.6.18 OK for: express@4.18.1 want: ~1.6.18
127 silly placeDep node_modules/express utils-merge@1.0.1 OK for: express@4.18.1 want: 1.0.1
128 silly placeDep node_modules/express vary@1.1.2 OK for: express@4.18.1 want: ~1.1.2
129 silly fetch manifest mime-types@~2.1.34
130 silly fetch manifest negotiator@0.6.3
131 silly fetch manifest bytes@3.1.2
132 silly fetch manifest destroy@1.2.0
133 silly fetch manifest iconv-lite@0.4.24
134 silly fetch manifest raw-body@2.5.1
135 silly fetch manifest unpipe@1.0.0
136 silly fetch manifest ms@2.0.0
137 silly fetch manifest unpipe@~1.0.0
138 silly fetch manifest inherits@2.0.4
139 silly fetch manifest toidentifier@1.0.1
140 silly fetch manifest ee-first@1.1.1
141 silly fetch manifest forwarded@0.2.0
142 silly fetch manifest ipaddr.js@1.9.1
143 silly fetch manifest side-channel@^1.0.4
144 silly fetch manifest mime@1.6.0
145 silly fetch manifest ms@2.1.3
146 silly fetch manifest media-typer@0.3.0
147 silly fetch manifest mime-types@~2.1.24
148 http fetch GET 200 https://registry.npmjs.org/bytes 217ms (cache miss)
149 http fetch GET 200 https://registry.npmjs.org/destroy 234ms (cache miss)
150 http fetch GET 200 https://registry.npmjs.org/toidentifier 228ms (cache miss)
151 http fetch GET 200 https://registry.npmjs.org/negotiator 251ms (cache miss)
152 http fetch GET 200 https://registry.npmjs.org/unpipe 237ms (cache miss)
153 http fetch GET 200 https://registry.npmjs.org/ipaddr.js 236ms (cache miss)
154 http fetch GET 200 https://registry.npmjs.org/inherits 248ms (cache miss)
155 http fetch GET 200 https://registry.npmjs.org/ee-first 247ms (cache miss)
156 http fetch GET 200 https://registry.npmjs.org/raw-body 259ms (cache miss)
157 http fetch GET 200 https://registry.npmjs.org/ms 260ms (cache miss)
158 http fetch GET 200 https://registry.npmjs.org/mime-types 287ms (cache miss)
159 http fetch GET 200 https://registry.npmjs.org/mime 251ms (cache miss)
160 http fetch GET 200 https://registry.npmjs.org/iconv-lite 275ms (cache miss)
161 http fetch GET 200 https://registry.npmjs.org/forwarded 263ms (cache miss)
162 http fetch GET 200 https://registry.npmjs.org/media-typer 260ms (cache miss)
163 http fetch GET 200 https://registry.npmjs.org/side-channel 273ms (cache miss)
164 timing idealTree:node_modules/express Completed in 531ms
165 silly placeDep node_modules/express mime-types@2.1.35 OK for: accepts@1.3.8 want: ~2.1.34
166 silly placeDep node_modules/express negotiator@0.6.3 OK for: accepts@1.3.8 want: 0.6.3
167 silly fetch manifest mime-db@1.52.0
168 http fetch GET 200 https://registry.npmjs.org/mime-db 104ms (cache miss)
169 timing idealTree:node_modules/express/node_modules/accepts Completed in 113ms
170 timing idealTree:node_modules/express/node_modules/array-flatten Completed in 1ms
171 silly placeDep node_modules/express bytes@3.1.2 OK for: body-parser@1.20.0 want: 3.1.2
172 silly placeDep node_modules/express destroy@1.2.0 OK for: body-parser@1.20.0 want: 1.2.0
173 silly placeDep node_modules/express iconv-lite@0.4.24 OK for: body-parser@1.20.0 want: 0.4.24
174 silly placeDep node_modules/express raw-body@2.5.1 OK for: body-parser@1.20.0 want: 2.5.1
175 silly placeDep node_modules/express unpipe@1.0.0 OK for: body-parser@1.20.0 want: 1.0.0
176 silly fetch manifest safer-buffer@>= 2.1.2 < 3
177 http fetch GET 200 https://registry.npmjs.org/safer-buffer 69ms (cache miss)
178 timing idealTree:node_modules/express/node_modules/body-parser Completed in 81ms
179 timing idealTree:node_modules/express/node_modules/bytes Completed in 0ms
180 timing idealTree:node_modules/express/node_modules/content-disposition Completed in 0ms
181 timing idealTree:node_modules/express/node_modules/content-type Completed in 0ms
182 timing idealTree:node_modules/express/node_modules/cookie Completed in 0ms
183 timing idealTree:node_modules/express/node_modules/cookie-signature Completed in 0ms
184 silly placeDep node_modules/express ms@2.0.0 OK for: debug@2.6.9 want: 2.0.0
185 timing idealTree:node_modules/express/node_modules/debug Completed in 3ms
186 timing idealTree:node_modules/express/node_modules/depd Completed in 0ms
187 timing idealTree:node_modules/express/node_modules/destroy Completed in 0ms
188 timing idealTree:node_modules/express/node_modules/encodeurl Completed in 1ms
189 timing idealTree:node_modules/express/node_modules/escape-html Completed in 0ms
190 timing idealTree:node_modules/express/node_modules/etag Completed in 0ms
191 timing idealTree:node_modules/express/node_modules/finalhandler Completed in 0ms
192 timing idealTree:node_modules/express/node_modules/fresh Completed in 0ms
193 silly placeDep node_modules/express inherits@2.0.4 OK for: http-errors@2.0.0 want: 2.0.4
194 silly placeDep node_modules/express toidentifier@1.0.1 OK for: http-errors@2.0.0 want: 1.0.1
195 timing idealTree:node_modules/express/node_modules/http-errors Completed in 5ms
196 silly placeDep node_modules/express safer-buffer@2.1.2 OK for: iconv-lite@0.4.24 want: >= 2.1.2 < 3
197 timing idealTree:node_modules/express/node_modules/iconv-lite Completed in 3ms
198 timing idealTree:node_modules/express/node_modules/inherits Completed in 0ms
199 timing idealTree:node_modules/express/node_modules/merge-descriptors Completed in 0ms
200 timing idealTree:node_modules/express/node_modules/methods Completed in 0ms
201 silly placeDep node_modules/express mime-db@1.52.0 OK for: mime-types@2.1.35 want: 1.52.0
202 timing idealTree:node_modules/express/node_modules/mime-types Completed in 1ms
203 timing idealTree:node_modules/express/node_modules/mime-db Completed in 0ms
204 timing idealTree:node_modules/express/node_modules/ms Completed in 0ms
205 timing idealTree:node_modules/express/node_modules/negotiator Completed in 0ms
206 silly placeDep node_modules/express ee-first@1.1.1 OK for: on-finished@2.4.1 want: 1.1.1
207 timing idealTree:node_modules/express/node_modules/on-finished Completed in 2ms
208 timing idealTree:node_modules/express/node_modules/ee-first Completed in 0ms
209 timing idealTree:node_modules/express/node_modules/parseurl Completed in 0ms
210 timing idealTree:node_modules/express/node_modules/path-to-regexp Completed in 0ms
211 silly placeDep node_modules/express forwarded@0.2.0 OK for: proxy-addr@2.0.7 want: 0.2.0
212 silly placeDep node_modules/express ipaddr.js@1.9.1 OK for: proxy-addr@2.0.7 want: 1.9.1
213 timing idealTree:node_modules/express/node_modules/proxy-addr Completed in 3ms
214 timing idealTree:node_modules/express/node_modules/forwarded Completed in 0ms
215 timing idealTree:node_modules/express/node_modules/ipaddr.js Completed in 0ms
216 silly placeDep node_modules/express side-channel@1.0.4 OK for: qs@6.10.3 want: ^1.0.4
217 silly fetch manifest call-bind@^1.0.0
218 silly fetch manifest get-intrinsic@^1.0.2
219 silly fetch manifest object-inspect@^1.9.0
220 http fetch GET 200 https://registry.npmjs.org/call-bind 98ms (cache miss)
221 http fetch GET 200 https://registry.npmjs.org/object-inspect 104ms (cache miss)
222 http fetch GET 200 https://registry.npmjs.org/get-intrinsic 113ms (cache miss)
223 timing idealTree:node_modules/express/node_modules/qs Completed in 121ms
224 timing idealTree:node_modules/express/node_modules/range-parser Completed in 0ms
225 timing idealTree:node_modules/express/node_modules/raw-body Completed in 0ms
226 timing idealTree:node_modules/express/node_modules/safe-buffer Completed in 0ms
227 timing idealTree:node_modules/express/node_modules/safer-buffer Completed in 0ms
228 silly placeDep node_modules/express mime@1.6.0 OK for: send@0.18.0 want: 1.6.0
229 silly placeDep node_modules/express/node_modules/send ms@2.1.3 OK for: send@0.18.0 want: 2.1.3
230 timing idealTree:node_modules/express/node_modules/send Completed in 9ms
231 timing idealTree:node_modules/express/node_modules/mime Completed in 1ms
232 timing idealTree:node_modules/express/node_modules/serve-static Completed in 0ms
233 timing idealTree:node_modules/express/node_modules/setprototypeof Completed in 0ms
234 silly placeDep node_modules/express call-bind@1.0.2 OK for: side-channel@1.0.4 want: ^1.0.0
235 silly placeDep node_modules/express get-intrinsic@1.1.2 OK for: side-channel@1.0.4 want: ^1.0.2
236 silly placeDep node_modules/express object-inspect@1.12.2 OK for: side-channel@1.0.4 want: ^1.9.0
237 silly fetch manifest function-bind@^1.1.1
238 silly fetch manifest has@^1.0.3
239 silly fetch manifest has-symbols@^1.0.3
240 http fetch GET 200 https://registry.npmjs.org/has 54ms (cache miss)
241 http fetch GET 200 https://registry.npmjs.org/function-bind 84ms (cache miss)
242 http fetch GET 200 https://registry.npmjs.org/has-symbols 150ms (cache miss)
243 timing idealTree:node_modules/express/node_modules/side-channel Completed in 165ms
244 silly placeDep node_modules/express function-bind@1.1.1 OK for: call-bind@1.0.2 want: ^1.1.1
245 timing idealTree:node_modules/express/node_modules/call-bind Completed in 2ms
246 timing idealTree:node_modules/express/node_modules/function-bind Completed in 0ms
247 silly placeDep node_modules/express has@1.0.3 OK for: get-intrinsic@1.1.2 want: ^1.0.3
248 silly placeDep node_modules/express has-symbols@1.0.3 OK for: get-intrinsic@1.1.2 want: ^1.0.3
249 timing idealTree:node_modules/express/node_modules/get-intrinsic Completed in 8ms
250 timing idealTree:node_modules/express/node_modules/has Completed in 0ms
251 timing idealTree:node_modules/express/node_modules/has-symbols Completed in 0ms
252 timing idealTree:node_modules/express/node_modules/object-inspect Completed in 0ms
253 timing idealTree:node_modules/express/node_modules/statuses Completed in 0ms
254 timing idealTree:node_modules/express/node_modules/toidentifier Completed in 0ms
255 silly placeDep node_modules/express media-typer@0.3.0 OK for: type-is@1.6.18 want: 0.3.0
256 timing idealTree:node_modules/express/node_modules/type-is Completed in 2ms
257 timing idealTree:node_modules/express/node_modules/media-typer Completed in 0ms
258 timing idealTree:node_modules/express/node_modules/unpipe Completed in 0ms
259 timing idealTree:node_modules/express/node_modules/utils-merge Completed in 0ms
260 timing idealTree:node_modules/express/node_modules/vary Completed in 0ms
261 timing idealTree:node_modules/express/node_modules/send/node_modules/ms Completed in 0ms
262 timing idealTree:buildDeps Completed in 2486ms
263 timing idealTree:fixDepFlags Completed in 2ms
264 timing idealTree Completed in 2510ms
265 timing reify:loadTrees Completed in 2516ms
266 timing reify:diffTrees Completed in 3ms
267 silly reify moves {}
268 timing reify:retireShallow Completed in 0ms
269 timing reify:createSparse Completed in 58ms
270 timing reify:loadBundles Completed in 0ms
271 silly audit bulk request {
271 silly audit   express: [ '4.18.1' ],
271 silly audit   accepts: [ '1.3.8' ],
271 silly audit   'array-flatten': [ '1.1.1' ],
271 silly audit   'body-parser': [ '1.20.0' ],
271 silly audit   'content-disposition': [ '0.5.4' ],
271 silly audit   'content-type': [ '1.0.4' ],
271 silly audit   cookie: [ '0.5.0' ],
271 silly audit   'cookie-signature': [ '1.0.6' ],
271 silly audit   debug: [ '2.6.9' ],
271 silly audit   depd: [ '2.0.0' ],
271 silly audit   encodeurl: [ '1.0.2' ],
271 silly audit   'escape-html': [ '1.0.3' ],
271 silly audit   etag: [ '1.8.1' ],
271 silly audit   finalhandler: [ '1.2.0' ],
271 silly audit   fresh: [ '0.5.2' ],
271 silly audit   'http-errors': [ '2.0.0' ],
271 silly audit   'merge-descriptors': [ '1.0.1' ],
271 silly audit   methods: [ '1.1.2' ],
271 silly audit   'on-finished': [ '2.4.1' ],
271 silly audit   parseurl: [ '1.3.3' ],
271 silly audit   'path-to-regexp': [ '0.1.7' ],
271 silly audit   'proxy-addr': [ '2.0.7' ],
271 silly audit   qs: [ '6.10.3' ],
271 silly audit   'range-parser': [ '1.2.1' ],
271 silly audit   'safe-buffer': [ '5.2.1' ],
271 silly audit   send: [ '0.18.0' ],
271 silly audit   'serve-static': [ '1.15.0' ],
271 silly audit   setprototypeof: [ '1.2.0' ],
271 silly audit   statuses: [ '2.0.1' ],
271 silly audit   'type-is': [ '1.6.18' ],
271 silly audit   'utils-merge': [ '1.0.1' ],
271 silly audit   vary: [ '1.1.2' ],
271 silly audit   'mime-types': [ '2.1.35' ],
271 silly audit   negotiator: [ '0.6.3' ],
271 silly audit   bytes: [ '3.1.2' ],
271 silly audit   destroy: [ '1.2.0' ],
271 silly audit   'iconv-lite': [ '0.4.24' ],
271 silly audit   'raw-body': [ '2.5.1' ],
271 silly audit   unpipe: [ '1.0.0' ],
271 silly audit   ms: [ '2.0.0', '2.1.3' ],
271 silly audit   inherits: [ '2.0.4' ],
271 silly audit   toidentifier: [ '1.0.1' ],
271 silly audit   'safer-buffer': [ '2.1.2' ],
271 silly audit   'mime-db': [ '1.52.0' ],
271 silly audit   'ee-first': [ '1.1.1' ],
271 silly audit   forwarded: [ '0.2.0' ],
271 silly audit   'ipaddr.js': [ '1.9.1' ],
271 silly audit   'side-channel': [ '1.0.4' ],
271 silly audit   mime: [ '1.6.0' ],
271 silly audit   'call-bind': [ '1.0.2' ],
271 silly audit   'get-intrinsic': [ '1.1.2' ],
271 silly audit   'object-inspect': [ '1.12.2' ],
271 silly audit   'function-bind': [ '1.1.1' ],
271 silly audit   has: [ '1.0.3' ],
271 silly audit   'has-symbols': [ '1.0.3' ],
271 silly audit   'media-typer': [ '0.3.0' ]
271 silly audit }
272 silly tarball no local data for express@https://registry.npmjs.org/express/-/express-4.18.1.tgz. Extracting by manifest.
273 silly tarball no local data for media-typer@https://registry.npmjs.org/media-typer/-/media-typer-0.3.0.tgz. Extracting by manifest.
274 silly tarball no local data for has-symbols@https://registry.npmjs.org/has-symbols/-/has-symbols-1.0.3.tgz. Extracting by manifest.
275 silly tarball no local data for get-intrinsic@https://registry.npmjs.org/get-intrinsic/-/get-intrinsic-1.1.2.tgz. Extracting by manifest.
276 silly tarball no local data for function-bind@https://registry.npmjs.org/function-bind/-/function-bind-1.1.1.tgz. Extracting by manifest.
277 silly tarball no local data for object-inspect@https://registry.npmjs.org/object-inspect/-/object-inspect-1.12.2.tgz. Extracting by manifest.
278 silly tarball no local data for has@https://registry.npmjs.org/has/-/has-1.0.3.tgz. Extracting by manifest.
279 silly tarball no local data for ipaddr.js@https://registry.npmjs.org/ipaddr.js/-/ipaddr.js-1.9.1.tgz. Extracting by manifest.
280 silly tarball no local data for mime@https://registry.npmjs.org/mime/-/mime-1.6.0.tgz. Extracting by manifest.
281 silly tarball no local data for call-bind@https://registry.npmjs.org/call-bind/-/call-bind-1.0.2.tgz. Extracting by manifest.
282 silly tarball no local data for side-channel@https://registry.npmjs.org/side-channel/-/side-channel-1.0.4.tgz. Extracting by manifest.
283 silly tarball no local data for forwarded@https://registry.npmjs.org/forwarded/-/forwarded-0.2.0.tgz. Extracting by manifest.
284 silly tarball no local data for ee-first@https://registry.npmjs.org/ee-first/-/ee-first-1.1.1.tgz. Extracting by manifest.
285 silly tarball no local data for mime-db@https://registry.npmjs.org/mime-db/-/mime-db-1.52.0.tgz. Extracting by manifest.
286 silly tarball no local data for inherits@https://registry.npmjs.org/inherits/-/inherits-2.0.4.tgz. Extracting by manifest.
287 silly tarball no local data for toidentifier@https://registry.npmjs.org/toidentifier/-/toidentifier-1.0.1.tgz. Extracting by manifest.
288 silly tarball no local data for safer-buffer@https://registry.npmjs.org/safer-buffer/-/safer-buffer-2.1.2.tgz. Extracting by manifest.
289 silly tarball no local data for ms@https://registry.npmjs.org/ms/-/ms-2.0.0.tgz. Extracting by manifest.
290 silly tarball no local data for unpipe@https://registry.npmjs.org/unpipe/-/unpipe-1.0.0.tgz. Extracting by manifest.
291 silly tarball no local data for raw-body@https://registry.npmjs.org/raw-body/-/raw-body-2.5.1.tgz. Extracting by manifest.
292 silly tarball no local data for destroy@https://registry.npmjs.org/destroy/-/destroy-1.2.0.tgz. Extracting by manifest.
293 silly tarball no local data for bytes@https://registry.npmjs.org/bytes/-/bytes-3.1.2.tgz. Extracting by manifest.
294 silly tarball no local data for mime-types@https://registry.npmjs.org/mime-types/-/mime-types-2.1.35.tgz. Extracting by manifest.
295 silly tarball no local data for negotiator@https://registry.npmjs.org/negotiator/-/negotiator-0.6.3.tgz. Extracting by manifest.
296 silly tarball no local data for utils-merge@https://registry.npmjs.org/utils-merge/-/utils-merge-1.0.1.tgz. Extracting by manifest.
297 silly tarball no local data for vary@https://registry.npmjs.org/vary/-/vary-1.1.2.tgz. Extracting by manifest.
298 silly tarball no local data for type-is@https://registry.npmjs.org/type-is/-/type-is-1.6.18.tgz. Extracting by manifest.
299 silly tarball no local data for statuses@https://registry.npmjs.org/statuses/-/statuses-2.0.1.tgz. Extracting by manifest.
300 silly tarball no local data for setprototypeof@https://registry.npmjs.org/setprototypeof/-/setprototypeof-1.2.0.tgz. Extracting by manifest.
301 silly tarball no local data for serve-static@https://registry.npmjs.org/serve-static/-/serve-static-1.15.0.tgz. Extracting by manifest.
302 silly tarball no local data for ms@https://registry.npmjs.org/ms/-/ms-2.1.3.tgz. Extracting by manifest.
303 silly tarball no local data for send@https://registry.npmjs.org/send/-/send-0.18.0.tgz. Extracting by manifest.
304 silly tarball no local data for safe-buffer@https://registry.npmjs.org/safe-buffer/-/safe-buffer-5.2.1.tgz. Extracting by manifest.
305 silly tarball no local data for range-parser@https://registry.npmjs.org/range-parser/-/range-parser-1.2.1.tgz. Extracting by manifest.
306 silly tarball no local data for path-to-regexp@https://registry.npmjs.org/path-to-regexp/-/path-to-regexp-0.1.7.tgz. Extracting by manifest.
307 silly tarball no local data for proxy-addr@https://registry.npmjs.org/proxy-addr/-/proxy-addr-2.0.7.tgz. Extracting by manifest.
308 silly tarball no local data for qs@https://registry.npmjs.org/qs/-/qs-6.10.3.tgz. Extracting by manifest.
309 silly tarball no local data for parseurl@https://registry.npmjs.org/parseurl/-/parseurl-1.3.3.tgz. Extracting by manifest.
310 silly tarball no local data for on-finished@https://registry.npmjs.org/on-finished/-/on-finished-2.4.1.tgz. Extracting by manifest.
311 silly tarball no local data for merge-descriptors@https://registry.npmjs.org/merge-descriptors/-/merge-descriptors-1.0.1.tgz. Extracting by manifest.
312 silly tarball no local data for methods@https://registry.npmjs.org/methods/-/methods-1.1.2.tgz. Extracting by manifest.
313 silly tarball no local data for http-errors@https://registry.npmjs.org/http-errors/-/http-errors-2.0.0.tgz. Extracting by manifest.
314 silly tarball no local data for fresh@https://registry.npmjs.org/fresh/-/fresh-0.5.2.tgz. Extracting by manifest.
315 silly tarball no local data for finalhandler@https://registry.npmjs.org/finalhandler/-/finalhandler-1.2.0.tgz. Extracting by manifest.
316 silly tarball no local data for etag@https://registry.npmjs.org/etag/-/etag-1.8.1.tgz. Extracting by manifest.
317 silly tarball no local data for encodeurl@https://registry.npmjs.org/encodeurl/-/encodeurl-1.0.2.tgz. Extracting by manifest.
318 silly tarball no local data for escape-html@https://registry.npmjs.org/escape-html/-/escape-html-1.0.3.tgz. Extracting by manifest.
319 silly tarball no local data for depd@https://registry.npmjs.org/depd/-/depd-2.0.0.tgz. Extracting by manifest.
320 silly tarball no local data for debug@https://registry.npmjs.org/debug/-/debug-2.6.9.tgz. Extracting by manifest.
321 silly tarball no local data for cookie-signature@https://registry.npmjs.org/cookie-signature/-/cookie-signature-1.0.6.tgz. Extracting by manifest.
322 silly tarball no local data for cookie@https://registry.npmjs.org/cookie/-/cookie-0.5.0.tgz. Extracting by manifest.
323 silly tarball no local data for content-type@https://registry.npmjs.org/content-type/-/content-type-1.0.4.tgz. Extracting by manifest.
324 silly tarball no local data for content-disposition@https://registry.npmjs.org/content-disposition/-/content-disposition-0.5.4.tgz. Extracting by manifest.
325 silly tarball no local data for iconv-lite@https://registry.npmjs.org/iconv-lite/-/iconv-lite-0.4.24.tgz. Extracting by manifest.
326 silly tarball no local data for body-parser@https://registry.npmjs.org/body-parser/-/body-parser-1.20.0.tgz. Extracting by manifest.
327 silly tarball no local data for array-flatten@https://registry.npmjs.org/array-flatten/-/array-flatten-1.1.1.tgz. Extracting by manifest.
328 silly tarball no local data for accepts@https://registry.npmjs.org/accepts/-/accepts-1.3.8.tgz. Extracting by manifest.
329 http fetch POST 200 https://registry.npmjs.org/-/npm/v1/security/advisories/bulk 471ms
330 timing auditReport:getReport Completed in 479ms
331 silly audit report {}
332 timing auditReport:init Completed in 0ms
333 timing reify:audit Completed in 482ms
334 http fetch GET 200 https://registry.npmjs.org/has/-/has-1.0.3.tgz 1098ms (cache miss)
335 http fetch GET 200 https://registry.npmjs.org/toidentifier/-/toidentifier-1.0.1.tgz 1096ms (cache miss)
336 timing reifyNode:node_modules/express/node_modules/toidentifier Completed in 1268ms
337 timing reifyNode:node_modules/express/node_modules/has Completed in 1301ms
338 http fetch GET 200 https://registry.npmjs.org/inherits/-/inherits-2.0.4.tgz 1199ms (cache miss)
339 timing reifyNode:node_modules/express/node_modules/inherits Completed in 1345ms
340 http fetch GET 200 https://registry.npmjs.org/ms/-/ms-2.0.0.tgz 1186ms (cache miss)
341 timing reifyNode:node_modules/express/node_modules/ms Completed in 1349ms
342 http fetch GET 200 https://registry.npmjs.org/range-parser/-/range-parser-1.2.1.tgz 1095ms (cache miss)
343 http fetch GET 200 https://registry.npmjs.org/safe-buffer/-/safe-buffer-5.2.1.tgz 1111ms (cache miss)
344 http fetch GET 200 https://registry.npmjs.org/destroy/-/destroy-1.2.0.tgz 1205ms (cache miss)
345 timing reifyNode:node_modules/express/node_modules/destroy Completed in 1388ms
346 timing reifyNode:node_modules/express/node_modules/range-parser Completed in 1394ms
347 http fetch GET 200 https://registry.npmjs.org/cookie-signature/-/cookie-signature-1.0.6.tgz 1042ms (cache miss)
348 timing reifyNode:node_modules/express/node_modules/cookie-signature Completed in 1429ms
349 http fetch GET 200 https://registry.npmjs.org/ms/-/ms-2.1.3.tgz 1185ms (cache miss)
350 timing reifyNode:node_modules/express/node_modules/send/node_modules/ms Completed in 1440ms
351 http fetch GET 200 https://registry.npmjs.org/merge-descriptors/-/merge-descriptors-1.0.1.tgz 1156ms (cache miss)
352 timing reifyNode:node_modules/express/node_modules/merge-descriptors Completed in 1461ms
353 http fetch GET 200 https://registry.npmjs.org/array-flatten/-/array-flatten-1.1.1.tgz 1068ms (cache miss)
354 timing reifyNode:node_modules/express/node_modules/array-flatten Completed in 1470ms
355 http fetch GET 200 https://registry.npmjs.org/path-to-regexp/-/path-to-regexp-0.1.7.tgz 1202ms (cache miss)
356 timing reifyNode:node_modules/express/node_modules/path-to-regexp Completed in 1478ms
357 timing reifyNode:node_modules/express/node_modules/safe-buffer Completed in 1479ms
358 http fetch GET 200 https://registry.npmjs.org/encodeurl/-/encodeurl-1.0.2.tgz 1148ms (cache miss)
359 timing reifyNode:node_modules/express/node_modules/encodeurl Completed in 1497ms
360 http fetch GET 200 https://registry.npmjs.org/utils-merge/-/utils-merge-1.0.1.tgz 1296ms (cache miss)
361 timing reifyNode:node_modules/express/node_modules/utils-merge Completed in 1504ms
362 http fetch GET 200 https://registry.npmjs.org/escape-html/-/escape-html-1.0.3.tgz 1154ms (cache miss)
363 timing reifyNode:node_modules/express/node_modules/escape-html Completed in 1508ms
364 http fetch GET 200 https://registry.npmjs.org/cookie/-/cookie-0.5.0.tgz 1166ms (cache miss)
365 http fetch GET 200 https://registry.npmjs.org/vary/-/vary-1.1.2.tgz 1329ms (cache miss)
366 timing reifyNode:node_modules/express/node_modules/vary Completed in 1561ms
367 http fetch GET 200 https://registry.npmjs.org/ee-first/-/ee-first-1.1.1.tgz 1452ms (cache miss)
368 timing reifyNode:node_modules/express/node_modules/ee-first Completed in 1589ms
369 timing reifyNode:node_modules/express/node_modules/cookie Completed in 1609ms
370 http fetch GET 200 https://registry.npmjs.org/media-typer/-/media-typer-0.3.0.tgz 1654ms (cache miss)
371 timing reifyNode:node_modules/express/node_modules/media-typer Completed in 1733ms
372 http fetch GET 200 https://registry.npmjs.org/safer-buffer/-/safer-buffer-2.1.2.tgz 1598ms (cache miss)
373 timing reifyNode:node_modules/express/node_modules/safer-buffer Completed in 1759ms
374 http fetch GET 200 https://registry.npmjs.org/forwarded/-/forwarded-0.2.0.tgz 1655ms (cache miss)
375 timing reifyNode:node_modules/express/node_modules/forwarded Completed in 1787ms
376 http fetch GET 200 https://registry.npmjs.org/type-is/-/type-is-1.6.18.tgz 1584ms (cache miss)
377 timing reifyNode:node_modules/express/node_modules/type-is Completed in 1822ms
378 http fetch GET 200 https://registry.npmjs.org/fresh/-/fresh-0.5.2.tgz 1500ms (cache miss)
379 timing reifyNode:node_modules/express/node_modules/fresh Completed in 1826ms
380 http fetch GET 200 https://registry.npmjs.org/send/-/send-0.18.0.tgz 1570ms (cache miss)
381 timing reifyNode:node_modules/express/node_modules/send Completed in 1830ms
382 http fetch GET 200 https://registry.npmjs.org/parseurl/-/parseurl-1.3.3.tgz 1547ms (cache miss)
383 timing reifyNode:node_modules/express/node_modules/parseurl Completed in 1840ms
384 http fetch GET 200 https://registry.npmjs.org/unpipe/-/unpipe-1.0.0.tgz 1688ms (cache miss)
385 timing reifyNode:node_modules/express/node_modules/unpipe Completed in 1855ms
386 http fetch GET 200 https://registry.npmjs.org/methods/-/methods-1.1.2.tgz 1552ms (cache miss)
387 timing reifyNode:node_modules/express/node_modules/methods Completed in 1863ms
388 http fetch GET 200 https://registry.npmjs.org/proxy-addr/-/proxy-addr-2.0.7.tgz 1591ms (cache miss)
389 timing reifyNode:node_modules/express/node_modules/proxy-addr Completed in 1876ms
390 http fetch GET 200 https://registry.npmjs.org/raw-body/-/raw-body-2.5.1.tgz 1714ms (cache miss)
391 timing reifyNode:node_modules/express/node_modules/raw-body Completed in 1894ms
392 http fetch GET 200 https://registry.npmjs.org/ipaddr.js/-/ipaddr.js-1.9.1.tgz 1790ms (cache miss)
393 timing reifyNode:node_modules/express/node_modules/ipaddr.js Completed in 1899ms
394 http fetch GET 200 https://registry.npmjs.org/mime-types/-/mime-types-2.1.35.tgz 1712ms (cache miss)
395 timing reifyNode:node_modules/express/node_modules/mime-types Completed in 1905ms
396 http fetch GET 200 https://registry.npmjs.org/http-errors/-/http-errors-2.0.0.tgz 1591ms (cache miss)
397 timing reifyNode:node_modules/express/node_modules/http-errors Completed in 1912ms
398 http fetch GET 200 https://registry.npmjs.org/on-finished/-/on-finished-2.4.1.tgz 1622ms (cache miss)
399 timing reifyNode:node_modules/express/node_modules/on-finished Completed in 1919ms
400 http fetch GET 200 https://registry.npmjs.org/bytes/-/bytes-3.1.2.tgz 1754ms (cache miss)
401 timing reifyNode:node_modules/express/node_modules/bytes Completed in 1942ms
402 http fetch GET 200 https://registry.npmjs.org/serve-static/-/serve-static-1.15.0.tgz 1697ms (cache miss)
403 timing reifyNode:node_modules/express/node_modules/serve-static Completed in 1946ms
404 http fetch GET 200 https://registry.npmjs.org/finalhandler/-/finalhandler-1.2.0.tgz 1626ms (cache miss)
405 timing reifyNode:node_modules/express/node_modules/finalhandler Completed in 1957ms
406 http fetch GET 200 https://registry.npmjs.org/statuses/-/statuses-2.0.1.tgz 1730ms (cache miss)
407 timing reifyNode:node_modules/express/node_modules/statuses Completed in 1972ms
408 http fetch GET 200 https://registry.npmjs.org/content-disposition/-/content-disposition-0.5.4.tgz 1602ms (cache miss)
409 timing reifyNode:node_modules/express/node_modules/content-disposition Completed in 1985ms
410 http fetch GET 200 https://registry.npmjs.org/etag/-/etag-1.8.1.tgz 1651ms (cache miss)
411 timing reifyNode:node_modules/express/node_modules/etag Completed in 1997ms
412 http fetch GET 200 https://registry.npmjs.org/depd/-/depd-2.0.0.tgz 1645ms (cache miss)
413 timing reifyNode:node_modules/express/node_modules/depd Completed in 2003ms
414 http fetch GET 200 https://registry.npmjs.org/content-type/-/content-type-1.0.4.tgz 1637ms (cache miss)
415 timing reifyNode:node_modules/express/node_modules/content-type Completed in 2016ms
416 http fetch GET 200 https://registry.npmjs.org/setprototypeof/-/setprototypeof-1.2.0.tgz 1780ms (cache miss)
417 timing reifyNode:node_modules/express/node_modules/setprototypeof Completed in 2025ms
418 http fetch GET 200 https://registry.npmjs.org/accepts/-/accepts-1.3.8.tgz 1647ms (cache miss)
419 timing reifyNode:node_modules/express/node_modules/accepts Completed in 2070ms
420 http fetch GET 200 https://registry.npmjs.org/mime-db/-/mime-db-1.52.0.tgz 1996ms (cache miss)
421 timing reifyNode:node_modules/express/node_modules/mime-db Completed in 2139ms
422 http fetch GET 200 https://registry.npmjs.org/function-bind/-/function-bind-1.1.1.tgz 2052ms (cache miss)
423 timing reifyNode:node_modules/express/node_modules/function-bind Completed in 2145ms
424 http fetch GET 200 https://registry.npmjs.org/get-intrinsic/-/get-intrinsic-1.1.2.tgz 2065ms (cache miss)
425 timing reifyNode:node_modules/express/node_modules/get-intrinsic Completed in 2152ms
426 http fetch GET 200 https://registry.npmjs.org/negotiator/-/negotiator-0.6.3.tgz 1967ms (cache miss)
427 timing reifyNode:node_modules/express/node_modules/negotiator Completed in 2164ms
428 http fetch GET 200 https://registry.npmjs.org/side-channel/-/side-channel-1.0.4.tgz 2044ms (cache miss)
429 timing reifyNode:node_modules/express/node_modules/side-channel Completed in 2172ms
430 http fetch GET 200 https://registry.npmjs.org/call-bind/-/call-bind-1.0.2.tgz 2072ms (cache miss)
431 timing reifyNode:node_modules/express/node_modules/call-bind Completed in 2189ms
432 http fetch GET 200 https://registry.npmjs.org/mime/-/mime-1.6.0.tgz 2103ms (cache miss)
433 timing reifyNode:node_modules/express/node_modules/mime Completed in 2215ms
434 http fetch GET 200 https://registry.npmjs.org/body-parser/-/body-parser-1.20.0.tgz 1825ms (cache miss)
435 timing reifyNode:node_modules/express/node_modules/body-parser Completed in 2222ms
436 http fetch GET 200 https://registry.npmjs.org/has-symbols/-/has-symbols-1.0.3.tgz 2165ms (cache miss)
437 timing reifyNode:node_modules/express/node_modules/has-symbols Completed in 2248ms
438 http fetch GET 200 https://registry.npmjs.org/debug/-/debug-2.6.9.tgz 1939ms (cache miss)
439 timing reifyNode:node_modules/express/node_modules/debug Completed in 2301ms
440 http fetch GET 200 https://registry.npmjs.org/express/-/express-4.18.1.tgz 2251ms (cache miss)
441 timing reifyNode:node_modules/express Completed in 2326ms
442 http fetch GET 200 https://registry.npmjs.org/qs/-/qs-6.10.3.tgz 2048ms (cache miss)
443 timing reifyNode:node_modules/express/node_modules/qs Completed in 2337ms
444 http fetch GET 200 https://registry.npmjs.org/iconv-lite/-/iconv-lite-0.4.24.tgz 1990ms (cache miss)
445 timing reifyNode:node_modules/express/node_modules/iconv-lite Completed in 2389ms
446 http fetch GET 200 https://registry.npmjs.org/object-inspect/-/object-inspect-1.12.2.tgz 2307ms (cache miss)
447 timing reifyNode:node_modules/express/node_modules/object-inspect Completed in 2403ms
448 timing reify:unpack Completed in 2404ms
449 timing reify:unretire Completed in 0ms
450 timing build:queue Completed in 9ms
451 timing build:link:node_modules/express/node_modules/mime Completed in 14ms
452 timing build:link Completed in 14ms
453 timing build:deps Completed in 24ms
454 timing build Completed in 25ms
455 timing reify:build Completed in 25ms
456 timing reify:trash Completed in 0ms
457 timing reify Completed in 5110ms
458 silly ADD node_modules/express
459 silly ADD node_modules/express/node_modules/media-typer
460 silly ADD node_modules/express/node_modules/has-symbols
461 silly ADD node_modules/express/node_modules/has
462 silly ADD node_modules/express/node_modules/function-bind
463 silly ADD node_modules/express/node_modules/object-inspect
464 silly ADD node_modules/express/node_modules/get-intrinsic
465 silly ADD node_modules/express/node_modules/call-bind
466 silly ADD node_modules/express/node_modules/mime
467 silly ADD node_modules/express/node_modules/side-channel
468 silly ADD node_modules/express/node_modules/ipaddr.js
469 silly ADD node_modules/express/node_modules/forwarded
470 silly ADD node_modules/express/node_modules/ee-first
471 silly ADD node_modules/express/node_modules/mime-db
472 silly ADD node_modules/express/node_modules/safer-buffer
473 silly ADD node_modules/express/node_modules/toidentifier
474 silly ADD node_modules/express/node_modules/inherits
475 silly ADD node_modules/express/node_modules/ms
476 silly ADD node_modules/express/node_modules/unpipe
477 silly ADD node_modules/express/node_modules/raw-body
478 silly ADD node_modules/express/node_modules/iconv-lite
479 silly ADD node_modules/express/node_modules/destroy
480 silly ADD node_modules/express/node_modules/bytes
481 silly ADD node_modules/express/node_modules/negotiator
482 silly ADD node_modules/express/node_modules/mime-types
483 silly ADD node_modules/express/node_modules/vary
484 silly ADD node_modules/express/node_modules/utils-merge
485 silly ADD node_modules/express/node_modules/type-is
486 silly ADD node_modules/express/node_modules/statuses
487 silly ADD node_modules/express/node_modules/setprototypeof
488 silly ADD node_modules/express/node_modules/serve-static
489 silly ADD node_modules/express/node_modules/send
490 silly ADD node_modules/express/node_modules/send/node_modules/ms
491 silly ADD node_modules/express/node_modules/safe-buffer
492 silly ADD node_modules/express/node_modules/range-parser
493 silly ADD node_modules/express/node_modules/qs
494 silly ADD node_modules/express/node_modules/proxy-addr
495 silly ADD node_modules/express/node_modules/path-to-regexp
496 silly ADD node_modules/express/node_modules/parseurl
497 silly ADD node_modules/express/node_modules/on-finished
498 silly ADD node_modules/express/node_modules/methods
499 silly ADD node_modules/express/node_modules/merge-descriptors
500 silly ADD node_modules/express/node_modules/http-errors
501 silly ADD node_modules/express/node_modules/fresh
502 silly ADD node_modules/express/node_modules/finalhandler
503 silly ADD node_modules/express/node_modules/etag
504 silly ADD node_modules/express/node_modules/escape-html
505 silly ADD node_modules/express/node_modules/encodeurl
506 silly ADD node_modules/express/node_modules/depd
507 silly ADD node_modules/express/node_modules/debug
508 silly ADD node_modules/express/node_modules/cookie-signature
509 silly ADD node_modules/express/node_modules/cookie
510 silly ADD node_modules/express/node_modules/content-type
511 silly ADD node_modules/express/node_modules/content-disposition
512 silly ADD node_modules/express/node_modules/body-parser
513 silly ADD node_modules/express/node_modules/array-flatten
514 silly ADD node_modules/express/node_modules/accepts
515 timing command:install Completed in 5124ms
516 notice
516 notice New [33mminor[39m version of npm available! [31m8.5.5[39m -> [32m8.12.1[39m
516 notice Changelog: [36mhttps://github.com/npm/cli/releases/tag/v8.12.1[39m
516 notice Run [32mnpm install -g npm@8.12.1[39m to update!
516 notice
517 verbose exit 0
518 timing npm Completed in 6159ms
519 info ok
