0 verbose cli [
0 verbose cli   'C:\\Program Files\\nodejs\\node.exe',
0 verbose cli   'C:\\Program Files\\nodejs\\node_modules\\npm\\bin\\npm-cli.js',
0 verbose cli   'install',
0 verbose cli   '-g',
0 verbose cli   'ejs'
0 verbose cli ]
1 info using npm@8.5.5
2 info using node@v16.15.0
3 timing npm:load:whichnode Completed in 1ms
4 timing config:load:defaults Completed in 4ms
5 timing config:load:file:C:\Program Files\nodejs\node_modules\npm\npmrc Completed in 4ms
6 timing config:load:builtin Completed in 4ms
7 timing config:load:cli Completed in 2ms
8 timing config:load:env Completed in 1ms
9 timing config:load:project Completed in 2ms
10 timing config:load:file:C:\Users\sopno\.npmrc Completed in 0ms
11 timing config:load:user Completed in 0ms
12 timing config:load:file:C:\Users\sopno\AppData\Roaming\npm\etc\npmrc Completed in 1ms
13 timing config:load:global Completed in 1ms
14 timing config:load:validate Completed in 1ms
15 timing config:load:credentials Completed in 1ms
16 timing config:load:setEnvs Completed in 2ms
17 timing config:load Completed in 24ms
18 timing npm:load:configload Completed in 24ms
19 timing npm:load:setTitle Completed in 1ms
20 timing config:load:flatten Completed in 7ms
21 timing npm:load:display Completed in 10ms
22 verbose logfile D:\MIU ComPro\WAP-Sridevi\Demo\JavaScriptDemo\ExpressJS\w3d3assignment\.npmrc\_logs\2022-06-08T19_18_40_656Z-debug-0.log
23 timing npm:load:logFile Completed in 22ms
24 timing npm:load:timers Completed in 0ms
25 timing npm:load:configScope Completed in 0ms
26 timing npm:load Completed in 63ms
27 timing arborist:ctor Completed in 1ms
28 timing idealTree:init Completed in 10ms
29 timing idealTree:userRequests Completed in 4ms
30 silly idealTree buildDeps
31 silly fetch manifest ejs@*
32 http fetch GET 200 https://registry.npmjs.org/ejs 270ms (cache miss)
33 silly placeDep ROOT ejs@3.1.8 OK for:  want: *
34 silly fetch manifest jake@^10.8.5
35 http fetch GET 200 https://registry.npmjs.org/jake 72ms (cache miss)
36 timing idealTree:#root Completed in 372ms
37 silly placeDep node_modules/ejs jake@10.8.5 OK for: ejs@3.1.8 want: ^10.8.5
38 silly fetch manifest async@^3.2.3
39 silly fetch manifest chalk@^4.0.2
40 silly fetch manifest filelist@^1.0.1
41 silly fetch manifest minimatch@^3.0.4
42 http fetch GET 200 https://registry.npmjs.org/async 75ms (cache miss)
43 http fetch GET 200 https://registry.npmjs.org/chalk 169ms (cache miss)
44 http fetch GET 200 https://registry.npmjs.org/filelist 174ms (cache miss)
45 http fetch GET 200 https://registry.npmjs.org/minimatch 182ms (cache miss)
46 timing idealTree:node_modules/ejs Completed in 199ms
47 silly placeDep node_modules/ejs async@3.2.4 OK for: jake@10.8.5 want: ^3.2.3
48 silly placeDep node_modules/ejs chalk@4.1.2 OK for: jake@10.8.5 want: ^4.0.2
49 silly placeDep node_modules/ejs filelist@1.0.4 OK for: jake@10.8.5 want: ^1.0.1
50 silly placeDep node_modules/ejs minimatch@3.1.2 OK for: jake@10.8.5 want: ^3.0.4
51 silly fetch manifest ansi-styles@^4.1.0
52 silly fetch manifest supports-color@^7.1.0
53 silly fetch manifest minimatch@^5.0.1
54 silly fetch manifest brace-expansion@^1.1.7
55 http fetch GET 200 https://registry.npmjs.org/brace-expansion 118ms (cache miss)
56 http fetch GET 200 https://registry.npmjs.org/supports-color 133ms (cache miss)
57 http fetch GET 200 https://registry.npmjs.org/ansi-styles 140ms (cache miss)
58 timing idealTree:node_modules/ejs/node_modules/jake Completed in 171ms
59 timing idealTree:node_modules/ejs/node_modules/async Completed in 0ms
60 silly placeDep node_modules/ejs ansi-styles@4.3.0 OK for: chalk@4.1.2 want: ^4.1.0
61 silly placeDep node_modules/ejs supports-color@7.2.0 OK for: chalk@4.1.2 want: ^7.1.0
62 silly fetch manifest color-convert@^2.0.1
63 silly fetch manifest has-flag@^4.0.0
64 http fetch GET 200 https://registry.npmjs.org/has-flag 99ms (cache miss)
65 http fetch GET 200 https://registry.npmjs.org/color-convert 112ms (cache miss)
66 timing idealTree:node_modules/ejs/node_modules/chalk Completed in 130ms
67 silly placeDep node_modules/ejs color-convert@2.0.1 OK for: ansi-styles@4.3.0 want: ^2.0.1
68 silly fetch manifest color-name@~1.1.4
69 http fetch GET 200 https://registry.npmjs.org/color-name 60ms (cache miss)
70 timing idealTree:node_modules/ejs/node_modules/ansi-styles Completed in 70ms
71 silly placeDep node_modules/ejs color-name@1.1.4 OK for: color-convert@2.0.1 want: ~1.1.4
72 timing idealTree:node_modules/ejs/node_modules/color-convert Completed in 5ms
73 timing idealTree:node_modules/ejs/node_modules/color-name Completed in 0ms
74 silly placeDep node_modules/ejs/node_modules/filelist minimatch@5.1.0 OK for: filelist@1.0.4 want: ^5.0.1
75 silly fetch manifest brace-expansion@^2.0.1
76 timing idealTree:node_modules/ejs/node_modules/filelist Completed in 6ms
77 silly placeDep node_modules/ejs brace-expansion@1.1.11 OK for: minimatch@3.1.2 want: ^1.1.7
78 silly fetch manifest balanced-match@^1.0.0
79 silly fetch manifest concat-map@0.0.1
80 http fetch GET 200 https://registry.npmjs.org/balanced-match 73ms (cache miss)
81 http fetch GET 200 https://registry.npmjs.org/concat-map 88ms (cache miss)
82 timing idealTree:node_modules/ejs/node_modules/minimatch Completed in 95ms
83 silly placeDep node_modules/ejs balanced-match@1.0.2 OK for: brace-expansion@1.1.11 want: ^1.0.0
84 silly placeDep node_modules/ejs concat-map@0.0.1 OK for: brace-expansion@1.1.11 want: 0.0.1
85 timing idealTree:node_modules/ejs/node_modules/brace-expansion Completed in 7ms
86 timing idealTree:node_modules/ejs/node_modules/balanced-match Completed in 0ms
87 timing idealTree:node_modules/ejs/node_modules/concat-map Completed in 1ms
88 silly placeDep node_modules/ejs has-flag@4.0.0 OK for: supports-color@7.2.0 want: ^4.0.0
89 timing idealTree:node_modules/ejs/node_modules/supports-color Completed in 2ms
90 timing idealTree:node_modules/ejs/node_modules/has-flag Completed in 0ms
91 silly placeDep node_modules/ejs/node_modules/filelist brace-expansion@2.0.1 OK for: minimatch@5.1.0 want: ^2.0.1
92 timing idealTree:node_modules/ejs/node_modules/filelist/node_modules/minimatch Completed in 7ms
93 timing idealTree:node_modules/ejs/node_modules/filelist/node_modules/brace-expansion Completed in 0ms
94 timing idealTree:buildDeps Completed in 1073ms
95 timing idealTree:fixDepFlags Completed in 3ms
96 timing idealTree Completed in 1092ms
97 timing reify:loadTrees Completed in 1100ms
98 timing reify:diffTrees Completed in 4ms
99 silly reify moves {}
100 timing reify:retireShallow Completed in 1ms
101 timing reify:createSparse Completed in 32ms
102 timing reify:loadBundles Completed in 0ms
103 silly audit bulk request {
103 silly audit   ejs: [ '3.1.8' ],
103 silly audit   jake: [ '10.8.5' ],
103 silly audit   async: [ '3.2.4' ],
103 silly audit   chalk: [ '4.1.2' ],
103 silly audit   filelist: [ '1.0.4' ],
103 silly audit   minimatch: [ '3.1.2', '5.1.0' ],
103 silly audit   'ansi-styles': [ '4.3.0' ],
103 silly audit   'supports-color': [ '7.2.0' ],
103 silly audit   'color-convert': [ '2.0.1' ],
103 silly audit   'color-name': [ '1.1.4' ],
103 silly audit   'brace-expansion': [ '1.1.11', '2.0.1' ],
103 silly audit   'balanced-match': [ '1.0.2' ],
103 silly audit   'concat-map': [ '0.0.1' ],
103 silly audit   'has-flag': [ '4.0.0' ]
103 silly audit }
104 silly tarball no local data for has-flag@https://registry.npmjs.org/has-flag/-/has-flag-4.0.0.tgz. Extracting by manifest.
105 silly tarball no local data for ejs@https://registry.npmjs.org/ejs/-/ejs-3.1.8.tgz. Extracting by manifest.
106 silly tarball no local data for concat-map@https://registry.npmjs.org/concat-map/-/concat-map-0.0.1.tgz. Extracting by manifest.
107 silly tarball no local data for brace-expansion@https://registry.npmjs.org/brace-expansion/-/brace-expansion-1.1.11.tgz. Extracting by manifest.
108 silly tarball no local data for balanced-match@https://registry.npmjs.org/balanced-match/-/balanced-match-1.0.2.tgz. Extracting by manifest.
109 silly tarball no local data for color-convert@https://registry.npmjs.org/color-convert/-/color-convert-2.0.1.tgz. Extracting by manifest.
110 silly tarball no local data for color-name@https://registry.npmjs.org/color-name/-/color-name-1.1.4.tgz. Extracting by manifest.
111 silly tarball no local data for supports-color@https://registry.npmjs.org/supports-color/-/supports-color-7.2.0.tgz. Extracting by manifest.
112 silly tarball no local data for minimatch@https://registry.npmjs.org/minimatch/-/minimatch-3.1.2.tgz. Extracting by manifest.
113 silly tarball no local data for ansi-styles@https://registry.npmjs.org/ansi-styles/-/ansi-styles-4.3.0.tgz. Extracting by manifest.
114 silly tarball no local data for filelist@https://registry.npmjs.org/filelist/-/filelist-1.0.4.tgz. Extracting by manifest.
115 silly tarball no local data for minimatch@https://registry.npmjs.org/minimatch/-/minimatch-5.1.0.tgz. Extracting by manifest.
116 silly tarball no local data for brace-expansion@https://registry.npmjs.org/brace-expansion/-/brace-expansion-2.0.1.tgz. Extracting by manifest.
117 silly tarball no local data for chalk@https://registry.npmjs.org/chalk/-/chalk-4.1.2.tgz. Extracting by manifest.
118 silly tarball no local data for async@https://registry.npmjs.org/async/-/async-3.2.4.tgz. Extracting by manifest.
119 silly tarball no local data for jake@https://registry.npmjs.org/jake/-/jake-10.8.5.tgz. Extracting by manifest.
120 http fetch POST 200 https://registry.npmjs.org/-/npm/v1/security/advisories/bulk 368ms
121 timing auditReport:getReport Completed in 371ms
122 silly audit report {}
123 timing auditReport:init Completed in 0ms
124 timing reify:audit Completed in 373ms
125 http fetch GET 200 https://registry.npmjs.org/filelist/-/filelist-1.0.4.tgz 308ms (cache miss)
126 timing reifyNode:node_modules/ejs/node_modules/filelist Completed in 488ms
127 http fetch GET 200 https://registry.npmjs.org/color-name/-/color-name-1.1.4.tgz 669ms (cache miss)
128 timing reifyNode:node_modules/ejs/node_modules/color-name Completed in 798ms
129 http fetch GET 200 https://registry.npmjs.org/supports-color/-/supports-color-7.2.0.tgz 695ms (cache miss)
130 timing reifyNode:node_modules/ejs/node_modules/supports-color Completed in 848ms
131 http fetch GET 200 https://registry.npmjs.org/has-flag/-/has-flag-4.0.0.tgz 817ms (cache miss)
132 timing reifyNode:node_modules/ejs/node_modules/has-flag Completed in 867ms
133 http fetch GET 200 https://registry.npmjs.org/concat-map/-/concat-map-0.0.1.tgz 812ms (cache miss)
134 http fetch GET 200 https://registry.npmjs.org/brace-expansion/-/brace-expansion-1.1.11.tgz 798ms (cache miss)
135 timing reifyNode:node_modules/ejs/node_modules/brace-expansion Completed in 897ms
136 http fetch GET 200 https://registry.npmjs.org/brace-expansion/-/brace-expansion-2.0.1.tgz 698ms (cache miss)
137 timing reifyNode:node_modules/ejs/node_modules/filelist/node_modules/brace-expansion Completed in 924ms
138 http fetch GET 200 https://registry.npmjs.org/ansi-styles/-/ansi-styles-4.3.0.tgz 768ms (cache miss)
139 timing reifyNode:node_modules/ejs/node_modules/ansi-styles Completed in 936ms
140 http fetch GET 200 https://registry.npmjs.org/balanced-match/-/balanced-match-1.0.2.tgz 839ms (cache miss)
141 timing reifyNode:node_modules/ejs/node_modules/balanced-match Completed in 947ms
142 http fetch GET 200 https://registry.npmjs.org/color-convert/-/color-convert-2.0.1.tgz 840ms (cache miss)
143 timing reifyNode:node_modules/ejs/node_modules/color-convert Completed in 962ms
144 timing reifyNode:node_modules/ejs/node_modules/concat-map Completed in 969ms
145 http fetch GET 200 https://registry.npmjs.org/minimatch/-/minimatch-3.1.2.tgz 822ms (cache miss)
146 timing reifyNode:node_modules/ejs/node_modules/minimatch Completed in 982ms
147 http fetch GET 200 https://registry.npmjs.org/minimatch/-/minimatch-5.1.0.tgz 795ms (cache miss)
148 timing reifyNode:node_modules/ejs/node_modules/filelist/node_modules/minimatch Completed in 1010ms
149 http fetch GET 200 https://registry.npmjs.org/chalk/-/chalk-4.1.2.tgz 798ms (cache miss)
150 timing reifyNode:node_modules/ejs/node_modules/chalk Completed in 1036ms
151 http fetch GET 200 https://registry.npmjs.org/ejs/-/ejs-3.1.8.tgz 1048ms (cache miss)
152 timing reifyNode:node_modules/ejs Completed in 1100ms
153 http fetch GET 200 https://registry.npmjs.org/jake/-/jake-10.8.5.tgz 911ms (cache miss)
154 timing reifyNode:node_modules/ejs/node_modules/jake Completed in 1179ms
155 http fetch GET 200 https://registry.npmjs.org/async/-/async-3.2.4.tgz 1239ms (cache miss)
156 timing reifyNode:node_modules/ejs/node_modules/async Completed in 1496ms
157 timing reify:unpack Completed in 1498ms
158 timing reify:unretire Completed in 0ms
159 timing build:queue Completed in 4ms
160 timing build:link:node_modules/ejs Completed in 16ms
161 timing build:link:node_modules/ejs/node_modules/jake Completed in 15ms
162 timing build:link Completed in 17ms
163 timing build:deps Completed in 22ms
164 timing build Completed in 22ms
165 timing reify:build Completed in 23ms
166 timing reify:trash Completed in 0ms
167 timing reify Completed in 2687ms
168 silly ADD node_modules/ejs
169 silly ADD node_modules/ejs/node_modules/has-flag
170 silly ADD node_modules/ejs/node_modules/concat-map
171 silly ADD node_modules/ejs/node_modules/balanced-match
172 silly ADD node_modules/ejs/node_modules/brace-expansion
173 silly ADD node_modules/ejs/node_modules/color-name
174 silly ADD node_modules/ejs/node_modules/color-convert
175 silly ADD node_modules/ejs/node_modules/supports-color
176 silly ADD node_modules/ejs/node_modules/ansi-styles
177 silly ADD node_modules/ejs/node_modules/minimatch
178 silly ADD node_modules/ejs/node_modules/filelist
179 silly ADD node_modules/ejs/node_modules/filelist/node_modules/brace-expansion
180 silly ADD node_modules/ejs/node_modules/filelist/node_modules/minimatch
181 silly ADD node_modules/ejs/node_modules/chalk
182 silly ADD node_modules/ejs/node_modules/async
183 silly ADD node_modules/ejs/node_modules/jake
184 timing command:install Completed in 2702ms
185 verbose exit 0
186 timing npm Completed in 3758ms
187 info ok
