0 verbose cli [
0 verbose cli   'C:\\Program Files\\nodejs\\node.exe',
0 verbose cli   'C:\\Program Files\\nodejs\\node_modules\\npm\\bin\\npm-cli.js',
0 verbose cli   'install',
0 verbose cli   'nodemon'
0 verbose cli ]
1 info using npm@8.5.5
2 info using node@v16.15.0
3 timing npm:load:whichnode Completed in 1ms
4 timing config:load:defaults Completed in 4ms
5 timing config:load:file:C:\Program Files\nodejs\node_modules\npm\npmrc Completed in 5ms
6 timing config:load:builtin Completed in 5ms
7 timing config:load:cli Completed in 4ms
8 timing config:load:env Completed in 2ms
9 verbose config error loading project config [Error: EISDIR: illegal operation on a directory, read] {
9 verbose config   errno: -4068,
9 verbose config   code: 'EISDIR',
9 verbose config   syscall: 'read'
9 verbose config }
10 timing config:load:file:D:\MIU ComPro\WAP-Sridevi\Demo\JavaScriptDemo\ExpressJS\.npmrc Completed in 2ms
11 timing config:load:project Completed in 7ms
12 timing config:load:file:C:\Users\sopno\.npmrc Completed in 0ms
13 timing config:load:user Completed in 1ms
14 timing config:load:file:C:\Users\sopno\AppData\Roaming\npm\etc\npmrc Completed in 1ms
15 timing config:load:global Completed in 2ms
16 timing config:load:validate Completed in 1ms
17 timing config:load:credentials Completed in 3ms
18 timing config:load:setEnvs Completed in 3ms
19 timing config:load Completed in 33ms
20 timing npm:load:configload Completed in 34ms
21 timing npm:load:setTitle Completed in 1ms
22 timing config:load:flatten Completed in 6ms
23 timing npm:load:display Completed in 11ms
24 verbose logfile D:\MIU ComPro\WAP-Sridevi\Demo\JavaScriptDemo\ExpressJS\.npmrc\_logs\2022-06-07T16_23_27_017Z-debug-0.log
25 timing npm:load:logFile Completed in 22ms
26 timing npm:load:timers Completed in 0ms
27 timing npm:load:configScope Completed in 0ms
28 timing npm:load Completed in 70ms
29 timing arborist:ctor Completed in 1ms
30 silly logfile start cleaning logs, removing 2 files
31 timing idealTree:init Completed in 180ms
32 timing idealTree:userRequests Completed in 3ms
33 silly idealTree buildDeps
34 silly fetch manifest mysql@^2.18.1
35 timing arborist:ctor Completed in 0ms
36 http fetch GET 200 https://registry.npmjs.org/mysql 298ms (cache miss)
37 silly fetch manifest nodemon@*
38 http fetch GET 200 https://registry.npmjs.org/nodemon 128ms (cache miss)
39 silly placeDep ROOT mysql@2.18.1 OK for:  want: ^2.18.1
40 silly placeDep ROOT nodemon@2.0.16 OK for:  want: *
41 silly fetch manifest bignumber.js@9.0.0
42 silly fetch manifest readable-stream@2.3.7
43 silly fetch manifest safe-buffer@5.1.2
44 silly fetch manifest sqlstring@2.3.1
45 silly fetch manifest chokidar@^3.5.2
46 silly fetch manifest debug@^3.2.7
47 silly fetch manifest ignore-by-default@^1.0.1
48 silly fetch manifest minimatch@^3.0.4
49 silly fetch manifest pstree.remy@^1.1.8
50 silly fetch manifest semver@^5.7.1
51 silly fetch manifest supports-color@^5.5.0
52 silly fetch manifest touch@^3.1.0
53 silly fetch manifest undefsafe@^2.0.5
54 silly fetch manifest update-notifier@^5.1.0
55 http fetch GET 200 https://registry.npmjs.org/bignumber.js 125ms (cache miss)
56 http fetch GET 200 https://registry.npmjs.org/debug 351ms (cache revalidated)
57 http fetch GET 200 https://registry.npmjs.org/safe-buffer 372ms (cache revalidated)
58 http fetch GET 200 https://registry.npmjs.org/minimatch 414ms (cache miss)
59 http fetch GET 200 https://registry.npmjs.org/undefsafe 418ms (cache miss)
60 http fetch GET 200 https://registry.npmjs.org/readable-stream 430ms (cache miss)
61 http fetch GET 200 https://registry.npmjs.org/touch 430ms (cache miss)
62 http fetch GET 200 https://registry.npmjs.org/sqlstring 436ms (cache miss)
63 http fetch GET 200 https://registry.npmjs.org/pstree.remy 441ms (cache miss)
64 http fetch GET 200 https://registry.npmjs.org/semver 440ms (cache miss)
65 http fetch GET 200 https://registry.npmjs.org/supports-color 445ms (cache miss)
66 http fetch GET 200 https://registry.npmjs.org/chokidar 455ms (cache miss)
67 http fetch GET 200 https://registry.npmjs.org/ignore-by-default 465ms (cache miss)
68 http fetch GET 200 https://registry.npmjs.org/update-notifier 535ms (cache miss)
69 timing idealTree:#root Completed in 1002ms
70 silly placeDep ROOT bignumber.js@9.0.0 OK for: mysql@2.18.1 want: 9.0.0
71 silly placeDep ROOT readable-stream@2.3.7 OK for: mysql@2.18.1 want: 2.3.7
72 silly placeDep node_modules/mysql safe-buffer@5.1.2 OK for: mysql@2.18.1 want: 5.1.2
73 silly placeDep ROOT sqlstring@2.3.1 OK for: mysql@2.18.1 want: 2.3.1
74 silly fetch manifest core-util-is@~1.0.0
75 silly fetch manifest isarray@~1.0.0
76 silly fetch manifest process-nextick-args@~2.0.0
77 silly fetch manifest safe-buffer@~5.1.1
78 silly fetch manifest string_decoder@~1.1.1
79 silly fetch manifest util-deprecate@~1.0.1
80 http fetch GET 200 https://registry.npmjs.org/core-util-is 101ms (cache miss)
81 http fetch GET 200 https://registry.npmjs.org/util-deprecate 101ms (cache miss)
82 http fetch GET 200 https://registry.npmjs.org/process-nextick-args 141ms (cache miss)
83 http fetch GET 200 https://registry.npmjs.org/isarray 151ms (cache miss)
84 http fetch GET 200 https://registry.npmjs.org/string_decoder 160ms (cache miss)
85 timing idealTree:node_modules/mysql Completed in 176ms
86 timing idealTree:node_modules/bignumber.js Completed in 0ms
87 silly placeDep ROOT chokidar@3.5.3 OK for: nodemon@2.0.16 want: ^3.5.2
88 silly placeDep node_modules/nodemon debug@3.2.7 OK for: nodemon@2.0.16 want: ^3.2.7
89 silly placeDep ROOT ignore-by-default@1.0.1 OK for: nodemon@2.0.16 want: ^1.0.1
90 silly placeDep ROOT minimatch@3.1.2 OK for: nodemon@2.0.16 want: ^3.0.4
91 silly placeDep ROOT pstree.remy@1.1.8 OK for: nodemon@2.0.16 want: ^1.1.8
92 silly placeDep ROOT semver@5.7.1 OK for: nodemon@2.0.16 want: ^5.7.1
93 silly placeDep ROOT supports-color@5.5.0 OK for: nodemon@2.0.16 want: ^5.5.0
94 silly placeDep ROOT touch@3.1.0 OK for: nodemon@2.0.16 want: ^3.1.0
95 silly placeDep ROOT undefsafe@2.0.5 OK for: nodemon@2.0.16 want: ^2.0.5
96 silly placeDep ROOT update-notifier@5.1.0 OK for: nodemon@2.0.16 want: ^5.1.0
97 silly fetch manifest anymatch@~3.1.2
98 silly fetch manifest braces@~3.0.2
99 silly fetch manifest glob-parent@~5.1.2
100 silly fetch manifest is-binary-path@~2.1.0
101 silly fetch manifest is-glob@~4.0.1
102 silly fetch manifest normalize-path@~3.0.0
103 silly fetch manifest readdirp@~3.6.0
104 silly fetch manifest fsevents@~2.3.2
105 silly fetch manifest ms@^2.1.1
106 silly fetch manifest brace-expansion@^1.1.7
107 silly fetch manifest has-flag@^3.0.0
108 silly fetch manifest nopt@~1.0.10
109 silly fetch manifest boxen@^5.0.0
110 silly fetch manifest chalk@^4.1.0
111 silly fetch manifest configstore@^5.0.1
112 silly fetch manifest has-yarn@^2.1.0
113 silly fetch manifest import-lazy@^2.1.0
114 silly fetch manifest is-ci@^2.0.0
115 silly fetch manifest is-installed-globally@^0.4.0
116 silly fetch manifest is-npm@^5.0.0
117 silly fetch manifest is-yarn-global@^0.3.0
118 silly fetch manifest latest-version@^5.1.0
119 silly fetch manifest pupa@^2.1.1
120 silly fetch manifest semver@^7.3.4
121 silly fetch manifest semver-diff@^3.1.1
122 silly fetch manifest xdg-basedir@^4.0.0
123 http fetch GET 200 https://registry.npmjs.org/is-glob 251ms (cache miss)
124 http fetch GET 200 https://registry.npmjs.org/ms 247ms (cache revalidated)
125 http fetch GET 200 https://registry.npmjs.org/anymatch 269ms (cache miss)
126 http fetch GET 200 https://registry.npmjs.org/boxen 242ms (cache miss)
127 http fetch GET 200 https://registry.npmjs.org/has-flag 254ms (cache miss)
128 http fetch GET 200 https://registry.npmjs.org/is-binary-path 271ms (cache miss)
129 http fetch GET 200 https://registry.npmjs.org/import-lazy 248ms (cache miss)
130 http fetch GET 200 https://registry.npmjs.org/brace-expansion 266ms (cache miss)
131 http fetch GET 200 https://registry.npmjs.org/normalize-path 280ms (cache miss)
132 http fetch GET 200 https://registry.npmjs.org/readdirp 278ms (cache miss)
133 http fetch GET 200 https://registry.npmjs.org/chalk 263ms (cache miss)
134 http fetch GET 200 https://registry.npmjs.org/is-ci 275ms (cache miss)
135 http fetch GET 200 https://registry.npmjs.org/braces 316ms (cache miss)
136 http fetch GET 200 https://registry.npmjs.org/is-installed-globally 290ms (cache miss)
137 http fetch GET 200 https://registry.npmjs.org/pupa 292ms (cache miss)
138 http fetch GET 200 https://registry.npmjs.org/xdg-basedir 296ms (cache miss)
139 http fetch GET 200 https://registry.npmjs.org/is-yarn-global 301ms (cache miss)
140 http fetch GET 200 https://registry.npmjs.org/latest-version 304ms (cache miss)
141 http fetch GET 200 https://registry.npmjs.org/semver-diff 304ms (cache miss)
142 http fetch GET 200 https://registry.npmjs.org/nopt 323ms (cache miss)
143 http fetch GET 200 https://registry.npmjs.org/glob-parent 344ms (cache miss)
144 http fetch GET 200 https://registry.npmjs.org/configstore 322ms (cache miss)
145 http fetch GET 200 https://registry.npmjs.org/fsevents 344ms (cache miss)
146 http fetch GET 200 https://registry.npmjs.org/is-npm 323ms (cache miss)
147 http fetch GET 200 https://registry.npmjs.org/has-yarn 328ms (cache miss)
148 timing idealTree:node_modules/nodemon Completed in 396ms
149 silly placeDep ROOT anymatch@3.1.2 OK for: chokidar@3.5.3 want: ~3.1.2
150 silly placeDep ROOT braces@3.0.2 OK for: chokidar@3.5.3 want: ~3.0.2
151 silly placeDep ROOT fsevents@2.3.2 OK for: chokidar@3.5.3 want: ~2.3.2
152 silly placeDep ROOT glob-parent@5.1.2 OK for: chokidar@3.5.3 want: ~5.1.2
153 silly placeDep ROOT is-binary-path@2.1.0 OK for: chokidar@3.5.3 want: ~2.1.0
154 silly placeDep ROOT is-glob@4.0.3 OK for: chokidar@3.5.3 want: ~4.0.1
155 silly placeDep ROOT normalize-path@3.0.0 OK for: chokidar@3.5.3 want: ~3.0.0
156 silly placeDep ROOT readdirp@3.6.0 OK for: chokidar@3.5.3 want: ~3.6.0
157 silly fetch manifest picomatch@^2.0.4
158 silly fetch manifest fill-range@^7.0.1
159 silly fetch manifest binary-extensions@^2.0.0
160 silly fetch manifest is-extglob@^2.1.1
161 silly fetch manifest picomatch@^2.2.1
162 http fetch GET 200 https://registry.npmjs.org/binary-extensions 102ms (cache miss)
163 http fetch GET 200 https://registry.npmjs.org/is-extglob 99ms (cache miss)
164 http fetch GET 200 https://registry.npmjs.org/fill-range 111ms (cache miss)
165 http fetch GET 200 https://registry.npmjs.org/picomatch 115ms (cache miss)
166 timing idealTree:node_modules/chokidar Completed in 133ms
167 silly placeDep ROOT picomatch@2.3.1 OK for: anymatch@3.1.2 want: ^2.0.4
168 timing idealTree:node_modules/anymatch Completed in 3ms
169 silly placeDep ROOT fill-range@7.0.1 OK for: braces@3.0.2 want: ^7.0.1
170 silly fetch manifest to-regex-range@^5.0.1
171 http fetch GET 200 https://registry.npmjs.org/to-regex-range 85ms (cache miss)
172 timing idealTree:node_modules/braces Completed in 93ms
173 silly placeDep ROOT to-regex-range@5.0.1 OK for: fill-range@7.0.1 want: ^5.0.1
174 silly fetch manifest is-number@^7.0.0
175 http fetch GET 200 https://registry.npmjs.org/is-number 71ms (cache miss)
176 timing idealTree:node_modules/fill-range Completed in 84ms
177 timing idealTree:node_modules/fsevents Completed in 0ms
178 timing idealTree:node_modules/glob-parent Completed in 0ms
179 timing idealTree:node_modules/ignore-by-default Completed in 0ms
180 silly placeDep ROOT binary-extensions@2.2.0 OK for: is-binary-path@2.1.0 want: ^2.0.0
181 timing idealTree:node_modules/is-binary-path Completed in 3ms
182 timing idealTree:node_modules/binary-extensions Completed in 0ms
183 silly placeDep ROOT is-extglob@2.1.1 OK for: is-glob@4.0.3 want: ^2.1.1
184 timing idealTree:node_modules/is-glob Completed in 3ms
185 timing idealTree:node_modules/is-extglob Completed in 0ms
186 silly placeDep ROOT brace-expansion@1.1.11 OK for: minimatch@3.1.2 want: ^1.1.7
187 silly fetch manifest balanced-match@^1.0.0
188 silly fetch manifest concat-map@0.0.1
189 http fetch GET 200 https://registry.npmjs.org/balanced-match 91ms (cache miss)
190 http fetch GET 200 https://registry.npmjs.org/concat-map 96ms (cache miss)
191 timing idealTree:node_modules/minimatch Completed in 104ms
192 silly placeDep ROOT balanced-match@1.0.2 OK for: brace-expansion@1.1.11 want: ^1.0.0
193 silly placeDep ROOT concat-map@0.0.1 OK for: brace-expansion@1.1.11 want: 0.0.1
194 timing idealTree:node_modules/brace-expansion Completed in 8ms
195 timing idealTree:node_modules/balanced-match Completed in 0ms
196 timing idealTree:node_modules/concat-map Completed in 0ms
197 timing idealTree:node_modules/normalize-path Completed in 0ms
198 timing idealTree:node_modules/picomatch Completed in 0ms
199 timing idealTree:node_modules/pstree.remy Completed in 0ms
200 silly placeDep ROOT core-util-is@1.0.3 OK for: readable-stream@2.3.7 want: ~1.0.0
201 silly placeDep ROOT isarray@1.0.0 OK for: readable-stream@2.3.7 want: ~1.0.0
202 silly placeDep ROOT process-nextick-args@2.0.1 OK for: readable-stream@2.3.7 want: ~2.0.0
203 silly placeDep node_modules/readable-stream safe-buffer@5.1.2 OK for: readable-stream@2.3.7 want: ~5.1.1
204 silly placeDep ROOT string_decoder@1.1.1 OK for: readable-stream@2.3.7 want: ~1.1.1
205 silly placeDep ROOT util-deprecate@1.0.2 OK for: readable-stream@2.3.7 want: ~1.0.1
206 silly fetch manifest safe-buffer@~5.1.0
207 timing idealTree:node_modules/readable-stream Completed in 23ms
208 timing idealTree:node_modules/core-util-is Completed in 0ms
209 timing idealTree:node_modules/isarray Completed in 0ms
210 timing idealTree:node_modules/process-nextick-args Completed in 0ms
211 timing idealTree:node_modules/readdirp Completed in 0ms
212 timing idealTree:node_modules/semver Completed in 0ms
213 timing idealTree:node_modules/sqlstring Completed in 0ms
214 silly placeDep node_modules/string_decoder safe-buffer@5.1.2 OK for: string_decoder@1.1.1 want: ~5.1.0
215 timing idealTree:node_modules/string_decoder Completed in 2ms
216 silly placeDep ROOT has-flag@3.0.0 OK for: supports-color@5.5.0 want: ^3.0.0
217 timing idealTree:node_modules/supports-color Completed in 1ms
218 timing idealTree:node_modules/has-flag Completed in 0ms
219 silly placeDep ROOT is-number@7.0.0 OK for: to-regex-range@5.0.1 want: ^7.0.0
220 timing idealTree:node_modules/to-regex-range Completed in 2ms
221 timing idealTree:node_modules/is-number Completed in 0ms
222 silly placeDep ROOT nopt@1.0.10 OK for: touch@3.1.0 want: ~1.0.10
223 silly fetch manifest abbrev@1
224 http fetch GET 200 https://registry.npmjs.org/abbrev 132ms (cache miss)
225 timing idealTree:node_modules/touch Completed in 135ms
226 silly placeDep ROOT abbrev@1.1.1 OK for: nopt@1.0.10 want: 1
227 timing idealTree:node_modules/nopt Completed in 4ms
228 timing idealTree:node_modules/abbrev Completed in 0ms
229 timing idealTree:node_modules/undefsafe Completed in 0ms
230 silly placeDep ROOT boxen@5.1.2 OK for: update-notifier@5.1.0 want: ^5.0.0
231 silly placeDep ROOT chalk@4.1.2 OK for: update-notifier@5.1.0 want: ^4.1.0
232 silly placeDep ROOT configstore@5.0.1 OK for: update-notifier@5.1.0 want: ^5.0.1
233 silly placeDep ROOT has-yarn@2.1.0 OK for: update-notifier@5.1.0 want: ^2.1.0
234 silly placeDep ROOT import-lazy@2.1.0 OK for: update-notifier@5.1.0 want: ^2.1.0
235 silly placeDep ROOT is-ci@2.0.0 OK for: update-notifier@5.1.0 want: ^2.0.0
236 silly placeDep ROOT is-installed-globally@0.4.0 OK for: update-notifier@5.1.0 want: ^0.4.0
237 silly placeDep ROOT is-npm@5.0.0 OK for: update-notifier@5.1.0 want: ^5.0.0
238 silly placeDep ROOT is-yarn-global@0.3.0 OK for: update-notifier@5.1.0 want: ^0.3.0
239 silly placeDep ROOT latest-version@5.1.0 OK for: update-notifier@5.1.0 want: ^5.1.0
240 silly placeDep ROOT pupa@2.1.1 OK for: update-notifier@5.1.0 want: ^2.1.1
241 silly placeDep node_modules/update-notifier semver@7.3.7 OK for: update-notifier@5.1.0 want: ^7.3.4
242 silly placeDep ROOT semver-diff@3.1.1 OK for: update-notifier@5.1.0 want: ^3.1.1
243 silly placeDep ROOT xdg-basedir@4.0.0 OK for: update-notifier@5.1.0 want: ^4.0.0
244 silly fetch manifest ansi-align@^3.0.0
245 silly fetch manifest camelcase@^6.2.0
246 silly fetch manifest cli-boxes@^2.2.1
247 silly fetch manifest string-width@^4.2.2
248 silly fetch manifest type-fest@^0.20.2
249 silly fetch manifest widest-line@^3.1.0
250 silly fetch manifest wrap-ansi@^7.0.0
251 silly fetch manifest ansi-styles@^4.1.0
252 silly fetch manifest supports-color@^7.1.0
253 silly fetch manifest dot-prop@^5.2.0
254 silly fetch manifest graceful-fs@^4.1.2
255 silly fetch manifest make-dir@^3.0.0
256 silly fetch manifest unique-string@^2.0.0
257 silly fetch manifest write-file-atomic@^3.0.0
258 silly fetch manifest ci-info@^2.0.0
259 silly fetch manifest global-dirs@^3.0.0
260 silly fetch manifest is-path-inside@^3.0.2
261 silly fetch manifest package-json@^6.3.0
262 silly fetch manifest escape-goat@^2.0.0
263 silly fetch manifest lru-cache@^6.0.0
264 silly fetch manifest semver@^6.3.0
265 http fetch GET 200 https://registry.npmjs.org/graceful-fs 179ms (cache miss)
266 http fetch GET 200 https://registry.npmjs.org/unique-string 181ms (cache miss)
267 http fetch GET 200 https://registry.npmjs.org/string-width 192ms (cache miss)
268 http fetch GET 200 https://registry.npmjs.org/widest-line 194ms (cache miss)
269 http fetch GET 200 https://registry.npmjs.org/ansi-styles 194ms (cache miss)
270 http fetch GET 200 https://registry.npmjs.org/cli-boxes 202ms (cache miss)
271 http fetch GET 200 https://registry.npmjs.org/ansi-align 208ms (cache miss)
272 http fetch GET 200 https://registry.npmjs.org/global-dirs 191ms (cache miss)
273 http fetch GET 200 https://registry.npmjs.org/make-dir 196ms (cache miss)
274 http fetch GET 200 https://registry.npmjs.org/wrap-ansi 203ms (cache miss)
275 http fetch GET 200 https://registry.npmjs.org/ci-info 197ms (cache miss)
276 http fetch GET 200 https://registry.npmjs.org/camelcase 213ms (cache miss)
277 http fetch GET 200 https://registry.npmjs.org/dot-prop 205ms (cache miss)
278 http fetch GET 200 https://registry.npmjs.org/package-json 204ms (cache miss)
279 http fetch GET 200 https://registry.npmjs.org/type-fest 221ms (cache miss)
280 http fetch GET 200 https://registry.npmjs.org/is-path-inside 217ms (cache miss)
281 http fetch GET 200 https://registry.npmjs.org/write-file-atomic 223ms (cache miss)
282 http fetch GET 200 https://registry.npmjs.org/lru-cache 228ms (cache miss)
283 http fetch GET 200 https://registry.npmjs.org/escape-goat 236ms (cache miss)
284 timing idealTree:node_modules/update-notifier Completed in 289ms
285 silly placeDep ROOT ansi-align@3.0.1 OK for: boxen@5.1.2 want: ^3.0.0
286 silly placeDep ROOT camelcase@6.3.0 OK for: boxen@5.1.2 want: ^6.2.0
287 silly placeDep ROOT cli-boxes@2.2.1 OK for: boxen@5.1.2 want: ^2.2.1
288 silly placeDep ROOT string-width@4.2.3 OK for: boxen@5.1.2 want: ^4.2.2
289 silly placeDep ROOT type-fest@0.20.2 OK for: boxen@5.1.2 want: ^0.20.2
290 silly placeDep ROOT widest-line@3.1.0 OK for: boxen@5.1.2 want: ^3.1.0
291 silly placeDep ROOT wrap-ansi@7.0.0 OK for: boxen@5.1.2 want: ^7.0.0
292 silly fetch manifest emoji-regex@^8.0.0
293 silly fetch manifest is-fullwidth-code-point@^3.0.0
294 silly fetch manifest strip-ansi@^6.0.1
295 silly fetch manifest ansi-styles@^4.0.0
296 silly fetch manifest strip-ansi@^6.0.0
297 http fetch GET 200 https://registry.npmjs.org/strip-ansi 79ms (cache miss)
298 http fetch GET 200 https://registry.npmjs.org/emoji-regex 84ms (cache miss)
299 http fetch GET 200 https://registry.npmjs.org/is-fullwidth-code-point 99ms (cache miss)
300 timing idealTree:node_modules/boxen Completed in 119ms
301 timing idealTree:node_modules/ansi-align Completed in 0ms
302 timing idealTree:node_modules/camelcase Completed in 0ms
303 silly placeDep ROOT ansi-styles@4.3.0 OK for: chalk@4.1.2 want: ^4.1.0
304 silly placeDep node_modules/chalk supports-color@7.2.0 OK for: chalk@4.1.2 want: ^7.1.0
305 silly fetch manifest color-convert@^2.0.1
306 silly fetch manifest has-flag@^4.0.0
307 http fetch GET 200 https://registry.npmjs.org/color-convert 58ms (cache miss)
308 timing idealTree:node_modules/chalk Completed in 67ms
309 silly placeDep ROOT color-convert@2.0.1 OK for: ansi-styles@4.3.0 want: ^2.0.1
310 silly fetch manifest color-name@~1.1.4
311 http fetch GET 200 https://registry.npmjs.org/color-name 80ms (cache miss)
312 timing idealTree:node_modules/ansi-styles Completed in 86ms
313 timing idealTree:node_modules/cli-boxes Completed in 0ms
314 silly placeDep ROOT color-name@1.1.4 OK for: color-convert@2.0.1 want: ~1.1.4
315 timing idealTree:node_modules/color-convert Completed in 6ms
316 timing idealTree:node_modules/color-name Completed in 0ms
317 silly placeDep ROOT dot-prop@5.3.0 OK for: configstore@5.0.1 want: ^5.2.0
318 silly placeDep ROOT graceful-fs@4.2.10 OK for: configstore@5.0.1 want: ^4.1.2
319 silly placeDep ROOT make-dir@3.1.0 OK for: configstore@5.0.1 want: ^3.0.0
320 silly placeDep ROOT unique-string@2.0.0 OK for: configstore@5.0.1 want: ^2.0.0
321 silly placeDep ROOT write-file-atomic@3.0.3 OK for: configstore@5.0.1 want: ^3.0.0
322 silly fetch manifest is-obj@^2.0.0
323 silly fetch manifest semver@^6.0.0
324 silly fetch manifest crypto-random-string@^2.0.0
325 silly fetch manifest imurmurhash@^0.1.4
326 silly fetch manifest is-typedarray@^1.0.0
327 silly fetch manifest signal-exit@^3.0.2
328 silly fetch manifest typedarray-to-buffer@^3.1.5
329 http fetch GET 200 https://registry.npmjs.org/is-obj 87ms (cache miss)
330 http fetch GET 200 https://registry.npmjs.org/signal-exit 85ms (cache miss)
331 http fetch GET 200 https://registry.npmjs.org/imurmurhash 96ms (cache miss)
332 http fetch GET 200 https://registry.npmjs.org/typedarray-to-buffer 97ms (cache miss)
333 http fetch GET 200 https://registry.npmjs.org/crypto-random-string 106ms (cache miss)
334 http fetch GET 200 https://registry.npmjs.org/is-typedarray 119ms (cache miss)
335 timing idealTree:node_modules/configstore Completed in 140ms
336 silly placeDep ROOT is-obj@2.0.0 OK for: dot-prop@5.3.0 want: ^2.0.0
337 timing idealTree:node_modules/dot-prop Completed in 2ms
338 timing idealTree:node_modules/graceful-fs Completed in 0ms
339 timing idealTree:node_modules/has-yarn Completed in 0ms
340 timing idealTree:node_modules/import-lazy Completed in 0ms
341 silly placeDep ROOT ci-info@2.0.0 OK for: is-ci@2.0.0 want: ^2.0.0
342 timing idealTree:node_modules/is-ci Completed in 2ms
343 timing idealTree:node_modules/ci-info Completed in 0ms
344 silly placeDep ROOT global-dirs@3.0.0 OK for: is-installed-globally@0.4.0 want: ^3.0.0
345 silly placeDep ROOT is-path-inside@3.0.3 OK for: is-installed-globally@0.4.0 want: ^3.0.2
346 silly fetch manifest ini@2.0.0
347 http fetch GET 200 https://registry.npmjs.org/ini 72ms (cache miss)
348 timing idealTree:node_modules/is-installed-globally Completed in 78ms
349 silly placeDep ROOT ini@2.0.0 OK for: global-dirs@3.0.0 want: 2.0.0
350 timing idealTree:node_modules/global-dirs Completed in 5ms
351 timing idealTree:node_modules/ini Completed in 0ms
352 timing idealTree:node_modules/is-npm Completed in 0ms
353 timing idealTree:node_modules/is-obj Completed in 0ms
354 timing idealTree:node_modules/is-path-inside Completed in 0ms
355 timing idealTree:node_modules/is-yarn-global Completed in 0ms
356 silly placeDep ROOT package-json@6.5.0 OK for: latest-version@5.1.0 want: ^6.3.0
357 silly fetch manifest got@^9.6.0
358 silly fetch manifest registry-auth-token@^4.0.0
359 silly fetch manifest registry-url@^5.0.0
360 silly fetch manifest semver@^6.2.0
361 http fetch GET 200 https://registry.npmjs.org/registry-url 85ms (cache miss)
362 http fetch GET 200 https://registry.npmjs.org/registry-auth-token 93ms (cache miss)
363 http fetch GET 200 https://registry.npmjs.org/got 113ms (cache miss)
364 timing idealTree:node_modules/latest-version Completed in 131ms
365 silly placeDep node_modules/make-dir semver@6.3.0 OK for: make-dir@3.1.0 want: ^6.0.0
366 timing idealTree:node_modules/make-dir Completed in 2ms
367 silly placeDep ROOT got@9.6.0 OK for: package-json@6.5.0 want: ^9.6.0
368 silly placeDep ROOT registry-auth-token@4.2.1 OK for: package-json@6.5.0 want: ^4.0.0
369 silly placeDep ROOT registry-url@5.1.0 OK for: package-json@6.5.0 want: ^5.0.0
370 silly placeDep node_modules/package-json semver@6.3.0 OK for: package-json@6.5.0 want: ^6.2.0
371 silly fetch manifest @sindresorhus/is@^0.14.0
372 silly fetch manifest @szmarczak/http-timer@^1.1.2
373 silly fetch manifest cacheable-request@^6.0.0
374 silly fetch manifest decompress-response@^3.3.0
375 silly fetch manifest duplexer3@^0.1.4
376 silly fetch manifest get-stream@^4.1.0
377 silly fetch manifest lowercase-keys@^1.0.1
378 silly fetch manifest mimic-response@^1.0.1
379 silly fetch manifest p-cancelable@^1.0.0
380 silly fetch manifest to-readable-stream@^1.0.0
381 silly fetch manifest url-parse-lax@^3.0.0
382 silly fetch manifest rc@^1.2.8
383 http fetch GET 200 https://registry.npmjs.org/mimic-response 105ms (cache miss)
384 http fetch GET 200 https://registry.npmjs.org/get-stream 113ms (cache miss)
385 http fetch GET 200 https://registry.npmjs.org/url-parse-lax 114ms (cache miss)
386 http fetch GET 200 https://registry.npmjs.org/duplexer3 128ms (cache miss)
387 http fetch GET 200 https://registry.npmjs.org/rc 126ms (cache miss)
388 http fetch GET 200 https://registry.npmjs.org/p-cancelable 140ms (cache miss)
389 http fetch GET 200 https://registry.npmjs.org/cacheable-request 154ms (cache miss)
390 http fetch GET 200 https://registry.npmjs.org/lowercase-keys 147ms (cache miss)
391 http fetch GET 200 https://registry.npmjs.org/@sindresorhus%2fis 161ms (cache miss)
392 http fetch GET 200 https://registry.npmjs.org/@szmarczak%2fhttp-timer 162ms (cache miss)
393 http fetch GET 200 https://registry.npmjs.org/to-readable-stream 155ms (cache miss)
394 http fetch GET 200 https://registry.npmjs.org/decompress-response 363ms (cache miss)
395 timing idealTree:node_modules/package-json Completed in 377ms
396 silly placeDep ROOT @sindresorhus/is@0.14.0 OK for: got@9.6.0 want: ^0.14.0
397 silly placeDep ROOT @szmarczak/http-timer@1.1.2 OK for: got@9.6.0 want: ^1.1.2
398 silly placeDep ROOT cacheable-request@6.1.0 OK for: got@9.6.0 want: ^6.0.0
399 silly placeDep ROOT decompress-response@3.3.0 OK for: got@9.6.0 want: ^3.3.0
400 silly placeDep ROOT duplexer3@0.1.4 OK for: got@9.6.0 want: ^0.1.4
401 silly placeDep ROOT get-stream@4.1.0 OK for: got@9.6.0 want: ^4.1.0
402 silly placeDep ROOT lowercase-keys@1.0.1 OK for: got@9.6.0 want: ^1.0.1
403 silly placeDep ROOT mimic-response@1.0.1 OK for: got@9.6.0 want: ^1.0.1
404 silly placeDep ROOT p-cancelable@1.1.0 OK for: got@9.6.0 want: ^1.0.0
405 silly placeDep ROOT to-readable-stream@1.0.0 OK for: got@9.6.0 want: ^1.0.0
406 silly placeDep ROOT url-parse-lax@3.0.0 OK for: got@9.6.0 want: ^3.0.0
407 silly fetch manifest defer-to-connect@^1.0.1
408 silly fetch manifest clone-response@^1.0.2
409 silly fetch manifest get-stream@^5.1.0
410 silly fetch manifest http-cache-semantics@^4.0.0
411 silly fetch manifest keyv@^3.0.0
412 silly fetch manifest lowercase-keys@^2.0.0
413 silly fetch manifest normalize-url@^4.1.0
414 silly fetch manifest responselike@^1.0.2
415 silly fetch manifest pump@^3.0.0
416 silly fetch manifest prepend-http@^2.0.0
417 http fetch GET 200 https://registry.npmjs.org/keyv 149ms (cache miss)
418 http fetch GET 200 https://registry.npmjs.org/defer-to-connect 158ms (cache miss)
419 http fetch GET 200 https://registry.npmjs.org/http-cache-semantics 166ms (cache miss)
420 http fetch GET 200 https://registry.npmjs.org/prepend-http 157ms (cache miss)
421 http fetch GET 200 https://registry.npmjs.org/responselike 165ms (cache miss)
422 http fetch GET 200 https://registry.npmjs.org/clone-response 178ms (cache miss)
423 http fetch GET 200 https://registry.npmjs.org/pump 171ms (cache miss)
424 http fetch GET 200 https://registry.npmjs.org/normalize-url 179ms (cache miss)
425 timing idealTree:node_modules/got Completed in 239ms
426 timing idealTree:node_modules/@sindresorhus/is Completed in 0ms
427 silly placeDep ROOT defer-to-connect@1.1.3 OK for: @szmarczak/http-timer@1.1.2 want: ^1.0.1
428 timing idealTree:node_modules/@szmarczak/http-timer Completed in 1ms
429 silly placeDep ROOT clone-response@1.0.2 OK for: cacheable-request@6.1.0 want: ^1.0.2
430 silly placeDep node_modules/cacheable-request get-stream@5.2.0 OK for: cacheable-request@6.1.0 want: ^5.1.0
431 silly placeDep ROOT http-cache-semantics@4.1.0 OK for: cacheable-request@6.1.0 want: ^4.0.0
432 silly placeDep ROOT keyv@3.1.0 OK for: cacheable-request@6.1.0 want: ^3.0.0
433 silly placeDep node_modules/cacheable-request lowercase-keys@2.0.0 OK for: cacheable-request@6.1.0 want: ^2.0.0
434 silly placeDep ROOT normalize-url@4.5.1 OK for: cacheable-request@6.1.0 want: ^4.1.0
435 silly placeDep ROOT responselike@1.0.2 OK for: cacheable-request@6.1.0 want: ^1.0.2
436 silly fetch manifest json-buffer@3.0.0
437 http fetch GET 200 https://registry.npmjs.org/json-buffer 66ms (cache miss)
438 timing idealTree:node_modules/cacheable-request Completed in 81ms
439 timing idealTree:node_modules/clone-response Completed in 0ms
440 timing idealTree:node_modules/decompress-response Completed in 0ms
441 timing idealTree:node_modules/defer-to-connect Completed in 0ms
442 timing idealTree:node_modules/duplexer3 Completed in 0ms
443 silly placeDep ROOT pump@3.0.0 OK for: get-stream@4.1.0 want: ^3.0.0
444 silly fetch manifest end-of-stream@^1.1.0
445 silly fetch manifest once@^1.3.1
446 http fetch GET 200 https://registry.npmjs.org/once 54ms (cache miss)
447 http fetch GET 200 https://registry.npmjs.org/end-of-stream 64ms (cache miss)
448 timing idealTree:node_modules/get-stream Completed in 69ms
449 timing idealTree:node_modules/http-cache-semantics Completed in 0ms
450 silly placeDep ROOT json-buffer@3.0.0 OK for: keyv@3.1.0 want: 3.0.0
451 timing idealTree:node_modules/keyv Completed in 2ms
452 timing idealTree:node_modules/json-buffer Completed in 0ms
453 timing idealTree:node_modules/lowercase-keys Completed in 1ms
454 timing idealTree:node_modules/mimic-response Completed in 0ms
455 timing idealTree:node_modules/normalize-url Completed in 0ms
456 timing idealTree:node_modules/p-cancelable Completed in 0ms
457 silly placeDep ROOT end-of-stream@1.4.4 OK for: pump@3.0.0 want: ^1.1.0
458 silly placeDep ROOT once@1.4.0 OK for: pump@3.0.0 want: ^1.3.1
459 silly fetch manifest wrappy@1
460 http fetch GET 200 https://registry.npmjs.org/wrappy 83ms (cache miss)
461 timing idealTree:node_modules/pump Completed in 92ms
462 timing idealTree:node_modules/end-of-stream Completed in 0ms
463 silly placeDep ROOT wrappy@1.0.2 OK for: once@1.4.0 want: 1
464 timing idealTree:node_modules/once Completed in 2ms
465 silly placeDep ROOT escape-goat@2.1.1 OK for: pupa@2.1.1 want: ^2.0.0
466 timing idealTree:node_modules/pupa Completed in 2ms
467 timing idealTree:node_modules/escape-goat Completed in 0ms
468 silly placeDep ROOT rc@1.2.8 OK for: registry-auth-token@4.2.1 want: ^1.2.8
469 silly fetch manifest deep-extend@^0.6.0
470 silly fetch manifest ini@~1.3.0
471 silly fetch manifest minimist@^1.2.0
472 silly fetch manifest strip-json-comments@~2.0.1
473 http fetch GET 200 https://registry.npmjs.org/minimist 96ms (cache miss)
474 http fetch GET 200 https://registry.npmjs.org/strip-json-comments 96ms (cache miss)
475 http fetch GET 200 https://registry.npmjs.org/deep-extend 105ms (cache miss)
476 timing idealTree:node_modules/registry-auth-token Completed in 111ms
477 silly placeDep ROOT deep-extend@0.6.0 OK for: rc@1.2.8 want: ^0.6.0
478 silly placeDep node_modules/rc ini@1.3.8 OK for: rc@1.2.8 want: ~1.3.0
479 silly placeDep ROOT minimist@1.2.6 OK for: rc@1.2.8 want: ^1.2.0
480 silly placeDep ROOT strip-json-comments@2.0.1 OK for: rc@1.2.8 want: ~2.0.1
481 timing idealTree:node_modules/rc Completed in 8ms
482 timing idealTree:node_modules/deep-extend Completed in 0ms
483 timing idealTree:node_modules/minimist Completed in 0ms
484 timing idealTree:node_modules/registry-url Completed in 1ms
485 timing idealTree:node_modules/responselike Completed in 1ms
486 silly placeDep node_modules/semver-diff semver@6.3.0 OK for: semver-diff@3.1.1 want: ^6.3.0
487 timing idealTree:node_modules/semver-diff Completed in 2ms
488 silly placeDep ROOT emoji-regex@8.0.0 OK for: string-width@4.2.3 want: ^8.0.0
489 silly placeDep ROOT is-fullwidth-code-point@3.0.0 OK for: string-width@4.2.3 want: ^3.0.0
490 silly placeDep ROOT strip-ansi@6.0.1 OK for: string-width@4.2.3 want: ^6.0.1
491 silly fetch manifest ansi-regex@^5.0.1
492 http fetch GET 200 https://registry.npmjs.org/ansi-regex 116ms (cache miss)
493 timing idealTree:node_modules/string-width Completed in 125ms
494 timing idealTree:node_modules/emoji-regex Completed in 0ms
495 timing idealTree:node_modules/is-fullwidth-code-point Completed in 0ms
496 silly placeDep ROOT ansi-regex@5.0.1 OK for: strip-ansi@6.0.1 want: ^5.0.1
497 timing idealTree:node_modules/strip-ansi Completed in 6ms
498 timing idealTree:node_modules/ansi-regex Completed in 1ms
499 timing idealTree:node_modules/strip-json-comments Completed in 0ms
500 timing idealTree:node_modules/to-readable-stream Completed in 0ms
501 timing idealTree:node_modules/type-fest Completed in 1ms
502 silly placeDep ROOT crypto-random-string@2.0.0 OK for: unique-string@2.0.0 want: ^2.0.0
503 timing idealTree:node_modules/unique-string Completed in 2ms
504 timing idealTree:node_modules/crypto-random-string Completed in 0ms
505 silly placeDep ROOT prepend-http@2.0.0 OK for: url-parse-lax@3.0.0 want: ^2.0.0
506 timing idealTree:node_modules/url-parse-lax Completed in 1ms
507 timing idealTree:node_modules/prepend-http Completed in 0ms
508 timing idealTree:node_modules/util-deprecate Completed in 0ms
509 timing idealTree:node_modules/widest-line Completed in 0ms
510 timing idealTree:node_modules/wrap-ansi Completed in 0ms
511 timing idealTree:node_modules/wrappy Completed in 0ms
512 silly placeDep ROOT imurmurhash@0.1.4 OK for: write-file-atomic@3.0.3 want: ^0.1.4
513 silly placeDep ROOT is-typedarray@1.0.0 OK for: write-file-atomic@3.0.3 want: ^1.0.0
514 silly placeDep ROOT signal-exit@3.0.7 OK for: write-file-atomic@3.0.3 want: ^3.0.2
515 silly placeDep ROOT typedarray-to-buffer@3.1.5 OK for: write-file-atomic@3.0.3 want: ^3.1.5
516 timing idealTree:node_modules/write-file-atomic Completed in 13ms
517 timing idealTree:node_modules/imurmurhash Completed in 0ms
518 timing idealTree:node_modules/is-typedarray Completed in 0ms
519 timing idealTree:node_modules/signal-exit Completed in 0ms
520 timing idealTree:node_modules/typedarray-to-buffer Completed in 0ms
521 timing idealTree:node_modules/xdg-basedir Completed in 0ms
522 timing idealTree:node_modules/cacheable-request/node_modules/get-stream Completed in 0ms
523 timing idealTree:node_modules/cacheable-request/node_modules/lowercase-keys Completed in 0ms
524 silly placeDep node_modules/chalk has-flag@4.0.0 OK for: supports-color@7.2.0 want: ^4.0.0
525 timing idealTree:node_modules/chalk/node_modules/supports-color Completed in 3ms
526 timing idealTree:node_modules/chalk/node_modules/has-flag Completed in 0ms
527 timing idealTree:node_modules/make-dir/node_modules/semver Completed in 1ms
528 timing idealTree:node_modules/mysql/node_modules/safe-buffer Completed in 0ms
529 silly placeDep node_modules/nodemon ms@2.1.3 OK for: debug@3.2.7 want: ^2.1.1
530 timing idealTree:node_modules/nodemon/node_modules/debug Completed in 4ms
531 timing idealTree:node_modules/nodemon/node_modules/ms Completed in 0ms
532 timing idealTree:node_modules/package-json/node_modules/semver Completed in 0ms
533 timing idealTree:node_modules/rc/node_modules/ini Completed in 0ms
534 timing idealTree:node_modules/readable-stream/node_modules/safe-buffer Completed in 0ms
535 timing idealTree:node_modules/semver-diff/node_modules/semver Completed in 0ms
536 timing idealTree:node_modules/string_decoder/node_modules/safe-buffer Completed in 0ms
537 silly placeDep ROOT lru-cache@6.0.0 OK for: semver@7.3.7 want: ^6.0.0
538 silly fetch manifest yallist@^4.0.0
539 http fetch GET 200 https://registry.npmjs.org/yallist 102ms (cache miss)
540 timing idealTree:node_modules/update-notifier/node_modules/semver Completed in 106ms
541 silly placeDep ROOT yallist@4.0.0 OK for: lru-cache@6.0.0 want: ^4.0.0
542 timing idealTree:node_modules/lru-cache Completed in 2ms
543 timing idealTree:node_modules/yallist Completed in 0ms
544 timing idealTree:buildDeps Completed in 4392ms
545 timing idealTree:fixDepFlags Completed in 9ms
546 timing idealTree Completed in 4590ms
547 timing reify:loadTrees Completed in 4593ms
548 timing reify:diffTrees Completed in 10ms
549 silly reify moves {}
550 timing reify:retireShallow Completed in 1ms
551 timing reify:createSparse Completed in 102ms
552 timing reify:loadBundles Completed in 0ms
553 silly audit bulk request {
553 silly audit   accepts: [ '1.3.8' ],
553 silly audit   'array-flatten': [ '1.1.1' ],
553 silly audit   'body-parser': [ '1.20.0' ],
553 silly audit   bytes: [ '3.1.2' ],
553 silly audit   'call-bind': [ '1.0.2' ],
553 silly audit   'content-disposition': [ '0.5.4' ],
553 silly audit   'content-type': [ '1.0.4' ],
553 silly audit   cookie: [ '0.5.0' ],
553 silly audit   'cookie-signature': [ '1.0.6' ],
553 silly audit   debug: [ '2.6.9', '3.2.7' ],
553 silly audit   depd: [ '2.0.0' ],
553 silly audit   destroy: [ '1.2.0' ],
553 silly audit   'ee-first': [ '1.1.1' ],
553 silly audit   encodeurl: [ '1.0.2' ],
553 silly audit   'escape-html': [ '1.0.3' ],
553 silly audit   etag: [ '1.8.1' ],
553 silly audit   express: [ '4.18.1' ],
553 silly audit   finalhandler: [ '1.2.0' ],
553 silly audit   forwarded: [ '0.2.0' ],
553 silly audit   fresh: [ '0.5.2' ],
553 silly audit   'function-bind': [ '1.1.1' ],
553 silly audit   'get-intrinsic': [ '1.1.1' ],
553 silly audit   has: [ '1.0.3' ],
553 silly audit   'has-symbols': [ '1.0.3' ],
553 silly audit   'http-errors': [ '2.0.0' ],
553 silly audit   'iconv-lite': [ '0.4.24' ],
553 silly audit   inherits: [ '2.0.4' ],
553 silly audit   'ipaddr.js': [ '1.9.1' ],
553 silly audit   'media-typer': [ '0.3.0' ],
553 silly audit   'merge-descriptors': [ '1.0.1' ],
553 silly audit   methods: [ '1.1.2' ],
553 silly audit   mime: [ '1.6.0' ],
553 silly audit   'mime-db': [ '1.52.0' ],
553 silly audit   'mime-types': [ '2.1.35' ],
553 silly audit   ms: [ '2.0.0', '2.1.3' ],
553 silly audit   negotiator: [ '0.6.3' ],
553 silly audit   'object-inspect': [ '1.12.2' ],
553 silly audit   'on-finished': [ '2.4.1' ],
553 silly audit   parseurl: [ '1.3.3' ],
553 silly audit   'path-to-regexp': [ '0.1.7' ],
553 silly audit   'proxy-addr': [ '2.0.7' ],
553 silly audit   qs: [ '6.10.3' ],
553 silly audit   'range-parser': [ '1.2.1' ],
553 silly audit   'raw-body': [ '2.5.1' ],
553 silly audit   'safe-buffer': [ '5.2.1', '5.1.2' ],
553 silly audit   'safer-buffer': [ '2.1.2' ],
553 silly audit   send: [ '0.18.0' ],
553 silly audit   'serve-static': [ '1.15.0' ],
553 silly audit   setprototypeof: [ '1.2.0' ],
553 silly audit   'side-channel': [ '1.0.4' ],
553 silly audit   statuses: [ '2.0.1' ],
553 silly audit   toidentifier: [ '1.0.1' ],
553 silly audit   'type-is': [ '1.6.18' ],
553 silly audit   unpipe: [ '1.0.0' ],
553 silly audit   'utils-merge': [ '1.0.1' ],
553 silly audit   vary: [ '1.1.2' ],
553 silly audit   mysql: [ '2.18.1' ],
553 silly audit   nodemon: [ '2.0.16' ],
553 silly audit   'bignumber.js': [ '9.0.0' ],
553 silly audit   'readable-stream': [ '2.3.7' ],
553 silly audit   sqlstring: [ '2.3.1' ],
553 silly audit   chokidar: [ '3.5.3' ],
553 silly audit   'ignore-by-default': [ '1.0.1' ],
553 silly audit   minimatch: [ '3.1.2' ],
553 silly audit   'pstree.remy': [ '1.1.8' ],
553 silly audit   semver: [ '5.7.1', '7.3.7', '6.3.0' ],
553 silly audit   'supports-color': [ '5.5.0', '7.2.0' ],
553 silly audit   touch: [ '3.1.0' ],
553 silly audit   undefsafe: [ '2.0.5' ],
553 silly audit   'update-notifier': [ '5.1.0' ],
553 silly audit   anymatch: [ '3.1.2' ],
553 silly audit   braces: [ '3.0.2' ],
553 silly audit   fsevents: [ '2.3.2' ],
553 silly audit   'glob-parent': [ '5.1.2' ],
553 silly audit   'is-binary-path': [ '2.1.0' ],
553 silly audit   'is-glob': [ '4.0.3' ],
553 silly audit   'normalize-path': [ '3.0.0' ],
553 silly audit   readdirp: [ '3.6.0' ],
553 silly audit   picomatch: [ '2.3.1' ],
553 silly audit   'fill-range': [ '7.0.1' ],
553 silly audit   'to-regex-range': [ '5.0.1' ],
553 silly audit   'binary-extensions': [ '2.2.0' ],
553 silly audit   'is-extglob': [ '2.1.1' ],
553 silly audit   'brace-expansion': [ '1.1.11' ],
553 silly audit   'balanced-match': [ '1.0.2' ],
553 silly audit   'concat-map': [ '0.0.1' ],
553 silly audit   'core-util-is': [ '1.0.3' ],
553 silly audit   isarray: [ '1.0.0' ],
553 silly audit   'process-nextick-args': [ '2.0.1' ],
553 silly audit   string_decoder: [ '1.1.1' ],
553 silly audit   'util-deprecate': [ '1.0.2' ],
553 silly audit   'has-flag': [ '3.0.0', '4.0.0' ],
553 silly audit   'is-number': [ '7.0.0' ],
553 silly audit   nopt: [ '1.0.10' ],
553 silly audit   abbrev: [ '1.1.1' ],
553 silly audit   boxen: [ '5.1.2' ],
553 silly audit   chalk: [ '4.1.2' ],
553 silly audit   configstore: [ '5.0.1' ],
553 silly audit   'has-yarn': [ '2.1.0' ],
553 silly audit   'import-lazy': [ '2.1.0' ],
553 silly audit   'is-ci': [ '2.0.0' ],
553 silly audit   'is-installed-globally': [ '0.4.0' ],
553 silly audit   'is-npm': [ '5.0.0' ],
553 silly audit   'is-yarn-global': [ '0.3.0' ],
553 silly audit   'latest-version': [ '5.1.0' ],
553 silly audit   pupa: [ '2.1.1' ],
553 silly audit   'semver-diff': [ '3.1.1' ],
553 silly audit   'xdg-basedir': [ '4.0.0' ],
553 silly audit   'ansi-align': [ '3.0.1' ],
553 silly audit   camelcase: [ '6.3.0' ],
553 silly audit   'cli-boxes': [ '2.2.1' ],
553 silly audit   'string-width': [ '4.2.3' ],
553 silly audit   'type-fest': [ '0.20.2' ],
553 silly audit   'widest-line': [ '3.1.0' ],
553 silly audit   'wrap-ansi': [ '7.0.0' ],
553 silly audit   'ansi-styles': [ '4.3.0' ],
553 silly audit   'color-convert': [ '2.0.1' ],
553 silly audit   'color-name': [ '1.1.4' ],
553 silly audit   'dot-prop': [ '5.3.0' ],
553 silly audit   'graceful-fs': [ '4.2.10' ],
553 silly audit   'make-dir': [ '3.1.0' ],
553 silly audit   'unique-string': [ '2.0.0' ],
553 silly audit   'write-file-atomic': [ '3.0.3' ],
553 silly audit   'is-obj': [ '2.0.0' ],
553 silly audit   'ci-info': [ '2.0.0' ],
553 silly audit   'global-dirs': [ '3.0.0' ],
553 silly audit   'is-path-inside': [ '3.0.3' ],
553 silly audit   ini: [ '2.0.0', '1.3.8' ],
553 silly audit   'package-json': [ '6.5.0' ],
553 silly audit   got: [ '9.6.0' ],
553 silly audit   'registry-auth-token': [ '4.2.1' ],
553 silly audit   'registry-url': [ '5.1.0' ],
553 silly audit   '@sindresorhus/is': [ '0.14.0' ],
553 silly audit   '@szmarczak/http-timer': [ '1.1.2' ],
553 silly audit   'cacheable-request': [ '6.1.0' ],
553 silly audit   'decompress-response': [ '3.3.0' ],
553 silly audit   duplexer3: [ '0.1.4' ],
553 silly audit   'get-stream': [ '4.1.0', '5.2.0' ],
553 silly audit   'lowercase-keys': [ '1.0.1', '2.0.0' ],
553 silly audit   'mimic-response': [ '1.0.1' ],
553 silly audit   'p-cancelable': [ '1.1.0' ],
553 silly audit   'to-readable-stream': [ '1.0.0' ],
553 silly audit   'url-parse-lax': [ '3.0.0' ],
553 silly audit   'defer-to-connect': [ '1.1.3' ],
553 silly audit   'clone-response': [ '1.0.2' ],
553 silly audit   'http-cache-semantics': [ '4.1.0' ],
553 silly audit   keyv: [ '3.1.0' ],
553 silly audit   'normalize-url': [ '4.5.1' ],
553 silly audit   responselike: [ '1.0.2' ],
553 silly audit   pump: [ '3.0.0' ],
553 silly audit   'json-buffer': [ '3.0.0' ],
553 silly audit   'end-of-stream': [ '1.4.4' ],
553 silly audit   once: [ '1.4.0' ],
553 silly audit   wrappy: [ '1.0.2' ],
553 silly audit   'escape-goat': [ '2.1.1' ],
553 silly audit   rc: [ '1.2.8' ],
553 silly audit   'deep-extend': [ '0.6.0' ],
553 silly audit   minimist: [ '1.2.6' ],
553 silly audit   'strip-json-comments': [ '2.0.1' ],
553 silly audit   'emoji-regex': [ '8.0.0' ],
553 silly audit   'is-fullwidth-code-point': [ '3.0.0' ],
553 silly audit   'strip-ansi': [ '6.0.1' ],
553 silly audit   'ansi-regex': [ '5.0.1' ],
553 silly audit   'crypto-random-string': [ '2.0.0' ],
553 silly audit   'prepend-http': [ '2.0.0' ],
553 silly audit   imurmurhash: [ '0.1.4' ],
553 silly audit   'is-typedarray': [ '1.0.0' ],
553 silly audit   'signal-exit': [ '3.0.7' ],
553 silly audit   'typedarray-to-buffer': [ '3.1.5' ],
553 silly audit   'lru-cache': [ '6.0.0' ],
553 silly audit   yallist: [ '4.0.0' ]
553 silly audit }
554 verbose reify failed optional dependency D:\MIU ComPro\WAP-Sridevi\Demo\JavaScriptDemo\ExpressJS\node_modules\fsevents
555 silly reify mark deleted [
555 silly reify   'D:\\MIU ComPro\\WAP-Sridevi\\Demo\\JavaScriptDemo\\ExpressJS\\node_modules\\fsevents'
555 silly reify ]
556 timing reifyNode:node_modules/fsevents Completed in 27ms
557 silly tarball no local data for typedarray-to-buffer@https://registry.npmjs.org/typedarray-to-buffer/-/typedarray-to-buffer-3.1.5.tgz. Extracting by manifest.
558 silly tarball no local data for lru-cache@https://registry.npmjs.org/lru-cache/-/lru-cache-6.0.0.tgz. Extracting by manifest.
559 silly tarball no local data for yallist@https://registry.npmjs.org/yallist/-/yallist-4.0.0.tgz. Extracting by manifest.
560 silly tarball no local data for signal-exit@https://registry.npmjs.org/signal-exit/-/signal-exit-3.0.7.tgz. Extracting by manifest.
561 silly tarball no local data for is-typedarray@https://registry.npmjs.org/is-typedarray/-/is-typedarray-1.0.0.tgz. Extracting by manifest.
562 silly tarball no local data for imurmurhash@https://registry.npmjs.org/imurmurhash/-/imurmurhash-0.1.4.tgz. Extracting by manifest.
563 silly tarball no local data for crypto-random-string@https://registry.npmjs.org/crypto-random-string/-/crypto-random-string-2.0.0.tgz. Extracting by manifest.
564 silly tarball no local data for prepend-http@https://registry.npmjs.org/prepend-http/-/prepend-http-2.0.0.tgz. Extracting by manifest.
565 silly tarball no local data for ansi-regex@https://registry.npmjs.org/ansi-regex/-/ansi-regex-5.0.1.tgz. Extracting by manifest.
566 silly tarball no local data for strip-ansi@https://registry.npmjs.org/strip-ansi/-/strip-ansi-6.0.1.tgz. Extracting by manifest.
567 silly tarball no local data for is-fullwidth-code-point@https://registry.npmjs.org/is-fullwidth-code-point/-/is-fullwidth-code-point-3.0.0.tgz. Extracting by manifest.
568 silly tarball no local data for emoji-regex@https://registry.npmjs.org/emoji-regex/-/emoji-regex-8.0.0.tgz. Extracting by manifest.
569 silly tarball no local data for strip-json-comments@https://registry.npmjs.org/strip-json-comments/-/strip-json-comments-2.0.1.tgz. Extracting by manifest.
570 silly tarball no local data for minimist@https://registry.npmjs.org/minimist/-/minimist-1.2.6.tgz. Extracting by manifest.
571 silly tarball no local data for deep-extend@https://registry.npmjs.org/deep-extend/-/deep-extend-0.6.0.tgz. Extracting by manifest.
572 silly tarball no local data for rc@https://registry.npmjs.org/rc/-/rc-1.2.8.tgz. Extracting by manifest.
573 silly tarball no local data for escape-goat@https://registry.npmjs.org/escape-goat/-/escape-goat-2.1.1.tgz. Extracting by manifest.
574 silly tarball no local data for once@https://registry.npmjs.org/once/-/once-1.4.0.tgz. Extracting by manifest.
575 silly tarball no local data for end-of-stream@https://registry.npmjs.org/end-of-stream/-/end-of-stream-1.4.4.tgz. Extracting by manifest.
576 silly tarball no local data for wrappy@https://registry.npmjs.org/wrappy/-/wrappy-1.0.2.tgz. Extracting by manifest.
577 silly tarball no local data for pump@https://registry.npmjs.org/pump/-/pump-3.0.0.tgz. Extracting by manifest.
578 silly tarball no local data for responselike@https://registry.npmjs.org/responselike/-/responselike-1.0.2.tgz. Extracting by manifest.
579 silly tarball no local data for normalize-url@https://registry.npmjs.org/normalize-url/-/normalize-url-4.5.1.tgz. Extracting by manifest.
580 silly tarball no local data for keyv@https://registry.npmjs.org/keyv/-/keyv-3.1.0.tgz. Extracting by manifest.
581 silly tarball no local data for http-cache-semantics@https://registry.npmjs.org/http-cache-semantics/-/http-cache-semantics-4.1.0.tgz. Extracting by manifest.
582 silly tarball no local data for clone-response@https://registry.npmjs.org/clone-response/-/clone-response-1.0.2.tgz. Extracting by manifest.
583 silly tarball no local data for json-buffer@https://registry.npmjs.org/json-buffer/-/json-buffer-3.0.0.tgz. Extracting by manifest.
584 silly tarball no local data for defer-to-connect@https://registry.npmjs.org/defer-to-connect/-/defer-to-connect-1.1.3.tgz. Extracting by manifest.
585 silly tarball no local data for url-parse-lax@https://registry.npmjs.org/url-parse-lax/-/url-parse-lax-3.0.0.tgz. Extracting by manifest.
586 silly tarball no local data for to-readable-stream@https://registry.npmjs.org/to-readable-stream/-/to-readable-stream-1.0.0.tgz. Extracting by manifest.
587 silly tarball no local data for p-cancelable@https://registry.npmjs.org/p-cancelable/-/p-cancelable-1.1.0.tgz. Extracting by manifest.
588 silly tarball no local data for mimic-response@https://registry.npmjs.org/mimic-response/-/mimic-response-1.0.1.tgz. Extracting by manifest.
589 silly tarball no local data for get-stream@https://registry.npmjs.org/get-stream/-/get-stream-4.1.0.tgz. Extracting by manifest.
590 silly tarball no local data for lowercase-keys@https://registry.npmjs.org/lowercase-keys/-/lowercase-keys-1.0.1.tgz. Extracting by manifest.
591 silly tarball no local data for duplexer3@https://registry.npmjs.org/duplexer3/-/duplexer3-0.1.4.tgz. Extracting by manifest.
592 silly tarball no local data for decompress-response@https://registry.npmjs.org/decompress-response/-/decompress-response-3.3.0.tgz. Extracting by manifest.
593 silly tarball no local data for @szmarczak/http-timer@https://registry.npmjs.org/@szmarczak/http-timer/-/http-timer-1.1.2.tgz. Extracting by manifest.
594 silly tarball no local data for @sindresorhus/is@https://registry.npmjs.org/@sindresorhus/is/-/is-0.14.0.tgz. Extracting by manifest.
595 silly tarball no local data for cacheable-request@https://registry.npmjs.org/cacheable-request/-/cacheable-request-6.1.0.tgz. Extracting by manifest.
596 silly tarball no local data for registry-url@https://registry.npmjs.org/registry-url/-/registry-url-5.1.0.tgz. Extracting by manifest.
597 silly tarball no local data for registry-auth-token@https://registry.npmjs.org/registry-auth-token/-/registry-auth-token-4.2.1.tgz. Extracting by manifest.
598 silly tarball no local data for got@https://registry.npmjs.org/got/-/got-9.6.0.tgz. Extracting by manifest.
599 silly tarball no local data for package-json@https://registry.npmjs.org/package-json/-/package-json-6.5.0.tgz. Extracting by manifest.
600 silly tarball no local data for ini@https://registry.npmjs.org/ini/-/ini-2.0.0.tgz. Extracting by manifest.
601 silly tarball no local data for is-path-inside@https://registry.npmjs.org/is-path-inside/-/is-path-inside-3.0.3.tgz. Extracting by manifest.
602 silly tarball no local data for global-dirs@https://registry.npmjs.org/global-dirs/-/global-dirs-3.0.0.tgz. Extracting by manifest.
603 silly tarball no local data for ci-info@https://registry.npmjs.org/ci-info/-/ci-info-2.0.0.tgz. Extracting by manifest.
604 silly tarball no local data for is-obj@https://registry.npmjs.org/is-obj/-/is-obj-2.0.0.tgz. Extracting by manifest.
605 silly tarball no local data for write-file-atomic@https://registry.npmjs.org/write-file-atomic/-/write-file-atomic-3.0.3.tgz. Extracting by manifest.
606 silly tarball no local data for unique-string@https://registry.npmjs.org/unique-string/-/unique-string-2.0.0.tgz. Extracting by manifest.
607 silly tarball no local data for make-dir@https://registry.npmjs.org/make-dir/-/make-dir-3.1.0.tgz. Extracting by manifest.
608 silly tarball no local data for graceful-fs@https://registry.npmjs.org/graceful-fs/-/graceful-fs-4.2.10.tgz. Extracting by manifest.
609 silly tarball no local data for dot-prop@https://registry.npmjs.org/dot-prop/-/dot-prop-5.3.0.tgz. Extracting by manifest.
610 silly tarball no local data for color-name@https://registry.npmjs.org/color-name/-/color-name-1.1.4.tgz. Extracting by manifest.
611 silly tarball no local data for color-convert@https://registry.npmjs.org/color-convert/-/color-convert-2.0.1.tgz. Extracting by manifest.
612 silly tarball no local data for wrap-ansi@https://registry.npmjs.org/wrap-ansi/-/wrap-ansi-7.0.0.tgz. Extracting by manifest.
613 silly tarball no local data for ansi-styles@https://registry.npmjs.org/ansi-styles/-/ansi-styles-4.3.0.tgz. Extracting by manifest.
614 silly tarball no local data for widest-line@https://registry.npmjs.org/widest-line/-/widest-line-3.1.0.tgz. Extracting by manifest.
615 silly tarball no local data for type-fest@https://registry.npmjs.org/type-fest/-/type-fest-0.20.2.tgz. Extracting by manifest.
616 silly tarball no local data for string-width@https://registry.npmjs.org/string-width/-/string-width-4.2.3.tgz. Extracting by manifest.
617 silly tarball no local data for cli-boxes@https://registry.npmjs.org/cli-boxes/-/cli-boxes-2.2.1.tgz. Extracting by manifest.
618 silly tarball no local data for camelcase@https://registry.npmjs.org/camelcase/-/camelcase-6.3.0.tgz. Extracting by manifest.
619 silly tarball no local data for xdg-basedir@https://registry.npmjs.org/xdg-basedir/-/xdg-basedir-4.0.0.tgz. Extracting by manifest.
620 silly tarball no local data for ansi-align@https://registry.npmjs.org/ansi-align/-/ansi-align-3.0.1.tgz. Extracting by manifest.
621 silly tarball no local data for pupa@https://registry.npmjs.org/pupa/-/pupa-2.1.1.tgz. Extracting by manifest.
622 silly tarball no local data for semver-diff@https://registry.npmjs.org/semver-diff/-/semver-diff-3.1.1.tgz. Extracting by manifest.
623 silly tarball no local data for latest-version@https://registry.npmjs.org/latest-version/-/latest-version-5.1.0.tgz. Extracting by manifest.
624 silly tarball no local data for is-yarn-global@https://registry.npmjs.org/is-yarn-global/-/is-yarn-global-0.3.0.tgz. Extracting by manifest.
625 silly tarball no local data for is-npm@https://registry.npmjs.org/is-npm/-/is-npm-5.0.0.tgz. Extracting by manifest.
626 silly tarball no local data for is-installed-globally@https://registry.npmjs.org/is-installed-globally/-/is-installed-globally-0.4.0.tgz. Extracting by manifest.
627 silly tarball no local data for is-ci@https://registry.npmjs.org/is-ci/-/is-ci-2.0.0.tgz. Extracting by manifest.
628 silly tarball no local data for import-lazy@https://registry.npmjs.org/import-lazy/-/import-lazy-2.1.0.tgz. Extracting by manifest.
629 silly tarball no local data for has-yarn@https://registry.npmjs.org/has-yarn/-/has-yarn-2.1.0.tgz. Extracting by manifest.
630 silly tarball no local data for configstore@https://registry.npmjs.org/configstore/-/configstore-5.0.1.tgz. Extracting by manifest.
631 silly tarball no local data for chalk@https://registry.npmjs.org/chalk/-/chalk-4.1.2.tgz. Extracting by manifest.
632 silly tarball no local data for boxen@https://registry.npmjs.org/boxen/-/boxen-5.1.2.tgz. Extracting by manifest.
633 silly tarball no local data for abbrev@https://registry.npmjs.org/abbrev/-/abbrev-1.1.1.tgz. Extracting by manifest.
634 silly tarball no local data for nopt@https://registry.npmjs.org/nopt/-/nopt-1.0.10.tgz. Extracting by manifest.
635 silly tarball no local data for is-number@https://registry.npmjs.org/is-number/-/is-number-7.0.0.tgz. Extracting by manifest.
636 silly tarball no local data for has-flag@https://registry.npmjs.org/has-flag/-/has-flag-3.0.0.tgz. Extracting by manifest.
637 silly tarball no local data for util-deprecate@https://registry.npmjs.org/util-deprecate/-/util-deprecate-1.0.2.tgz. Extracting by manifest.
638 silly tarball no local data for string_decoder@https://registry.npmjs.org/string_decoder/-/string_decoder-1.1.1.tgz. Extracting by manifest.
639 silly tarball no local data for process-nextick-args@https://registry.npmjs.org/process-nextick-args/-/process-nextick-args-2.0.1.tgz. Extracting by manifest.
640 silly tarball no local data for isarray@https://registry.npmjs.org/isarray/-/isarray-1.0.0.tgz. Extracting by manifest.
641 silly tarball no local data for core-util-is@https://registry.npmjs.org/core-util-is/-/core-util-is-1.0.3.tgz. Extracting by manifest.
642 silly tarball no local data for concat-map@https://registry.npmjs.org/concat-map/-/concat-map-0.0.1.tgz. Extracting by manifest.
643 silly tarball no local data for brace-expansion@https://registry.npmjs.org/brace-expansion/-/brace-expansion-1.1.11.tgz. Extracting by manifest.
644 silly tarball no local data for balanced-match@https://registry.npmjs.org/balanced-match/-/balanced-match-1.0.2.tgz. Extracting by manifest.
645 silly tarball no local data for is-extglob@https://registry.npmjs.org/is-extglob/-/is-extglob-2.1.1.tgz. Extracting by manifest.
646 silly tarball no local data for binary-extensions@https://registry.npmjs.org/binary-extensions/-/binary-extensions-2.2.0.tgz. Extracting by manifest.
647 silly tarball no local data for to-regex-range@https://registry.npmjs.org/to-regex-range/-/to-regex-range-5.0.1.tgz. Extracting by manifest.
648 silly tarball no local data for fill-range@https://registry.npmjs.org/fill-range/-/fill-range-7.0.1.tgz. Extracting by manifest.
649 silly tarball no local data for picomatch@https://registry.npmjs.org/picomatch/-/picomatch-2.3.1.tgz. Extracting by manifest.
650 silly tarball no local data for readdirp@https://registry.npmjs.org/readdirp/-/readdirp-3.6.0.tgz. Extracting by manifest.
651 silly tarball no local data for normalize-path@https://registry.npmjs.org/normalize-path/-/normalize-path-3.0.0.tgz. Extracting by manifest.
652 silly tarball no local data for is-binary-path@https://registry.npmjs.org/is-binary-path/-/is-binary-path-2.1.0.tgz. Extracting by manifest.
653 silly tarball no local data for glob-parent@https://registry.npmjs.org/glob-parent/-/glob-parent-5.1.2.tgz. Extracting by manifest.
654 silly tarball no local data for is-glob@https://registry.npmjs.org/is-glob/-/is-glob-4.0.3.tgz. Extracting by manifest.
655 silly tarball no local data for braces@https://registry.npmjs.org/braces/-/braces-3.0.2.tgz. Extracting by manifest.
656 silly tarball no local data for update-notifier@https://registry.npmjs.org/update-notifier/-/update-notifier-5.1.0.tgz. Extracting by manifest.
657 silly tarball no local data for undefsafe@https://registry.npmjs.org/undefsafe/-/undefsafe-2.0.5.tgz. Extracting by manifest.
658 silly tarball no local data for anymatch@https://registry.npmjs.org/anymatch/-/anymatch-3.1.2.tgz. Extracting by manifest.
659 silly tarball no local data for touch@https://registry.npmjs.org/touch/-/touch-3.1.0.tgz. Extracting by manifest.
660 silly tarball no local data for semver@https://registry.npmjs.org/semver/-/semver-5.7.1.tgz. Extracting by manifest.
661 silly tarball no local data for pstree.remy@https://registry.npmjs.org/pstree.remy/-/pstree.remy-1.1.8.tgz. Extracting by manifest.
662 silly tarball no local data for minimatch@https://registry.npmjs.org/minimatch/-/minimatch-3.1.2.tgz. Extracting by manifest.
663 silly tarball no local data for supports-color@https://registry.npmjs.org/supports-color/-/supports-color-5.5.0.tgz. Extracting by manifest.
664 silly tarball no local data for ignore-by-default@https://registry.npmjs.org/ignore-by-default/-/ignore-by-default-1.0.1.tgz. Extracting by manifest.
665 silly tarball no local data for chokidar@https://registry.npmjs.org/chokidar/-/chokidar-3.5.3.tgz. Extracting by manifest.
666 silly tarball no local data for readable-stream@https://registry.npmjs.org/readable-stream/-/readable-stream-2.3.7.tgz. Extracting by manifest.
667 silly tarball no local data for sqlstring@https://registry.npmjs.org/sqlstring/-/sqlstring-2.3.1.tgz. Extracting by manifest.
668 silly tarball no local data for bignumber.js@https://registry.npmjs.org/bignumber.js/-/bignumber.js-9.0.0.tgz. Extracting by manifest.
669 silly tarball no local data for nodemon@https://registry.npmjs.org/nodemon/-/nodemon-2.0.16.tgz. Extracting by manifest.
670 silly tarball no local data for ini@https://registry.npmjs.org/ini/-/ini-1.3.8.tgz. Extracting by manifest.
671 silly tarball no local data for mysql@https://registry.npmjs.org/mysql/-/mysql-2.18.1.tgz. Extracting by manifest.
672 silly tarball no local data for semver@https://registry.npmjs.org/semver/-/semver-6.3.0.tgz. Extracting by manifest.
673 silly tarball no local data for lowercase-keys@https://registry.npmjs.org/lowercase-keys/-/lowercase-keys-2.0.0.tgz. Extracting by manifest.
674 silly tarball no local data for semver@https://registry.npmjs.org/semver/-/semver-6.3.0.tgz. Extracting by manifest.
675 silly tarball no local data for get-stream@https://registry.npmjs.org/get-stream/-/get-stream-5.2.0.tgz. Extracting by manifest.
676 silly tarball no local data for has-flag@https://registry.npmjs.org/has-flag/-/has-flag-4.0.0.tgz. Extracting by manifest.
677 silly tarball no local data for semver@https://registry.npmjs.org/semver/-/semver-6.3.0.tgz. Extracting by manifest.
678 silly tarball no local data for supports-color@https://registry.npmjs.org/supports-color/-/supports-color-7.2.0.tgz. Extracting by manifest.
679 silly tarball no local data for safe-buffer@https://registry.npmjs.org/safe-buffer/-/safe-buffer-5.1.2.tgz. Extracting by manifest.
680 silly tarball no local data for semver@https://registry.npmjs.org/semver/-/semver-7.3.7.tgz. Extracting by manifest.
681 silly tarball no local data for safe-buffer@https://registry.npmjs.org/safe-buffer/-/safe-buffer-5.1.2.tgz. Extracting by manifest.
682 silly tarball no local data for debug@https://registry.npmjs.org/debug/-/debug-3.2.7.tgz. Extracting by manifest.
683 silly tarball no local data for safe-buffer@https://registry.npmjs.org/safe-buffer/-/safe-buffer-5.1.2.tgz. Extracting by manifest.
684 http fetch POST 200 https://registry.npmjs.org/-/npm/v1/security/advisories/bulk 987ms
685 timing auditReport:getReport Completed in 996ms
686 silly audit report {}
687 timing auditReport:init Completed in 0ms
688 timing reify:audit Completed in 999ms
689 http fetch GET 200 https://registry.npmjs.org/emoji-regex/-/emoji-regex-8.0.0.tgz 2403ms (cache miss)
690 http fetch GET 200 https://registry.npmjs.org/crypto-random-string/-/crypto-random-string-2.0.0.tgz 2461ms (cache miss)
691 http fetch GET 200 https://registry.npmjs.org/signal-exit/-/signal-exit-3.0.7.tgz 2491ms (cache miss)
692 http fetch GET 200 https://registry.npmjs.org/is-fullwidth-code-point/-/is-fullwidth-code-point-3.0.0.tgz 2464ms (cache miss)
693 http fetch GET 200 https://registry.npmjs.org/strip-ansi/-/strip-ansi-6.0.1.tgz 2491ms (cache miss)
694 timing reifyNode:node_modules/nodemon/node_modules/ms Completed in 2684ms
695 http fetch GET 200 https://registry.npmjs.org/normalize-url/-/normalize-url-4.5.1.tgz 2546ms (cache miss)
696 http fetch GET 200 https://registry.npmjs.org/clone-response/-/clone-response-1.0.2.tgz 2541ms (cache miss)
697 http fetch GET 200 https://registry.npmjs.org/ansi-regex/-/ansi-regex-5.0.1.tgz 2738ms (cache miss)
698 http fetch GET 200 https://registry.npmjs.org/is-typedarray/-/is-typedarray-1.0.0.tgz 2770ms (cache miss)
699 timing reifyNode:node_modules/clone-response Completed in 2922ms
700 http fetch GET 200 https://registry.npmjs.org/to-readable-stream/-/to-readable-stream-1.0.0.tgz 2607ms (cache miss)
701 timing reifyNode:node_modules/to-readable-stream Completed in 2933ms
702 timing reifyNode:node_modules/ansi-regex Completed in 3022ms
703 timing reifyNode:node_modules/signal-exit Completed in 3023ms
704 timing reifyNode:node_modules/crypto-random-string Completed in 3023ms
705 http fetch GET 200 https://registry.npmjs.org/rc/-/rc-1.2.8.tgz 2813ms (cache miss)
706 http fetch GET 200 https://registry.npmjs.org/strip-json-comments/-/strip-json-comments-2.0.1.tgz 2846ms (cache miss)
707 timing reifyNode:node_modules/strip-json-comments Completed in 3047ms
708 timing reifyNode:node_modules/is-fullwidth-code-point Completed in 3047ms
709 http fetch GET 200 https://registry.npmjs.org/once/-/once-1.4.0.tgz 2834ms (cache miss)
710 timing reifyNode:node_modules/once Completed in 3063ms
711 http fetch GET 200 https://registry.npmjs.org/p-cancelable/-/p-cancelable-1.1.0.tgz 2741ms (cache miss)
712 http fetch GET 200 https://registry.npmjs.org/lowercase-keys/-/lowercase-keys-1.0.1.tgz 2736ms (cache miss)
713 timing reifyNode:node_modules/lowercase-keys Completed in 3081ms
714 timing reifyNode:node_modules/is-typedarray Completed in 3083ms
715 http fetch GET 200 https://registry.npmjs.org/registry-url/-/registry-url-5.1.0.tgz 2724ms (cache miss)
716 http fetch GET 200 https://registry.npmjs.org/decompress-response/-/decompress-response-3.3.0.tgz 2764ms (cache miss)
717 timing reifyNode:node_modules/decompress-response Completed in 3119ms
718 timing reifyNode:node_modules/strip-ansi Completed in 3126ms
719 http fetch GET 200 https://registry.npmjs.org/end-of-stream/-/end-of-stream-1.4.4.tgz 2959ms (cache miss)
720 timing reifyNode:node_modules/end-of-stream Completed in 3193ms
721 http fetch GET 200 https://registry.npmjs.org/deep-extend/-/deep-extend-0.6.0.tgz 2994ms (cache miss)
722 http fetch GET 200 https://registry.npmjs.org/wrappy/-/wrappy-1.0.2.tgz 2967ms (cache miss)
723 timing reifyNode:node_modules/wrappy Completed in 3212ms
724 http fetch GET 200 https://registry.npmjs.org/responselike/-/responselike-1.0.2.tgz 2972ms (cache miss)
725 timing reifyNode:node_modules/responselike Completed in 3227ms
726 http fetch GET 200 https://registry.npmjs.org/json-buffer/-/json-buffer-3.0.0.tgz 2952ms (cache miss)
727 http fetch GET 200 https://registry.npmjs.org/yallist/-/yallist-4.0.0.tgz 3151ms (cache miss)
728 timing reifyNode:node_modules/yallist Completed in 3298ms
729 http fetch GET 200 https://registry.npmjs.org/prepend-http/-/prepend-http-2.0.0.tgz 3145ms (cache miss)
730 timing reifyNode:node_modules/prepend-http Completed in 3315ms
731 http fetch GET 200 https://registry.npmjs.org/url-parse-lax/-/url-parse-lax-3.0.0.tgz 3006ms (cache miss)
732 timing reifyNode:node_modules/url-parse-lax Completed in 3327ms
733 http fetch GET 200 https://registry.npmjs.org/mimic-response/-/mimic-response-1.0.1.tgz 3002ms (cache miss)
734 timing reifyNode:node_modules/mimic-response Completed in 3338ms
735 timing reifyNode:node_modules/normalize-url Completed in 3343ms
736 http fetch GET 200 https://registry.npmjs.org/color-convert/-/color-convert-2.0.1.tgz 2893ms (cache miss)
737 http fetch GET 200 https://registry.npmjs.org/is-obj/-/is-obj-2.0.0.tgz 2961ms (cache miss)
738 http fetch GET 200 https://registry.npmjs.org/escape-goat/-/escape-goat-2.1.1.tgz 3208ms (cache miss)
739 timing reifyNode:node_modules/escape-goat Completed in 3434ms
740 http fetch GET 200 https://registry.npmjs.org/defer-to-connect/-/defer-to-connect-1.1.3.tgz 3153ms (cache miss)
741 http fetch GET 200 https://registry.npmjs.org/get-stream/-/get-stream-4.1.0.tgz 3116ms (cache miss)
742 http fetch GET 200 https://registry.npmjs.org/@sindresorhus/is/-/is-0.14.0.tgz 3102ms (cache miss)
743 timing reifyNode:node_modules/p-cancelable Completed in 3470ms
744 http fetch GET 200 https://registry.npmjs.org/widest-line/-/widest-line-3.1.0.tgz 3028ms (cache miss)
745 http fetch GET 200 https://registry.npmjs.org/cli-boxes/-/cli-boxes-2.2.1.tgz 3041ms (cache miss)
746 http fetch GET 200 https://registry.npmjs.org/@szmarczak/http-timer/-/http-timer-1.1.2.tgz 3184ms (cache miss)
747 timing reifyNode:node_modules/@szmarczak/http-timer Completed in 3547ms
748 timing reifyNode:node_modules/get-stream Completed in 3548ms
749 timing reifyNode:node_modules/registry-url Completed in 3549ms
750 http fetch GET 200 https://registry.npmjs.org/is-path-inside/-/is-path-inside-3.0.3.tgz 3168ms (cache miss)
751 http fetch GET 200 https://registry.npmjs.org/pump/-/pump-3.0.0.tgz 3343ms (cache miss)
752 http fetch GET 200 https://registry.npmjs.org/pupa/-/pupa-2.1.1.tgz 3089ms (cache miss)
753 http fetch GET 200 https://registry.npmjs.org/camelcase/-/camelcase-6.3.0.tgz 3121ms (cache miss)
754 http fetch GET 200 https://registry.npmjs.org/is-installed-globally/-/is-installed-globally-0.4.0.tgz 3087ms (cache miss)
755 http fetch GET 200 https://registry.npmjs.org/global-dirs/-/global-dirs-3.0.0.tgz 3275ms (cache miss)
756 timing reifyNode:node_modules/defer-to-connect Completed in 3694ms
757 timing reifyNode:node_modules/is-path-inside Completed in 3696ms
758 timing reifyNode:node_modules/global-dirs Completed in 3699ms
759 http fetch GET 200 https://registry.npmjs.org/dot-prop/-/dot-prop-5.3.0.tgz 3262ms (cache miss)
760 http fetch GET 200 https://registry.npmjs.org/color-name/-/color-name-1.1.4.tgz 3260ms (cache miss)
761 timing reifyNode:node_modules/color-name Completed in 3718ms
762 http fetch GET 200 https://registry.npmjs.org/ansi-align/-/ansi-align-3.0.1.tgz 3219ms (cache miss)
763 http fetch GET 200 https://registry.npmjs.org/configstore/-/configstore-5.0.1.tgz 3175ms (cache miss)
764 http fetch GET 200 https://registry.npmjs.org/import-lazy/-/import-lazy-2.1.0.tgz 3198ms (cache miss)
765 timing reifyNode:node_modules/configstore Completed in 3749ms
766 timing reifyNode:node_modules/import-lazy Completed in 3750ms
767 http fetch GET 200 https://registry.npmjs.org/is-ci/-/is-ci-2.0.0.tgz 3217ms (cache miss)
768 http fetch GET 200 https://registry.npmjs.org/unique-string/-/unique-string-2.0.0.tgz 3336ms (cache miss)
769 http fetch GET 200 https://registry.npmjs.org/duplexer3/-/duplexer3-0.1.4.tgz 3479ms (cache miss)
770 timing reifyNode:node_modules/duplexer3 Completed in 3828ms
771 timing reifyNode:node_modules/deep-extend Completed in 3831ms
772 timing reifyNode:node_modules/is-obj Completed in 3831ms
773 timing reifyNode:node_modules/unique-string Completed in 3831ms
774 http fetch GET 200 https://registry.npmjs.org/wrap-ansi/-/wrap-ansi-7.0.0.tgz 3374ms (cache miss)
775 timing reifyNode:node_modules/wrap-ansi Completed in 3839ms
776 http fetch GET 200 https://registry.npmjs.org/string-width/-/string-width-4.2.3.tgz 3375ms (cache miss)
777 timing reifyNode:node_modules/dot-prop Completed in 3863ms
778 http fetch GET 200 https://registry.npmjs.org/isarray/-/isarray-1.0.0.tgz 3242ms (cache miss)
779 http fetch GET 200 https://registry.npmjs.org/has-flag/-/has-flag-3.0.0.tgz 3280ms (cache miss)
780 timing reifyNode:node_modules/has-flag Completed in 3877ms
781 timing reifyNode:node_modules/string-width Completed in 3963ms
782 timing reifyNode:node_modules/widest-line Completed in 3964ms
783 http fetch GET 200 https://registry.npmjs.org/is-yarn-global/-/is-yarn-global-0.3.0.tgz 3443ms (cache miss)
784 http fetch GET 200 https://registry.npmjs.org/xdg-basedir/-/xdg-basedir-4.0.0.tgz 3483ms (cache miss)
785 http fetch GET 200 https://registry.npmjs.org/is-npm/-/is-npm-5.0.0.tgz 3474ms (cache miss)
786 http fetch GET 200 https://registry.npmjs.org/latest-version/-/latest-version-5.1.0.tgz 3491ms (cache miss)
787 http fetch GET 200 https://registry.npmjs.org/readdirp/-/readdirp-3.6.0.tgz 3324ms (cache miss)
788 timing reifyNode:node_modules/is-yarn-global Completed in 4120ms
789 timing reifyNode:node_modules/is-npm Completed in 4121ms
790 timing reifyNode:node_modules/pupa Completed in 4126ms
791 timing reifyNode:node_modules/xdg-basedir Completed in 4126ms
792 timing reifyNode:node_modules/ansi-align Completed in 4127ms
793 timing reifyNode:node_modules/latest-version Completed in 4127ms
794 timing reifyNode:node_modules/camelcase Completed in 4129ms
795 timing reifyNode:node_modules/is-installed-globally Completed in 4129ms
796 http fetch GET 200 https://registry.npmjs.org/abbrev/-/abbrev-1.1.1.tgz 3558ms (cache miss)
797 timing reifyNode:node_modules/abbrev Completed in 4139ms
798 http fetch GET 200 https://registry.npmjs.org/chalk/-/chalk-4.1.2.tgz 3585ms (cache miss)
799 http fetch GET 200 https://registry.npmjs.org/has-yarn/-/has-yarn-2.1.0.tgz 3612ms (cache miss)
800 http fetch GET 200 https://registry.npmjs.org/balanced-match/-/balanced-match-1.0.2.tgz 3539ms (cache miss)
801 http fetch GET 200 https://registry.npmjs.org/is-binary-path/-/is-binary-path-2.1.0.tgz 3493ms (cache miss)
802 http fetch GET 200 https://registry.npmjs.org/process-nextick-args/-/process-nextick-args-2.0.1.tgz 3632ms (cache miss)
803 timing reifyNode:node_modules/process-nextick-args Completed in 4248ms
804 http fetch GET 200 https://registry.npmjs.org/util-deprecate/-/util-deprecate-1.0.2.tgz 3662ms (cache miss)
805 timing reifyNode:node_modules/has-yarn Completed in 4273ms
806 http fetch GET 200 https://registry.npmjs.org/concat-map/-/concat-map-0.0.1.tgz 3654ms (cache miss)
807 http fetch GET 200 https://registry.npmjs.org/supports-color/-/supports-color-5.5.0.tgz 3542ms (cache miss)
808 http fetch GET 200 https://registry.npmjs.org/ignore-by-default/-/ignore-by-default-1.0.1.tgz 3545ms (cache miss)
809 timing reifyNode:node_modules/pump Completed in 4352ms
810 timing reifyNode:node_modules/ignore-by-default Completed in 4350ms
811 http fetch GET 200 https://registry.npmjs.org/semver-diff/-/semver-diff-3.1.1.tgz 3845ms (cache miss)
812 timing reifyNode:node_modules/semver-diff Completed in 4365ms
813 http fetch GET 200 https://registry.npmjs.org/is-extglob/-/is-extglob-2.1.1.tgz 3723ms (cache miss)
814 timing reifyNode:node_modules/is-extglob Completed in 4377ms
815 http fetch GET 200 https://registry.npmjs.org/fill-range/-/fill-range-7.0.1.tgz 3727ms (cache miss)
816 timing reifyNode:node_modules/fill-range Completed in 4395ms
817 http fetch GET 200 https://registry.npmjs.org/binary-extensions/-/binary-extensions-2.2.0.tgz 3753ms (cache miss)
818 http fetch GET 200 https://registry.npmjs.org/normalize-path/-/normalize-path-3.0.0.tgz 3723ms (cache miss)
819 timing reifyNode:node_modules/normalize-path Completed in 4432ms
820 http fetch GET 200 https://registry.npmjs.org/lowercase-keys/-/lowercase-keys-2.0.0.tgz 3641ms (cache miss)
821 http fetch GET 200 https://registry.npmjs.org/supports-color/-/supports-color-7.2.0.tgz 3635ms (cache miss)
822 http fetch GET 200 https://registry.npmjs.org/has-flag/-/has-flag-4.0.0.tgz 3669ms (cache miss)
823 http fetch GET 200 https://registry.npmjs.org/safe-buffer/-/safe-buffer-5.1.2.tgz 3666ms (cache miss)
824 http fetch GET 200 https://registry.npmjs.org/imurmurhash/-/imurmurhash-0.1.4.tgz 4397ms (cache miss)
825 timing reifyNode:node_modules/imurmurhash Completed in 4561ms
826 timing reifyNode:node_modules/json-buffer Completed in 4561ms
827 timing reifyNode:node_modules/cli-boxes Completed in 4563ms
828 timing reifyNode:node_modules/@sindresorhus/is Completed in 4566ms
829 http fetch GET 200 https://registry.npmjs.org/is-number/-/is-number-7.0.0.tgz 3983ms (cache miss)
830 timing reifyNode:node_modules/is-number Completed in 4574ms
831 http fetch GET 200 https://registry.npmjs.org/undefsafe/-/undefsafe-2.0.5.tgz 3859ms (cache miss)
832 http fetch GET 200 https://registry.npmjs.org/anymatch/-/anymatch-3.1.2.tgz 3862ms (cache miss)
833 http fetch GET 200 https://registry.npmjs.org/lru-cache/-/lru-cache-6.0.0.tgz 4497ms (cache miss)
834 timing reifyNode:node_modules/lru-cache Completed in 4640ms
835 http fetch GET 200 https://registry.npmjs.org/core-util-is/-/core-util-is-1.0.3.tgz 4020ms (cache miss)
836 timing reifyNode:node_modules/core-util-is Completed in 4649ms
837 timing reifyNode:node_modules/readdirp Completed in 4653ms
838 timing reifyNode:node_modules/is-binary-path Completed in 4657ms
839 timing reifyNode:node_modules/anymatch Completed in 4660ms
840 http fetch GET 200 https://registry.npmjs.org/touch/-/touch-3.1.0.tgz 3923ms (cache miss)
841 http fetch GET 200 https://registry.npmjs.org/ini/-/ini-1.3.8.tgz 3866ms (cache miss)
842 timing reifyNode:node_modules/rc/node_modules/ini Completed in 4693ms
843 timing reifyNode:node_modules/balanced-match Completed in 4686ms
844 http fetch GET 200 https://registry.npmjs.org/safe-buffer/-/safe-buffer-5.1.2.tgz 3819ms (cache miss)
845 timing reifyNode:node_modules/is-ci Completed in 4702ms
846 timing reifyNode:node_modules/supports-color Completed in 4700ms
847 http fetch GET 200 https://registry.npmjs.org/get-stream/-/get-stream-5.2.0.tgz 3872ms (cache miss)
848 timing reifyNode:node_modules/util-deprecate Completed in 4734ms
849 http fetch GET 200 https://registry.npmjs.org/braces/-/braces-3.0.2.tgz 4017ms (cache miss)
850 timing reifyNode:node_modules/chalk/node_modules/has-flag Completed in 4749ms
851 timing reifyNode:node_modules/touch Completed in 4753ms
852 timing reifyNode:node_modules/cacheable-request/node_modules/lowercase-keys Completed in 4765ms
853 timing reifyNode:node_modules/emoji-regex Completed in 4768ms
854 timing reifyNode:node_modules/chalk/node_modules/supports-color Completed in 4761ms
855 timing reifyNode:node_modules/color-convert Completed in 4768ms
856 timing reifyNode:node_modules/string_decoder/node_modules/safe-buffer Completed in 4818ms
857 timing reifyNode:node_modules/readable-stream/node_modules/safe-buffer Completed in 4816ms
858 http fetch GET 200 https://registry.npmjs.org/keyv/-/keyv-3.1.0.tgz 4576ms (cache miss)
859 timing reifyNode:node_modules/keyv Completed in 4846ms
860 http fetch GET 200 https://registry.npmjs.org/ini/-/ini-2.0.0.tgz 4456ms (cache miss)
861 timing reifyNode:node_modules/ini Completed in 4858ms
862 http fetch GET 200 https://registry.npmjs.org/http-cache-semantics/-/http-cache-semantics-4.1.0.tgz 4635ms (cache miss)
863 timing reifyNode:node_modules/http-cache-semantics Completed in 4909ms
864 timing reifyNode:node_modules/cacheable-request/node_modules/get-stream Completed in 4918ms
865 timing reifyNode:node_modules/binary-extensions Completed in 4912ms
866 http fetch GET 200 https://registry.npmjs.org/cacheable-request/-/cacheable-request-6.1.0.tgz 4557ms (cache miss)
867 timing reifyNode:node_modules/cacheable-request Completed in 4934ms
868 timing reifyNode:node_modules/concat-map Completed in 4933ms
869 timing reifyNode:node_modules/chalk Completed in 4935ms
870 http fetch GET 200 https://registry.npmjs.org/package-json/-/package-json-6.5.0.tgz 4559ms (cache miss)
871 timing reifyNode:node_modules/package-json Completed in 4955ms
872 http fetch GET 200 https://registry.npmjs.org/write-file-atomic/-/write-file-atomic-3.0.3.tgz 4543ms (cache miss)
873 timing reifyNode:node_modules/write-file-atomic Completed in 4974ms
874 http fetch GET 200 https://registry.npmjs.org/make-dir/-/make-dir-3.1.0.tgz 4584ms (cache miss)
875 timing reifyNode:node_modules/make-dir Completed in 5025ms
876 timing reifyNode:node_modules/isarray Completed in 5024ms
877 http fetch GET 200 https://registry.npmjs.org/boxen/-/boxen-5.1.2.tgz 4510ms (cache miss)
878 timing reifyNode:node_modules/boxen Completed in 5086ms
879 http fetch GET 200 https://registry.npmjs.org/typedarray-to-buffer/-/typedarray-to-buffer-3.1.5.tgz 4990ms (cache miss)
880 timing reifyNode:node_modules/typedarray-to-buffer Completed in 5127ms
881 http fetch GET 200 https://registry.npmjs.org/ci-info/-/ci-info-2.0.0.tgz 4720ms (cache miss)
882 timing reifyNode:node_modules/ci-info Completed in 5142ms
883 http fetch GET 200 https://registry.npmjs.org/ansi-styles/-/ansi-styles-4.3.0.tgz 4674ms (cache miss)
884 timing reifyNode:node_modules/ansi-styles Completed in 5148ms
885 http fetch GET 200 https://registry.npmjs.org/graceful-fs/-/graceful-fs-4.2.10.tgz 4744ms (cache miss)
886 timing reifyNode:node_modules/graceful-fs Completed in 5189ms
887 http fetch GET 200 https://registry.npmjs.org/brace-expansion/-/brace-expansion-1.1.11.tgz 4598ms (cache miss)
888 timing reifyNode:node_modules/brace-expansion Completed in 5238ms
889 http fetch GET 200 https://registry.npmjs.org/to-regex-range/-/to-regex-range-5.0.1.tgz 4584ms (cache miss)
890 timing reifyNode:node_modules/to-regex-range Completed in 5247ms
891 http fetch GET 200 https://registry.npmjs.org/update-notifier/-/update-notifier-5.1.0.tgz 4529ms (cache miss)
892 timing reifyNode:node_modules/update-notifier Completed in 5259ms
893 http fetch GET 200 https://registry.npmjs.org/registry-auth-token/-/registry-auth-token-4.2.1.tgz 4912ms (cache miss)
894 timing reifyNode:node_modules/registry-auth-token Completed in 5297ms
895 http fetch GET 200 https://registry.npmjs.org/minimatch/-/minimatch-3.1.2.tgz 4533ms (cache miss)
896 timing reifyNode:node_modules/minimatch Completed in 5298ms
897 http fetch GET 200 https://registry.npmjs.org/is-glob/-/is-glob-4.0.3.tgz 4591ms (cache miss)
898 timing reifyNode:node_modules/is-glob Completed in 5312ms
899 http fetch GET 200 https://registry.npmjs.org/string_decoder/-/string_decoder-1.1.1.tgz 4755ms (cache miss)
900 timing reifyNode:node_modules/string_decoder Completed in 5367ms
901 timing reifyNode:node_modules/undefsafe Completed in 5380ms
902 http fetch GET 200 https://registry.npmjs.org/safe-buffer/-/safe-buffer-5.1.2.tgz 4510ms (cache miss)
903 timing reifyNode:node_modules/mysql/node_modules/safe-buffer Completed in 5396ms
904 timing reifyNode:node_modules/rc Completed in 5410ms
905 http fetch GET 200 https://registry.npmjs.org/glob-parent/-/glob-parent-5.1.2.tgz 4717ms (cache miss)
906 timing reifyNode:node_modules/glob-parent Completed in 5434ms
907 http fetch GET 200 https://registry.npmjs.org/nopt/-/nopt-1.0.10.tgz 4887ms (cache miss)
908 timing reifyNode:node_modules/nopt Completed in 5474ms
909 http fetch GET 200 https://registry.npmjs.org/semver/-/semver-5.7.1.tgz 4725ms (cache miss)
910 timing reifyNode:node_modules/semver Completed in 5481ms
911 timing reifyNode:node_modules/braces Completed in 5483ms
912 http fetch GET 200 https://registry.npmjs.org/semver/-/semver-6.3.0.tgz 4669ms (cache miss)
913 timing reifyNode:node_modules/package-json/node_modules/semver Completed in 5504ms
914 http fetch GET 200 https://registry.npmjs.org/sqlstring/-/sqlstring-2.3.1.tgz 4716ms (cache miss)
915 timing reifyNode:node_modules/sqlstring Completed in 5513ms
916 http fetch GET 200 https://registry.npmjs.org/semver/-/semver-6.3.0.tgz 4704ms (cache miss)
917 timing reifyNode:node_modules/make-dir/node_modules/semver Completed in 5547ms
918 http fetch GET 200 https://registry.npmjs.org/semver/-/semver-6.3.0.tgz 4693ms (cache miss)
919 timing reifyNode:node_modules/semver-diff/node_modules/semver Completed in 5553ms
920 http fetch GET 200 https://registry.npmjs.org/chokidar/-/chokidar-3.5.3.tgz 4821ms (cache miss)
921 timing reifyNode:node_modules/chokidar Completed in 5605ms
922 http fetch GET 200 https://registry.npmjs.org/debug/-/debug-3.2.7.tgz 4735ms (cache miss)
923 timing reifyNode:node_modules/nodemon/node_modules/debug Completed in 5616ms
924 http fetch GET 200 https://registry.npmjs.org/picomatch/-/picomatch-2.3.1.tgz 4993ms (cache miss)
925 timing reifyNode:node_modules/picomatch Completed in 5665ms
926 http fetch GET 200 https://registry.npmjs.org/pstree.remy/-/pstree.remy-1.1.8.tgz 4971ms (cache miss)
927 timing reifyNode:node_modules/pstree.remy Completed in 5732ms
928 http fetch GET 200 https://registry.npmjs.org/bignumber.js/-/bignumber.js-9.0.0.tgz 5017ms (cache miss)
929 timing reifyNode:node_modules/bignumber.js Completed in 5822ms
930 http fetch GET 200 https://registry.npmjs.org/minimist/-/minimist-1.2.6.tgz 5644ms (cache miss)
931 timing reifyNode:node_modules/minimist Completed in 5848ms
932 http fetch GET 200 https://registry.npmjs.org/got/-/got-9.6.0.tgz 5461ms (cache miss)
933 timing reifyNode:node_modules/got Completed in 5853ms
934 http fetch GET 200 https://registry.npmjs.org/readable-stream/-/readable-stream-2.3.7.tgz 5151ms (cache miss)
935 timing reifyNode:node_modules/readable-stream Completed in 5940ms
936 http fetch GET 200 https://registry.npmjs.org/type-fest/-/type-fest-0.20.2.tgz 5605ms (cache miss)
937 timing reifyNode:node_modules/type-fest Completed in 6089ms
938 http fetch GET 200 https://registry.npmjs.org/nodemon/-/nodemon-2.0.16.tgz 5357ms (cache miss)
939 timing reifyNode:node_modules/nodemon Completed in 6182ms
940 http fetch GET 200 https://registry.npmjs.org/semver/-/semver-7.3.7.tgz 5344ms (cache miss)
941 timing reifyNode:node_modules/update-notifier/node_modules/semver Completed in 6216ms
942 http fetch GET 200 https://registry.npmjs.org/mysql/-/mysql-2.18.1.tgz 5492ms (cache miss)
943 timing reifyNode:node_modules/mysql Completed in 6315ms
944 timing reify:unpack Completed in 6327ms
945 timing reify:unretire Completed in 5ms
946 timing build:queue Completed in 11ms
947 timing build:link:node_modules/is-ci Completed in 66ms
948 timing build:link:node_modules/nopt Completed in 65ms
949 timing build:link:node_modules/rc Completed in 64ms
950 timing build:link:node_modules/touch Completed in 63ms
951 timing build:link:node_modules/package-json/node_modules/semver Completed in 63ms
952 timing build:link:node_modules/nodemon Completed in 65ms
953 timing build:link:node_modules/make-dir/node_modules/semver Completed in 64ms
954 timing build:link:node_modules/semver-diff/node_modules/semver Completed in 63ms
955 timing build:link:node_modules/semver Completed in 65ms
956 timing build:link:node_modules/update-notifier/node_modules/semver Completed in 63ms
957 timing build:link Completed in 68ms
958 info run nodemon@2.0.16 postinstall node_modules/nodemon node bin/postinstall || exit 0
959 info run nodemon@2.0.16 postinstall { code: 0, signal: null }
960 timing build:run:postinstall:node_modules/nodemon Completed in 273ms
961 timing build:run:postinstall Completed in 274ms
962 timing build:deps Completed in 354ms
963 timing build Completed in 354ms
964 timing reify:build Completed in 359ms
965 timing reify:trash Completed in 2ms
966 timing reify:save Completed in 59ms
967 timing reify Completed in 11524ms
968 silly ADD node_modules/yallist
969 silly ADD node_modules/lru-cache
970 silly ADD node_modules/typedarray-to-buffer
971 silly ADD node_modules/signal-exit
972 silly ADD node_modules/is-typedarray
973 silly ADD node_modules/imurmurhash
974 silly ADD node_modules/prepend-http
975 silly ADD node_modules/crypto-random-string
976 silly ADD node_modules/ansi-regex
977 silly ADD node_modules/strip-ansi
978 silly ADD node_modules/is-fullwidth-code-point
979 silly ADD node_modules/emoji-regex
980 silly ADD node_modules/strip-json-comments
981 silly ADD node_modules/minimist
982 silly ADD node_modules/deep-extend
983 silly ADD node_modules/rc
984 silly ADD node_modules/rc/node_modules/ini
985 silly ADD node_modules/escape-goat
986 silly ADD node_modules/wrappy
987 silly ADD node_modules/once
988 silly ADD node_modules/end-of-stream
989 silly ADD node_modules/json-buffer
990 silly ADD node_modules/pump
991 silly ADD node_modules/responselike
992 silly ADD node_modules/normalize-url
993 silly ADD node_modules/keyv
994 silly ADD node_modules/http-cache-semantics
995 silly ADD node_modules/clone-response
996 silly ADD node_modules/defer-to-connect
997 silly ADD node_modules/url-parse-lax
998 silly ADD node_modules/to-readable-stream
999 silly ADD node_modules/p-cancelable
1000 silly ADD node_modules/mimic-response
1001 silly ADD node_modules/lowercase-keys
1002 silly ADD node_modules/get-stream
1003 silly ADD node_modules/duplexer3
1004 silly ADD node_modules/decompress-response
1005 silly ADD node_modules/cacheable-request
1006 silly ADD node_modules/cacheable-request/node_modules/lowercase-keys
1007 silly ADD node_modules/cacheable-request/node_modules/get-stream
1008 silly ADD node_modules/@szmarczak/http-timer
1009 silly ADD node_modules/@sindresorhus/is
1010 silly ADD node_modules/registry-url
1011 silly ADD node_modules/registry-auth-token
1012 silly ADD node_modules/got
1013 silly ADD node_modules/package-json
1014 silly ADD node_modules/package-json/node_modules/semver
1015 silly ADD node_modules/ini
1016 silly ADD node_modules/is-path-inside
1017 silly ADD node_modules/global-dirs
1018 silly ADD node_modules/ci-info
1019 silly ADD node_modules/is-obj
1020 silly ADD node_modules/write-file-atomic
1021 silly ADD node_modules/unique-string
1022 silly ADD node_modules/make-dir
1023 silly ADD node_modules/make-dir/node_modules/semver
1024 silly ADD node_modules/graceful-fs
1025 silly ADD node_modules/dot-prop
1026 silly ADD node_modules/color-name
1027 silly ADD node_modules/color-convert
1028 silly ADD node_modules/ansi-styles
1029 silly ADD node_modules/wrap-ansi
1030 silly ADD node_modules/widest-line
1031 silly ADD node_modules/type-fest
1032 silly ADD node_modules/string-width
1033 silly ADD node_modules/cli-boxes
1034 silly ADD node_modules/camelcase
1035 silly ADD node_modules/ansi-align
1036 silly ADD node_modules/xdg-basedir
1037 silly ADD node_modules/semver-diff
1038 silly ADD node_modules/semver-diff/node_modules/semver
1039 silly ADD node_modules/pupa
1040 silly ADD node_modules/latest-version
1041 silly ADD node_modules/is-yarn-global
1042 silly ADD node_modules/is-npm
1043 silly ADD node_modules/is-installed-globally
1044 silly ADD node_modules/is-ci
1045 silly ADD node_modules/import-lazy
1046 silly ADD node_modules/has-yarn
1047 silly ADD node_modules/configstore
1048 silly ADD node_modules/chalk
1049 silly ADD node_modules/chalk/node_modules/has-flag
1050 silly ADD node_modules/chalk/node_modules/supports-color
1051 silly ADD node_modules/boxen
1052 silly ADD node_modules/abbrev
1053 silly ADD node_modules/nopt
1054 silly ADD node_modules/is-number
1055 silly ADD node_modules/has-flag
1056 silly ADD node_modules/util-deprecate
1057 silly ADD node_modules/string_decoder
1058 silly ADD node_modules/string_decoder/node_modules/safe-buffer
1059 silly ADD node_modules/process-nextick-args
1060 silly ADD node_modules/isarray
1061 silly ADD node_modules/core-util-is
1062 silly ADD node_modules/concat-map
1063 silly ADD node_modules/balanced-match
1064 silly ADD node_modules/brace-expansion
1065 silly ADD node_modules/is-extglob
1066 silly ADD node_modules/binary-extensions
1067 silly ADD node_modules/to-regex-range
1068 silly ADD node_modules/fill-range
1069 silly ADD node_modules/picomatch
1070 silly ADD node_modules/readdirp
1071 silly ADD node_modules/normalize-path
1072 silly ADD node_modules/is-glob
1073 silly ADD node_modules/is-binary-path
1074 silly ADD node_modules/glob-parent
1075 silly ADD
1076 silly ADD node_modules/braces
1077 silly ADD node_modules/anymatch
1078 silly ADD node_modules/update-notifier
1079 silly ADD node_modules/update-notifier/node_modules/semver
1080 silly ADD node_modules/undefsafe
1081 silly ADD node_modules/touch
1082 silly ADD node_modules/supports-color
1083 silly ADD node_modules/semver
1084 silly ADD node_modules/pstree.remy
1085 silly ADD node_modules/minimatch
1086 silly ADD node_modules/ignore-by-default
1087 silly ADD node_modules/chokidar
1088 silly ADD node_modules/sqlstring
1089 silly ADD node_modules/readable-stream
1090 silly ADD node_modules/readable-stream/node_modules/safe-buffer
1091 silly ADD node_modules/bignumber.js
1092 silly ADD node_modules/nodemon
1093 silly ADD node_modules/nodemon/node_modules/ms
1094 silly ADD node_modules/nodemon/node_modules/debug
1095 silly ADD node_modules/mysql
1096 silly ADD node_modules/mysql/node_modules/safe-buffer
1097 timing command:install Completed in 11543ms
1098 verbose exit 0
1099 timing npm Completed in 12567ms
1100 info ok
