0 verbose cli [
0 verbose cli   'C:\\Program Files\\nodejs\\node.exe',
0 verbose cli   'C:\\Program Files\\nodejs\\node_modules\\npm\\bin\\npm-cli.js',
0 verbose cli   'view',
0 verbose cli   '--json',
0 verbose cli   'nodemon',
0 verbose cli   'description',
0 verbose cli   'dist-tags.latest',
0 verbose cli   'homepage',
0 verbose cli   'version'
0 verbose cli ]
1 info using npm@8.5.5
2 info using node@v16.15.0
3 timing npm:load:whichnode Completed in 1ms
4 timing config:load:defaults Completed in 5ms
5 timing config:load:file:C:\Program Files\nodejs\node_modules\npm\npmrc Completed in 4ms
6 timing config:load:builtin Completed in 5ms
7 timing config:load:cli Completed in 6ms
8 timing config:load:env Completed in 2ms
9 verbose config error loading project config [Error: EISDIR: illegal operation on a directory, read] {
9 verbose config   errno: -4068,
9 verbose config   code: 'EISDIR',
9 verbose config   syscall: 'read'
9 verbose config }
10 timing config:load:file:d:\MIU ComPro\WAP-Sridevi\Demo\JavaScriptDemo\ExpressJS\.npmrc Completed in 3ms
11 timing config:load:project Completed in 7ms
12 timing config:load:file:C:\Users\sopno\.npmrc Completed in 0ms
13 timing config:load:user Completed in 0ms
14 timing config:load:file:C:\Users\sopno\AppData\Roaming\npm\etc\npmrc Completed in 1ms
15 timing config:load:global Completed in 2ms
16 timing config:load:validate Completed in 0ms
17 timing config:load:credentials Completed in 2ms
18 timing config:load:setEnvs Completed in 3ms
19 timing config:load Completed in 35ms
20 timing npm:load:configload Completed in 35ms
21 timing npm:load:setTitle Completed in 1ms
22 timing config:load:flatten Completed in 7ms
23 timing npm:load:display Completed in 10ms
24 verbose logfile d:\MIU ComPro\WAP-Sridevi\Demo\JavaScriptDemo\ExpressJS\.npmrc\_logs\2022-06-09T08_29_48_667Z-debug-0.log
25 timing npm:load:logFile Completed in 20ms
26 timing npm:load:timers Completed in 0ms
27 timing npm:load:configScope Completed in 0ms
28 timing npm:load Completed in 68ms
29 silly logfile start cleaning logs, removing 2 files
30 timing command:view Completed in 78743ms
31 verbose type system
32 verbose stack FetchError: request to https://registry.npmjs.org/nodemon failed, reason: getaddrinfo ENOTFOUND registry.npmjs.org
32 verbose stack     at ClientRequest.<anonymous> (C:\Program Files\nodejs\node_modules\npm\node_modules\minipass-fetch\lib\index.js:130:14)
32 verbose stack     at ClientRequest.emit (node:events:527:28)
32 verbose stack     at TLSSocket.socketErrorListener (node:_http_client:454:9)
32 verbose stack     at TLSSocket.emit (node:events:539:35)
32 verbose stack     at emitErrorNT (node:internal/streams/destroy:157:8)
32 verbose stack     at emitErrorCloseNT (node:internal/streams/destroy:122:3)
32 verbose stack     at processTicksAndRejections (node:internal/process/task_queues:83:21)
33 verbose cwd d:\MIU ComPro\WAP-Sridevi\Demo\JavaScriptDemo\ExpressJS
34 verbose Windows_NT 10.0.19043
35 verbose argv "C:\\Program Files\\nodejs\\node.exe" "C:\\Program Files\\nodejs\\node_modules\\npm\\bin\\npm-cli.js" "view" "--json" "nodemon" "description" "dist-tags.latest" "homepage" "version"
36 verbose node v16.15.0
37 verbose npm  v8.5.5
38 error code ENOTFOUND
39 error syscall getaddrinfo
40 error errno ENOTFOUND
41 error network request to https://registry.npmjs.org/nodemon failed, reason: getaddrinfo ENOTFOUND registry.npmjs.org
42 error network This is a problem related to network connectivity.
42 error network In most cases you are behind a proxy or have bad network settings.
42 error network
42 error network If you are behind a proxy, please make sure that the
42 error network 'proxy' config is set properly.  See: 'npm help config'
43 verbose exit 1
44 timing npm Completed in 79772ms
45 verbose code 1
46 error A complete log of this run can be found in:
46 error     d:\MIU ComPro\WAP-Sridevi\Demo\JavaScriptDemo\ExpressJS\.npmrc\_logs\2022-06-09T08_29_48_667Z-debug-0.log
