0 verbose cli [
0 verbose cli   'C:\\Program Files\\nodejs\\node.exe',
0 verbose cli   'C:\\Program Files\\nodejs\\node_modules\\npm\\bin\\npm-cli.js',
0 verbose cli   '-v'
0 verbose cli ]
1 info using npm@8.5.5
2 info using node@v16.15.0
3 timing npm:load:whichnode Completed in 0ms
4 timing config:load:defaults Completed in 5ms
5 timing config:load:file:C:\Program Files\nodejs\node_modules\npm\npmrc Completed in 7ms
6 timing config:load:builtin Completed in 8ms
7 timing config:load:cli Completed in 4ms
8 timing config:load:env Completed in 3ms
9 verbose config error loading project config [Error: EISDIR: illegal operation on a directory, read] {
9 verbose config   errno: -4068,
9 verbose config   code: 'EISDIR',
9 verbose config   syscall: 'read'
9 verbose config }
10 timing config:load:file:D:\MIU ComPro\WAP-Sridevi\Demo\JavaScriptDemo\ExpressJS\.npmrc Completed in 3ms
11 timing config:load:project Completed in 14ms
12 timing config:load:file:C:\Users\sopno\.npmrc Completed in 1ms
13 timing config:load:user Completed in 1ms
14 timing config:load:file:C:\Users\sopno\AppData\Roaming\npm\etc\npmrc Completed in 3ms
15 timing config:load:global Completed in 3ms
16 timing config:load:validate Completed in 1ms
17 timing config:load:credentials Completed in 2ms
18 timing config:load:setEnvs Completed in 6ms
19 timing config:load Completed in 49ms
20 timing npm:load:configload Completed in 49ms
21 timing npm:load:setTitle Completed in 5ms
22 timing config:load:flatten Completed in 9ms
23 timing npm:load:display Completed in 14ms
24 verbose logfile D:\MIU ComPro\WAP-Sridevi\Demo\JavaScriptDemo\ExpressJS\.npmrc\_logs\2022-06-07T15_17_10_741Z-debug-0.log
25 timing npm:load:logFile Completed in 26ms
26 timing npm:load:timers Completed in 0ms
27 timing npm:load:configScope Completed in 0ms
28 timing npm:load Completed in 97ms
29 verbose exit 0
30 timing npm Completed in 774ms
31 info ok
