0 verbose cli [
0 verbose cli   'C:\\Program Files\\nodejs\\node.exe',
0 verbose cli   'C:\\Program Files\\nodejs\\node_modules\\npm\\bin\\npm-cli.js',
0 verbose cli   'install',
0 verbose cli   'express',
0 verbose cli   '--S'
0 verbose cli ]
1 info using npm@8.5.5
2 info using node@v16.15.0
3 timing npm:load:whichnode Completed in 0ms
4 timing config:load:defaults Completed in 4ms
5 timing config:load:file:C:\Program Files\nodejs\node_modules\npm\npmrc Completed in 6ms
6 timing config:load:builtin Completed in 7ms
7 timing config:load:cli Completed in 4ms
8 timing config:load:env Completed in 1ms
9 verbose config error loading project config [Error: EISDIR: illegal operation on a directory, read] {
9 verbose config   errno: -4068,
9 verbose config   code: 'EISDIR',
9 verbose config   syscall: 'read'
9 verbose config }
10 timing config:load:file:D:\MIU ComPro\WAP-Sridevi\Demo\JavaScriptDemo\ExpressJS\.npmrc Completed in 3ms
11 timing config:load:project Completed in 6ms
12 timing config:load:file:C:\Users\sopno\.npmrc Completed in 0ms
13 timing config:load:user Completed in 0ms
14 timing config:load:file:C:\Users\sopno\AppData\Roaming\npm\etc\npmrc Completed in 2ms
15 timing config:load:global Completed in 3ms
16 timing config:load:validate Completed in 1ms
17 timing config:load:credentials Completed in 2ms
18 timing config:load:setEnvs Completed in 3ms
19 timing config:load Completed in 35ms
20 timing npm:load:configload Completed in 35ms
21 timing npm:load:setTitle Completed in 5ms
22 timing config:load:flatten Completed in 8ms
23 timing npm:load:display Completed in 11ms
24 verbose logfile D:\MIU ComPro\WAP-Sridevi\Demo\JavaScriptDemo\ExpressJS\.npmrc\_logs\2022-06-07T15_17_40_845Z-debug-0.log
25 timing npm:load:logFile Completed in 19ms
26 timing npm:load:timers Completed in 0ms
27 timing npm:load:configScope Completed in 0ms
28 timing npm:load Completed in 75ms
29 timing arborist:ctor Completed in 2ms
30 timing arborist:ctor Completed in 0ms
31 timing idealTree:init Completed in 49ms
32 timing idealTree:userRequests Completed in 6ms
33 silly idealTree buildDeps
34 silly fetch manifest express@*
35 http fetch GET 200 https://registry.npmjs.org/express 331ms (cache miss)
36 silly placeDep ROOT express@4.18.1 OK for:  want: *
37 silly fetch manifest accepts@~1.3.8
38 silly fetch manifest array-flatten@1.1.1
39 silly fetch manifest body-parser@1.20.0
40 silly fetch manifest content-disposition@0.5.4
41 silly fetch manifest content-type@~1.0.4
42 silly fetch manifest cookie@0.5.0
43 silly fetch manifest cookie-signature@1.0.6
44 silly fetch manifest debug@2.6.9
45 silly fetch manifest depd@2.0.0
46 silly fetch manifest encodeurl@~1.0.2
47 silly fetch manifest escape-html@~1.0.3
48 silly fetch manifest etag@~1.8.1
49 silly fetch manifest finalhandler@1.2.0
50 silly fetch manifest fresh@0.5.2
51 silly fetch manifest http-errors@2.0.0
52 silly fetch manifest merge-descriptors@1.0.1
53 silly fetch manifest methods@~1.1.2
54 silly fetch manifest on-finished@2.4.1
55 silly fetch manifest parseurl@~1.3.3
56 silly fetch manifest path-to-regexp@0.1.7
57 silly fetch manifest proxy-addr@~2.0.7
58 silly fetch manifest qs@6.10.3
59 silly fetch manifest range-parser@~1.2.1
60 silly fetch manifest safe-buffer@5.2.1
61 silly fetch manifest send@0.18.0
62 silly fetch manifest serve-static@1.15.0
63 silly fetch manifest setprototypeof@1.2.0
64 silly fetch manifest statuses@2.0.1
65 silly fetch manifest type-is@~1.6.18
66 silly fetch manifest utils-merge@1.0.1
67 silly fetch manifest vary@~1.1.2
68 http fetch GET 200 https://registry.npmjs.org/npm 690ms (cache miss)
69 http fetch GET 200 https://registry.npmjs.org/array-flatten 278ms (cache miss)
70 http fetch GET 200 https://registry.npmjs.org/accepts 301ms (cache miss)
71 http fetch GET 200 https://registry.npmjs.org/merge-descriptors 531ms (cache miss)
72 http fetch GET 200 https://registry.npmjs.org/methods 533ms (cache miss)
73 http fetch GET 200 https://registry.npmjs.org/on-finished 670ms (cache miss)
74 http fetch GET 200 https://registry.npmjs.org/content-disposition 712ms (cache miss)
75 http fetch GET 200 https://registry.npmjs.org/parseurl 697ms (cache miss)
76 http fetch GET 200 https://registry.npmjs.org/body-parser 725ms (cache miss)
77 http fetch GET 200 https://registry.npmjs.org/finalhandler 717ms (cache miss)
78 http fetch GET 200 https://registry.npmjs.org/http-errors 719ms (cache miss)
79 http fetch GET 200 https://registry.npmjs.org/cookie 731ms (cache miss)
80 http fetch GET 200 https://registry.npmjs.org/etag 733ms (cache miss)
81 http fetch GET 200 https://registry.npmjs.org/fresh 734ms (cache miss)
82 http fetch GET 200 https://registry.npmjs.org/depd 742ms (cache miss)
83 http fetch GET 200 https://registry.npmjs.org/encodeurl 743ms (cache miss)
84 http fetch GET 200 https://registry.npmjs.org/debug 749ms (cache miss)
85 http fetch GET 200 https://registry.npmjs.org/content-type 757ms (cache miss)
86 http fetch GET 200 https://registry.npmjs.org/path-to-regexp 744ms (cache miss)
87 http fetch GET 200 https://registry.npmjs.org/qs 744ms (cache miss)
88 http fetch GET 200 https://registry.npmjs.org/proxy-addr 748ms (cache miss)
89 http fetch GET 200 https://registry.npmjs.org/cookie-signature 761ms (cache miss)
90 http fetch GET 200 https://registry.npmjs.org/safe-buffer 753ms (cache miss)
91 http fetch GET 200 https://registry.npmjs.org/range-parser 755ms (cache miss)
92 http fetch GET 200 https://registry.npmjs.org/type-is 747ms (cache miss)
93 http fetch GET 200 https://registry.npmjs.org/send 756ms (cache miss)
94 http fetch GET 200 https://registry.npmjs.org/statuses 755ms (cache miss)
95 http fetch GET 200 https://registry.npmjs.org/serve-static 761ms (cache miss)
96 http fetch GET 200 https://registry.npmjs.org/utils-merge 759ms (cache miss)
97 http fetch GET 200 https://registry.npmjs.org/setprototypeof 778ms (cache miss)
98 http fetch GET 200 https://registry.npmjs.org/vary 787ms (cache miss)
99 http fetch GET 200 https://registry.npmjs.org/escape-html 1341ms (cache miss)
100 timing idealTree:#root Completed in 1725ms
101 silly placeDep ROOT accepts@1.3.8 OK for: express@4.18.1 want: ~1.3.8
102 silly placeDep ROOT array-flatten@1.1.1 OK for: express@4.18.1 want: 1.1.1
103 silly placeDep ROOT body-parser@1.20.0 OK for: express@4.18.1 want: 1.20.0
104 silly placeDep ROOT content-disposition@0.5.4 OK for: express@4.18.1 want: 0.5.4
105 silly placeDep ROOT content-type@1.0.4 OK for: express@4.18.1 want: ~1.0.4
106 silly placeDep ROOT cookie@0.5.0 OK for: express@4.18.1 want: 0.5.0
107 silly placeDep ROOT cookie-signature@1.0.6 OK for: express@4.18.1 want: 1.0.6
108 silly placeDep ROOT debug@2.6.9 OK for: express@4.18.1 want: 2.6.9
109 silly placeDep ROOT depd@2.0.0 OK for: express@4.18.1 want: 2.0.0
110 silly placeDep ROOT encodeurl@1.0.2 OK for: express@4.18.1 want: ~1.0.2
111 silly placeDep ROOT escape-html@1.0.3 OK for: express@4.18.1 want: ~1.0.3
112 silly placeDep ROOT etag@1.8.1 OK for: express@4.18.1 want: ~1.8.1
113 silly placeDep ROOT finalhandler@1.2.0 OK for: express@4.18.1 want: 1.2.0
114 silly placeDep ROOT fresh@0.5.2 OK for: express@4.18.1 want: 0.5.2
115 silly placeDep ROOT http-errors@2.0.0 OK for: express@4.18.1 want: 2.0.0
116 silly placeDep ROOT merge-descriptors@1.0.1 OK for: express@4.18.1 want: 1.0.1
117 silly placeDep ROOT methods@1.1.2 OK for: express@4.18.1 want: ~1.1.2
118 silly placeDep ROOT on-finished@2.4.1 OK for: express@4.18.1 want: 2.4.1
119 silly placeDep ROOT parseurl@1.3.3 OK for: express@4.18.1 want: ~1.3.3
120 silly placeDep ROOT path-to-regexp@0.1.7 OK for: express@4.18.1 want: 0.1.7
121 silly placeDep ROOT proxy-addr@2.0.7 OK for: express@4.18.1 want: ~2.0.7
122 silly placeDep ROOT qs@6.10.3 OK for: express@4.18.1 want: 6.10.3
123 silly placeDep ROOT range-parser@1.2.1 OK for: express@4.18.1 want: ~1.2.1
124 silly placeDep ROOT safe-buffer@5.2.1 OK for: express@4.18.1 want: 5.2.1
125 silly placeDep ROOT send@0.18.0 OK for: express@4.18.1 want: 0.18.0
126 silly placeDep ROOT serve-static@1.15.0 OK for: express@4.18.1 want: 1.15.0
127 silly placeDep ROOT setprototypeof@1.2.0 OK for: express@4.18.1 want: 1.2.0
128 silly placeDep ROOT statuses@2.0.1 OK for: express@4.18.1 want: 2.0.1
129 silly placeDep ROOT type-is@1.6.18 OK for: express@4.18.1 want: ~1.6.18
130 silly placeDep ROOT utils-merge@1.0.1 OK for: express@4.18.1 want: 1.0.1
131 silly placeDep ROOT vary@1.1.2 OK for: express@4.18.1 want: ~1.1.2
132 silly fetch manifest mime-types@~2.1.34
133 silly fetch manifest negotiator@0.6.3
134 silly fetch manifest bytes@3.1.2
135 silly fetch manifest destroy@1.2.0
136 silly fetch manifest iconv-lite@0.4.24
137 silly fetch manifest raw-body@2.5.1
138 silly fetch manifest unpipe@1.0.0
139 silly fetch manifest ms@2.0.0
140 silly fetch manifest unpipe@~1.0.0
141 silly fetch manifest inherits@2.0.4
142 silly fetch manifest toidentifier@1.0.1
143 silly fetch manifest ee-first@1.1.1
144 silly fetch manifest forwarded@0.2.0
145 silly fetch manifest ipaddr.js@1.9.1
146 silly fetch manifest side-channel@^1.0.4
147 silly fetch manifest mime@1.6.0
148 silly fetch manifest ms@2.1.3
149 silly fetch manifest media-typer@0.3.0
150 silly fetch manifest mime-types@~2.1.24
151 http fetch GET 200 https://registry.npmjs.org/bytes 317ms (cache miss)
152 http fetch GET 200 https://registry.npmjs.org/toidentifier 310ms (cache miss)
153 http fetch GET 200 https://registry.npmjs.org/raw-body 326ms (cache miss)
154 http fetch GET 200 https://registry.npmjs.org/destroy 334ms (cache miss)
155 http fetch GET 200 https://registry.npmjs.org/ee-first 326ms (cache miss)
156 http fetch GET 200 https://registry.npmjs.org/negotiator 343ms (cache miss)
157 http fetch GET 200 https://registry.npmjs.org/iconv-lite 338ms (cache miss)
158 http fetch GET 200 https://registry.npmjs.org/forwarded 331ms (cache miss)
159 http fetch GET 200 https://registry.npmjs.org/side-channel 330ms (cache miss)
160 http fetch GET 200 https://registry.npmjs.org/inherits 337ms (cache miss)
161 http fetch GET 200 https://registry.npmjs.org/ipaddr.js 336ms (cache miss)
162 http fetch GET 200 https://registry.npmjs.org/ms 347ms (cache miss)
163 http fetch GET 200 https://registry.npmjs.org/unpipe 351ms (cache miss)
164 http fetch GET 200 https://registry.npmjs.org/media-typer 347ms (cache miss)
165 http fetch GET 200 https://registry.npmjs.org/mime-types 370ms (cache miss)
166 http fetch GET 200 https://registry.npmjs.org/mime 364ms (cache miss)
167 timing idealTree:node_modules/express Completed in 528ms
168 silly placeDep ROOT mime-types@2.1.35 OK for: accepts@1.3.8 want: ~2.1.34
169 silly placeDep ROOT negotiator@0.6.3 OK for: accepts@1.3.8 want: 0.6.3
170 silly fetch manifest mime-db@1.52.0
171 http fetch GET 200 https://registry.npmjs.org/mime-db 120ms (cache miss)
172 timing idealTree:node_modules/accepts Completed in 129ms
173 timing idealTree:node_modules/array-flatten Completed in 0ms
174 silly placeDep ROOT bytes@3.1.2 OK for: body-parser@1.20.0 want: 3.1.2
175 silly placeDep ROOT destroy@1.2.0 OK for: body-parser@1.20.0 want: 1.2.0
176 silly placeDep ROOT iconv-lite@0.4.24 OK for: body-parser@1.20.0 want: 0.4.24
177 silly placeDep ROOT raw-body@2.5.1 OK for: body-parser@1.20.0 want: 2.5.1
178 silly placeDep ROOT unpipe@1.0.0 OK for: body-parser@1.20.0 want: 1.0.0
179 silly fetch manifest safer-buffer@>= 2.1.2 < 3
180 http fetch GET 200 https://registry.npmjs.org/safer-buffer 85ms (cache miss)
181 timing idealTree:node_modules/body-parser Completed in 101ms
182 timing idealTree:node_modules/bytes Completed in 0ms
183 timing idealTree:node_modules/content-disposition Completed in 0ms
184 timing idealTree:node_modules/content-type Completed in 0ms
185 timing idealTree:node_modules/cookie Completed in 0ms
186 timing idealTree:node_modules/cookie-signature Completed in 0ms
187 silly placeDep ROOT ms@2.0.0 OK for: debug@2.6.9 want: 2.0.0
188 timing idealTree:node_modules/debug Completed in 5ms
189 timing idealTree:node_modules/depd Completed in 0ms
190 timing idealTree:node_modules/destroy Completed in 0ms
191 timing idealTree:node_modules/encodeurl Completed in 0ms
192 timing idealTree:node_modules/escape-html Completed in 0ms
193 timing idealTree:node_modules/etag Completed in 0ms
194 timing idealTree:node_modules/finalhandler Completed in 0ms
195 timing idealTree:node_modules/fresh Completed in 0ms
196 silly placeDep ROOT inherits@2.0.4 OK for: http-errors@2.0.0 want: 2.0.4
197 silly placeDep ROOT toidentifier@1.0.1 OK for: http-errors@2.0.0 want: 1.0.1
198 timing idealTree:node_modules/http-errors Completed in 3ms
199 silly placeDep ROOT safer-buffer@2.1.2 OK for: iconv-lite@0.4.24 want: >= 2.1.2 < 3
200 timing idealTree:node_modules/iconv-lite Completed in 1ms
201 timing idealTree:node_modules/inherits Completed in 0ms
202 timing idealTree:node_modules/merge-descriptors Completed in 0ms
203 timing idealTree:node_modules/methods Completed in 0ms
204 silly placeDep ROOT mime-db@1.52.0 OK for: mime-types@2.1.35 want: 1.52.0
205 timing idealTree:node_modules/mime-types Completed in 1ms
206 timing idealTree:node_modules/mime-db Completed in 0ms
207 timing idealTree:node_modules/ms Completed in 0ms
208 timing idealTree:node_modules/negotiator Completed in 0ms
209 silly placeDep ROOT ee-first@1.1.1 OK for: on-finished@2.4.1 want: 1.1.1
210 timing idealTree:node_modules/on-finished Completed in 1ms
211 timing idealTree:node_modules/ee-first Completed in 0ms
212 timing idealTree:node_modules/parseurl Completed in 0ms
213 timing idealTree:node_modules/path-to-regexp Completed in 0ms
214 silly placeDep ROOT forwarded@0.2.0 OK for: proxy-addr@2.0.7 want: 0.2.0
215 silly placeDep ROOT ipaddr.js@1.9.1 OK for: proxy-addr@2.0.7 want: 1.9.1
216 timing idealTree:node_modules/proxy-addr Completed in 2ms
217 timing idealTree:node_modules/forwarded Completed in 0ms
218 timing idealTree:node_modules/ipaddr.js Completed in 0ms
219 silly placeDep ROOT side-channel@1.0.4 OK for: qs@6.10.3 want: ^1.0.4
220 silly fetch manifest call-bind@^1.0.0
221 silly fetch manifest get-intrinsic@^1.0.2
222 silly fetch manifest object-inspect@^1.9.0
223 http fetch GET 200 https://registry.npmjs.org/call-bind 141ms (cache miss)
224 http fetch GET 200 https://registry.npmjs.org/get-intrinsic 142ms (cache miss)
225 http fetch GET 200 https://registry.npmjs.org/object-inspect 151ms (cache miss)
226 timing idealTree:node_modules/qs Completed in 158ms
227 timing idealTree:node_modules/range-parser Completed in 0ms
228 timing idealTree:node_modules/raw-body Completed in 0ms
229 timing idealTree:node_modules/safe-buffer Completed in 0ms
230 timing idealTree:node_modules/safer-buffer Completed in 0ms
231 silly placeDep ROOT mime@1.6.0 OK for: send@0.18.0 want: 1.6.0
232 silly placeDep node_modules/send ms@2.1.3 OK for: send@0.18.0 want: 2.1.3
233 timing idealTree:node_modules/send Completed in 10ms
234 timing idealTree:node_modules/mime Completed in 1ms
235 timing idealTree:node_modules/serve-static Completed in 1ms
236 timing idealTree:node_modules/setprototypeof Completed in 0ms
237 silly placeDep ROOT call-bind@1.0.2 OK for: side-channel@1.0.4 want: ^1.0.0
238 silly placeDep ROOT get-intrinsic@1.1.1 OK for: side-channel@1.0.4 want: ^1.0.2
239 silly placeDep ROOT object-inspect@1.12.2 OK for: side-channel@1.0.4 want: ^1.9.0
240 silly fetch manifest function-bind@^1.1.1
241 silly fetch manifest has@^1.0.3
242 silly fetch manifest has-symbols@^1.0.1
243 http fetch GET 200 https://registry.npmjs.org/function-bind 141ms (cache miss)
244 http fetch GET 200 https://registry.npmjs.org/has-symbols 140ms (cache miss)
245 http fetch GET 200 https://registry.npmjs.org/has 145ms (cache miss)
246 timing idealTree:node_modules/side-channel Completed in 164ms
247 silly placeDep ROOT function-bind@1.1.1 OK for: call-bind@1.0.2 want: ^1.1.1
248 timing idealTree:node_modules/call-bind Completed in 3ms
249 timing idealTree:node_modules/function-bind Completed in 0ms
250 silly placeDep ROOT has@1.0.3 OK for: get-intrinsic@1.1.1 want: ^1.0.3
251 silly placeDep ROOT has-symbols@1.0.3 OK for: get-intrinsic@1.1.1 want: ^1.0.1
252 timing idealTree:node_modules/get-intrinsic Completed in 6ms
253 timing idealTree:node_modules/has Completed in 0ms
254 timing idealTree:node_modules/has-symbols Completed in 1ms
255 timing idealTree:node_modules/object-inspect Completed in 0ms
256 timing idealTree:node_modules/statuses Completed in 0ms
257 timing idealTree:node_modules/toidentifier Completed in 0ms
258 silly placeDep ROOT media-typer@0.3.0 OK for: type-is@1.6.18 want: 0.3.0
259 timing idealTree:node_modules/type-is Completed in 6ms
260 timing idealTree:node_modules/media-typer Completed in 0ms
261 timing idealTree:node_modules/unpipe Completed in 0ms
262 timing idealTree:node_modules/utils-merge Completed in 0ms
263 timing idealTree:node_modules/vary Completed in 0ms
264 timing idealTree:node_modules/send/node_modules/ms Completed in 0ms
265 timing idealTree:buildDeps Completed in 2891ms
266 timing idealTree:fixDepFlags Completed in 5ms
267 timing idealTree Completed in 2959ms
268 timing reify:loadTrees Completed in 2962ms
269 timing reify:diffTrees Completed in 6ms
270 silly reify moves {}
271 timing reify:retireShallow Completed in 0ms
272 timing reify:createSparse Completed in 55ms
273 timing reify:loadBundles Completed in 0ms
274 silly audit bulk request {
274 silly audit   express: [ '4.18.1' ],
274 silly audit   accepts: [ '1.3.8' ],
274 silly audit   'array-flatten': [ '1.1.1' ],
274 silly audit   'body-parser': [ '1.20.0' ],
274 silly audit   'content-disposition': [ '0.5.4' ],
274 silly audit   'content-type': [ '1.0.4' ],
274 silly audit   cookie: [ '0.5.0' ],
274 silly audit   'cookie-signature': [ '1.0.6' ],
274 silly audit   debug: [ '2.6.9' ],
274 silly audit   depd: [ '2.0.0' ],
274 silly audit   encodeurl: [ '1.0.2' ],
274 silly audit   'escape-html': [ '1.0.3' ],
274 silly audit   etag: [ '1.8.1' ],
274 silly audit   finalhandler: [ '1.2.0' ],
274 silly audit   fresh: [ '0.5.2' ],
274 silly audit   'http-errors': [ '2.0.0' ],
274 silly audit   'merge-descriptors': [ '1.0.1' ],
274 silly audit   methods: [ '1.1.2' ],
274 silly audit   'on-finished': [ '2.4.1' ],
274 silly audit   parseurl: [ '1.3.3' ],
274 silly audit   'path-to-regexp': [ '0.1.7' ],
274 silly audit   'proxy-addr': [ '2.0.7' ],
274 silly audit   qs: [ '6.10.3' ],
274 silly audit   'range-parser': [ '1.2.1' ],
274 silly audit   'safe-buffer': [ '5.2.1' ],
274 silly audit   send: [ '0.18.0' ],
274 silly audit   'serve-static': [ '1.15.0' ],
274 silly audit   setprototypeof: [ '1.2.0' ],
274 silly audit   statuses: [ '2.0.1' ],
274 silly audit   'type-is': [ '1.6.18' ],
274 silly audit   'utils-merge': [ '1.0.1' ],
274 silly audit   vary: [ '1.1.2' ],
274 silly audit   'mime-types': [ '2.1.35' ],
274 silly audit   negotiator: [ '0.6.3' ],
274 silly audit   bytes: [ '3.1.2' ],
274 silly audit   destroy: [ '1.2.0' ],
274 silly audit   'iconv-lite': [ '0.4.24' ],
274 silly audit   'raw-body': [ '2.5.1' ],
274 silly audit   unpipe: [ '1.0.0' ],
274 silly audit   ms: [ '2.0.0', '2.1.3' ],
274 silly audit   inherits: [ '2.0.4' ],
274 silly audit   toidentifier: [ '1.0.1' ],
274 silly audit   'safer-buffer': [ '2.1.2' ],
274 silly audit   'mime-db': [ '1.52.0' ],
274 silly audit   'ee-first': [ '1.1.1' ],
274 silly audit   forwarded: [ '0.2.0' ],
274 silly audit   'ipaddr.js': [ '1.9.1' ],
274 silly audit   'side-channel': [ '1.0.4' ],
274 silly audit   mime: [ '1.6.0' ],
274 silly audit   'call-bind': [ '1.0.2' ],
274 silly audit   'get-intrinsic': [ '1.1.1' ],
274 silly audit   'object-inspect': [ '1.12.2' ],
274 silly audit   'function-bind': [ '1.1.1' ],
274 silly audit   has: [ '1.0.3' ],
274 silly audit   'has-symbols': [ '1.0.3' ],
274 silly audit   'media-typer': [ '0.3.0' ]
274 silly audit }
275 silly tarball no local data for media-typer@https://registry.npmjs.org/media-typer/-/media-typer-0.3.0.tgz. Extracting by manifest.
276 silly tarball no local data for has@https://registry.npmjs.org/has/-/has-1.0.3.tgz. Extracting by manifest.
277 silly tarball no local data for has-symbols@https://registry.npmjs.org/has-symbols/-/has-symbols-1.0.3.tgz. Extracting by manifest.
278 silly tarball no local data for function-bind@https://registry.npmjs.org/function-bind/-/function-bind-1.1.1.tgz. Extracting by manifest.
279 silly tarball no local data for object-inspect@https://registry.npmjs.org/object-inspect/-/object-inspect-1.12.2.tgz. Extracting by manifest.
280 silly tarball no local data for get-intrinsic@https://registry.npmjs.org/get-intrinsic/-/get-intrinsic-1.1.1.tgz. Extracting by manifest.
281 silly tarball no local data for call-bind@https://registry.npmjs.org/call-bind/-/call-bind-1.0.2.tgz. Extracting by manifest.
282 silly tarball no local data for mime@https://registry.npmjs.org/mime/-/mime-1.6.0.tgz. Extracting by manifest.
283 silly tarball no local data for side-channel@https://registry.npmjs.org/side-channel/-/side-channel-1.0.4.tgz. Extracting by manifest.
284 silly tarball no local data for ipaddr.js@https://registry.npmjs.org/ipaddr.js/-/ipaddr.js-1.9.1.tgz. Extracting by manifest.
285 silly tarball no local data for forwarded@https://registry.npmjs.org/forwarded/-/forwarded-0.2.0.tgz. Extracting by manifest.
286 silly tarball no local data for mime-db@https://registry.npmjs.org/mime-db/-/mime-db-1.52.0.tgz. Extracting by manifest.
287 silly tarball no local data for ee-first@https://registry.npmjs.org/ee-first/-/ee-first-1.1.1.tgz. Extracting by manifest.
288 silly tarball no local data for safer-buffer@https://registry.npmjs.org/safer-buffer/-/safer-buffer-2.1.2.tgz. Extracting by manifest.
289 silly tarball no local data for toidentifier@https://registry.npmjs.org/toidentifier/-/toidentifier-1.0.1.tgz. Extracting by manifest.
290 silly tarball no local data for unpipe@https://registry.npmjs.org/unpipe/-/unpipe-1.0.0.tgz. Extracting by manifest.
291 silly tarball no local data for inherits@https://registry.npmjs.org/inherits/-/inherits-2.0.4.tgz. Extracting by manifest.
292 silly tarball no local data for ms@https://registry.npmjs.org/ms/-/ms-2.0.0.tgz. Extracting by manifest.
293 silly tarball no local data for raw-body@https://registry.npmjs.org/raw-body/-/raw-body-2.5.1.tgz. Extracting by manifest.
294 silly tarball no local data for iconv-lite@https://registry.npmjs.org/iconv-lite/-/iconv-lite-0.4.24.tgz. Extracting by manifest.
295 silly tarball no local data for destroy@https://registry.npmjs.org/destroy/-/destroy-1.2.0.tgz. Extracting by manifest.
296 silly tarball no local data for bytes@https://registry.npmjs.org/bytes/-/bytes-3.1.2.tgz. Extracting by manifest.
297 silly tarball no local data for mime-types@https://registry.npmjs.org/mime-types/-/mime-types-2.1.35.tgz. Extracting by manifest.
298 silly tarball no local data for negotiator@https://registry.npmjs.org/negotiator/-/negotiator-0.6.3.tgz. Extracting by manifest.
299 silly tarball no local data for vary@https://registry.npmjs.org/vary/-/vary-1.1.2.tgz. Extracting by manifest.
300 silly tarball no local data for utils-merge@https://registry.npmjs.org/utils-merge/-/utils-merge-1.0.1.tgz. Extracting by manifest.
301 silly tarball no local data for type-is@https://registry.npmjs.org/type-is/-/type-is-1.6.18.tgz. Extracting by manifest.
302 silly tarball no local data for statuses@https://registry.npmjs.org/statuses/-/statuses-2.0.1.tgz. Extracting by manifest.
303 silly tarball no local data for setprototypeof@https://registry.npmjs.org/setprototypeof/-/setprototypeof-1.2.0.tgz. Extracting by manifest.
304 silly tarball no local data for serve-static@https://registry.npmjs.org/serve-static/-/serve-static-1.15.0.tgz. Extracting by manifest.
305 silly tarball no local data for send@https://registry.npmjs.org/send/-/send-0.18.0.tgz. Extracting by manifest.
306 silly tarball no local data for safe-buffer@https://registry.npmjs.org/safe-buffer/-/safe-buffer-5.2.1.tgz. Extracting by manifest.
307 silly tarball no local data for qs@https://registry.npmjs.org/qs/-/qs-6.10.3.tgz. Extracting by manifest.
308 silly tarball no local data for range-parser@https://registry.npmjs.org/range-parser/-/range-parser-1.2.1.tgz. Extracting by manifest.
309 silly tarball no local data for proxy-addr@https://registry.npmjs.org/proxy-addr/-/proxy-addr-2.0.7.tgz. Extracting by manifest.
310 silly tarball no local data for path-to-regexp@https://registry.npmjs.org/path-to-regexp/-/path-to-regexp-0.1.7.tgz. Extracting by manifest.
311 silly tarball no local data for parseurl@https://registry.npmjs.org/parseurl/-/parseurl-1.3.3.tgz. Extracting by manifest.
312 silly tarball no local data for on-finished@https://registry.npmjs.org/on-finished/-/on-finished-2.4.1.tgz. Extracting by manifest.
313 silly tarball no local data for methods@https://registry.npmjs.org/methods/-/methods-1.1.2.tgz. Extracting by manifest.
314 silly tarball no local data for merge-descriptors@https://registry.npmjs.org/merge-descriptors/-/merge-descriptors-1.0.1.tgz. Extracting by manifest.
315 silly tarball no local data for http-errors@https://registry.npmjs.org/http-errors/-/http-errors-2.0.0.tgz. Extracting by manifest.
316 silly tarball no local data for fresh@https://registry.npmjs.org/fresh/-/fresh-0.5.2.tgz. Extracting by manifest.
317 silly tarball no local data for finalhandler@https://registry.npmjs.org/finalhandler/-/finalhandler-1.2.0.tgz. Extracting by manifest.
318 silly tarball no local data for etag@https://registry.npmjs.org/etag/-/etag-1.8.1.tgz. Extracting by manifest.
319 silly tarball no local data for escape-html@https://registry.npmjs.org/escape-html/-/escape-html-1.0.3.tgz. Extracting by manifest.
320 silly tarball no local data for encodeurl@https://registry.npmjs.org/encodeurl/-/encodeurl-1.0.2.tgz. Extracting by manifest.
321 silly tarball no local data for depd@https://registry.npmjs.org/depd/-/depd-2.0.0.tgz. Extracting by manifest.
322 silly tarball no local data for debug@https://registry.npmjs.org/debug/-/debug-2.6.9.tgz. Extracting by manifest.
323 silly tarball no local data for cookie-signature@https://registry.npmjs.org/cookie-signature/-/cookie-signature-1.0.6.tgz. Extracting by manifest.
324 silly tarball no local data for cookie@https://registry.npmjs.org/cookie/-/cookie-0.5.0.tgz. Extracting by manifest.
325 silly tarball no local data for content-type@https://registry.npmjs.org/content-type/-/content-type-1.0.4.tgz. Extracting by manifest.
326 silly tarball no local data for content-disposition@https://registry.npmjs.org/content-disposition/-/content-disposition-0.5.4.tgz. Extracting by manifest.
327 silly tarball no local data for body-parser@https://registry.npmjs.org/body-parser/-/body-parser-1.20.0.tgz. Extracting by manifest.
328 silly tarball no local data for accepts@https://registry.npmjs.org/accepts/-/accepts-1.3.8.tgz. Extracting by manifest.
329 silly tarball no local data for array-flatten@https://registry.npmjs.org/array-flatten/-/array-flatten-1.1.1.tgz. Extracting by manifest.
330 silly tarball no local data for ms@https://registry.npmjs.org/ms/-/ms-2.1.3.tgz. Extracting by manifest.
331 silly tarball no local data for express@https://registry.npmjs.org/express/-/express-4.18.1.tgz. Extracting by manifest.
332 http fetch POST 200 https://registry.npmjs.org/-/npm/v1/security/advisories/bulk 463ms
333 timing auditReport:getReport Completed in 469ms
334 silly audit report {}
335 timing auditReport:init Completed in 0ms
336 timing reify:audit Completed in 473ms
337 http fetch GET 200 https://registry.npmjs.org/get-intrinsic/-/get-intrinsic-1.1.1.tgz 1356ms (cache miss)
338 http fetch GET 200 https://registry.npmjs.org/has/-/has-1.0.3.tgz 1392ms (cache miss)
339 http fetch GET 200 https://registry.npmjs.org/toidentifier/-/toidentifier-1.0.1.tgz 1414ms (cache miss)
340 http fetch GET 200 https://registry.npmjs.org/side-channel/-/side-channel-1.0.4.tgz 1504ms (cache miss)
341 timing reifyNode:node_modules/has Completed in 1622ms
342 timing reifyNode:node_modules/toidentifier Completed in 1628ms
343 http fetch GET 200 https://registry.npmjs.org/ee-first/-/ee-first-1.1.1.tgz 1542ms (cache miss)
344 timing reifyNode:node_modules/ee-first Completed in 1678ms
345 http fetch GET 200 https://registry.npmjs.org/safe-buffer/-/safe-buffer-5.2.1.tgz 1470ms (cache miss)
346 http fetch GET 200 https://registry.npmjs.org/ms/-/ms-2.0.0.tgz 1566ms (cache miss)
347 timing reifyNode:node_modules/ms Completed in 1729ms
348 http fetch GET 200 https://registry.npmjs.org/range-parser/-/range-parser-1.2.1.tgz 1506ms (cache miss)
349 http fetch GET 200 https://registry.npmjs.org/parseurl/-/parseurl-1.3.3.tgz 1499ms (cache miss)
350 http fetch GET 200 https://registry.npmjs.org/cookie-signature/-/cookie-signature-1.0.6.tgz 1466ms (cache miss)
351 http fetch GET 200 https://registry.npmjs.org/inherits/-/inherits-2.0.4.tgz 1703ms (cache miss)
352 timing reifyNode:node_modules/inherits Completed in 1855ms
353 timing reifyNode:node_modules/range-parser Completed in 1854ms
354 timing reifyNode:node_modules/parseurl Completed in 1860ms
355 http fetch GET 200 https://registry.npmjs.org/unpipe/-/unpipe-1.0.0.tgz 1750ms (cache miss)
356 timing reifyNode:node_modules/unpipe Completed in 1897ms
357 timing reifyNode:node_modules/safe-buffer Completed in 1899ms
358 http fetch GET 200 https://registry.npmjs.org/path-to-regexp/-/path-to-regexp-0.1.7.tgz 1656ms (cache miss)
359 timing reifyNode:node_modules/path-to-regexp Completed in 1922ms
360 http fetch GET 200 https://registry.npmjs.org/merge-descriptors/-/merge-descriptors-1.0.1.tgz 1651ms (cache miss)
361 timing reifyNode:node_modules/merge-descriptors Completed in 1941ms
362 http fetch GET 200 https://registry.npmjs.org/ms/-/ms-2.1.3.tgz 1569ms (cache miss)
363 timing reifyNode:node_modules/send/node_modules/ms Completed in 1966ms
364 http fetch GET 200 https://registry.npmjs.org/escape-html/-/escape-html-1.0.3.tgz 1649ms (cache miss)
365 timing reifyNode:node_modules/escape-html Completed in 1976ms
366 timing reifyNode:node_modules/cookie-signature Completed in 2005ms
367 http fetch GET 200 https://registry.npmjs.org/depd/-/depd-2.0.0.tgz 1694ms (cache miss)
368 http fetch GET 200 https://registry.npmjs.org/destroy/-/destroy-1.2.0.tgz 1932ms (cache miss)
369 timing reifyNode:node_modules/destroy Completed in 2106ms
370 timing reifyNode:node_modules/depd Completed in 2180ms
371 http fetch GET 200 https://registry.npmjs.org/encodeurl/-/encodeurl-1.0.2.tgz 1917ms (cache miss)
372 timing reifyNode:node_modules/encodeurl Completed in 2257ms
373 http fetch GET 200 https://registry.npmjs.org/media-typer/-/media-typer-0.3.0.tgz 2225ms (cache miss)
374 timing reifyNode:node_modules/media-typer Completed in 2295ms
375 http fetch GET 200 https://registry.npmjs.org/methods/-/methods-1.1.2.tgz 2097ms (cache miss)
376 timing reifyNode:node_modules/methods Completed in 2376ms
377 http fetch GET 200 https://registry.npmjs.org/type-is/-/type-is-1.6.18.tgz 2253ms (cache miss)
378 timing reifyNode:node_modules/type-is Completed in 2466ms
379 http fetch GET 200 https://registry.npmjs.org/send/-/send-0.18.0.tgz 2237ms (cache miss)
380 timing reifyNode:node_modules/send Completed in 2473ms
381 http fetch GET 200 https://registry.npmjs.org/forwarded/-/forwarded-0.2.0.tgz 2398ms (cache miss)
382 timing reifyNode:node_modules/forwarded Completed in 2519ms
383 http fetch GET 200 https://registry.npmjs.org/array-flatten/-/array-flatten-1.1.1.tgz 2132ms (cache miss)
384 timing reifyNode:node_modules/array-flatten Completed in 2525ms
385 timing reifyNode:node_modules/side-channel Completed in 2535ms
386 http fetch GET 200 https://registry.npmjs.org/ipaddr.js/-/ipaddr.js-1.9.1.tgz 2443ms (cache miss)
387 timing reifyNode:node_modules/ipaddr.js Completed in 2559ms
388 http fetch GET 200 https://registry.npmjs.org/raw-body/-/raw-body-2.5.1.tgz 2406ms (cache miss)
389 timing reifyNode:node_modules/raw-body Completed in 2572ms
390 http fetch GET 200 https://registry.npmjs.org/proxy-addr/-/proxy-addr-2.0.7.tgz 2331ms (cache miss)
391 timing reifyNode:node_modules/proxy-addr Completed in 2584ms
392 http fetch GET 200 https://registry.npmjs.org/statuses/-/statuses-2.0.1.tgz 2388ms (cache miss)
393 timing reifyNode:node_modules/statuses Completed in 2606ms
394 timing reifyNode:node_modules/get-intrinsic Completed in 2611ms
395 http fetch GET 200 https://registry.npmjs.org/mime-types/-/mime-types-2.1.35.tgz 2434ms (cache miss)
396 timing reifyNode:node_modules/mime-types Completed in 2624ms
397 http fetch GET 200 https://registry.npmjs.org/fresh/-/fresh-0.5.2.tgz 2337ms (cache miss)
398 timing reifyNode:node_modules/fresh Completed in 2636ms
399 http fetch GET 200 https://registry.npmjs.org/utils-merge/-/utils-merge-1.0.1.tgz 2449ms (cache miss)
400 timing reifyNode:node_modules/utils-merge Completed in 2654ms
401 http fetch GET 200 https://registry.npmjs.org/on-finished/-/on-finished-2.4.1.tgz 2393ms (cache miss)
402 timing reifyNode:node_modules/on-finished Completed in 2667ms
403 http fetch GET 200 https://registry.npmjs.org/bytes/-/bytes-3.1.2.tgz 2508ms (cache miss)
404 timing reifyNode:node_modules/bytes Completed in 2692ms
405 http fetch GET 200 https://registry.npmjs.org/http-errors/-/http-errors-2.0.0.tgz 2413ms (cache miss)
406 timing reifyNode:node_modules/http-errors Completed in 2707ms
407 http fetch GET 200 https://registry.npmjs.org/finalhandler/-/finalhandler-1.2.0.tgz 2419ms (cache miss)
408 timing reifyNode:node_modules/finalhandler Completed in 2721ms
409 http fetch GET 200 https://registry.npmjs.org/serve-static/-/serve-static-1.15.0.tgz 2517ms (cache miss)
410 timing reifyNode:node_modules/serve-static Completed in 2743ms
411 http fetch GET 200 https://registry.npmjs.org/vary/-/vary-1.1.2.tgz 2557ms (cache miss)
412 timing reifyNode:node_modules/vary Completed in 2755ms
413 http fetch GET 200 https://registry.npmjs.org/etag/-/etag-1.8.1.tgz 2460ms (cache miss)
414 timing reifyNode:node_modules/etag Completed in 2768ms
415 http fetch GET 200 https://registry.npmjs.org/content-disposition/-/content-disposition-0.5.4.tgz 2413ms (cache miss)
416 timing reifyNode:node_modules/content-disposition Completed in 2786ms
417 http fetch GET 200 https://registry.npmjs.org/setprototypeof/-/setprototypeof-1.2.0.tgz 2586ms (cache miss)
418 timing reifyNode:node_modules/setprototypeof Completed in 2808ms
419 http fetch GET 200 https://registry.npmjs.org/content-type/-/content-type-1.0.4.tgz 2491ms (cache miss)
420 timing reifyNode:node_modules/content-type Completed in 2854ms
421 http fetch GET 200 https://registry.npmjs.org/cookie/-/cookie-0.5.0.tgz 2534ms (cache miss)
422 timing reifyNode:node_modules/cookie Completed in 2893ms
423 http fetch GET 200 https://registry.npmjs.org/accepts/-/accepts-1.3.8.tgz 2518ms (cache miss)
424 timing reifyNode:node_modules/accepts Completed in 2902ms
425 http fetch GET 200 https://registry.npmjs.org/safer-buffer/-/safer-buffer-2.1.2.tgz 2777ms (cache miss)
426 timing reifyNode:node_modules/safer-buffer Completed in 2917ms
427 http fetch GET 200 https://registry.npmjs.org/negotiator/-/negotiator-0.6.3.tgz 2794ms (cache miss)
428 timing reifyNode:node_modules/negotiator Completed in 2987ms
429 http fetch GET 200 https://registry.npmjs.org/mime-db/-/mime-db-1.52.0.tgz 2895ms (cache miss)
430 timing reifyNode:node_modules/mime-db Completed in 3021ms
431 http fetch GET 200 https://registry.npmjs.org/function-bind/-/function-bind-1.1.1.tgz 2979ms (cache miss)
432 timing reifyNode:node_modules/function-bind Completed in 3065ms
433 http fetch GET 200 https://registry.npmjs.org/call-bind/-/call-bind-1.0.2.tgz 2986ms (cache miss)
434 timing reifyNode:node_modules/call-bind Completed in 3085ms
435 http fetch GET 200 https://registry.npmjs.org/body-parser/-/body-parser-1.20.0.tgz 2712ms (cache miss)
436 timing reifyNode:node_modules/body-parser Completed in 3091ms
437 http fetch GET 200 https://registry.npmjs.org/mime/-/mime-1.6.0.tgz 3015ms (cache miss)
438 timing reifyNode:node_modules/mime Completed in 3117ms
439 http fetch GET 200 https://registry.npmjs.org/has-symbols/-/has-symbols-1.0.3.tgz 3053ms (cache miss)
440 timing reifyNode:node_modules/has-symbols Completed in 3137ms
441 http fetch GET 200 https://registry.npmjs.org/debug/-/debug-2.6.9.tgz 2875ms (cache miss)
442 timing reifyNode:node_modules/debug Completed in 3229ms
443 http fetch GET 200 https://registry.npmjs.org/qs/-/qs-6.10.3.tgz 3012ms (cache miss)
444 timing reifyNode:node_modules/qs Completed in 3257ms
445 http fetch GET 200 https://registry.npmjs.org/express/-/express-4.18.1.tgz 2887ms (cache miss)
446 timing reifyNode:node_modules/express Completed in 3290ms
447 http fetch GET 200 https://registry.npmjs.org/iconv-lite/-/iconv-lite-0.4.24.tgz 3224ms (cache miss)
448 timing reifyNode:node_modules/iconv-lite Completed in 3398ms
449 http fetch GET 200 https://registry.npmjs.org/object-inspect/-/object-inspect-1.12.2.tgz 3371ms (cache miss)
450 timing reifyNode:node_modules/object-inspect Completed in 3463ms
451 timing reify:unpack Completed in 3464ms
452 timing reify:unretire Completed in 0ms
453 timing build:queue Completed in 23ms
454 timing build:link:node_modules/mime Completed in 12ms
455 timing build:link Completed in 12ms
456 timing build:deps Completed in 36ms
457 timing build Completed in 37ms
458 timing reify:build Completed in 38ms
459 timing reify:trash Completed in 0ms
460 timing reify:save Completed in 91ms
461 timing reify Completed in 6799ms
462 silly ADD node_modules/media-typer
463 silly ADD node_modules/has-symbols
464 silly ADD node_modules/has
465 silly ADD node_modules/function-bind
466 silly ADD node_modules/object-inspect
467 silly ADD node_modules/get-intrinsic
468 silly ADD node_modules/call-bind
469 silly ADD node_modules/mime
470 silly ADD node_modules/side-channel
471 silly ADD node_modules/ipaddr.js
472 silly ADD node_modules/forwarded
473 silly ADD node_modules/ee-first
474 silly ADD node_modules/mime-db
475 silly ADD node_modules/safer-buffer
476 silly ADD node_modules/toidentifier
477 silly ADD node_modules/inherits
478 silly ADD node_modules/ms
479 silly ADD node_modules/unpipe
480 silly ADD node_modules/raw-body
481 silly ADD node_modules/iconv-lite
482 silly ADD node_modules/destroy
483 silly ADD node_modules/bytes
484 silly ADD node_modules/negotiator
485 silly ADD node_modules/mime-types
486 silly ADD node_modules/vary
487 silly ADD node_modules/utils-merge
488 silly ADD node_modules/type-is
489 silly ADD node_modules/statuses
490 silly ADD node_modules/setprototypeof
491 silly ADD node_modules/serve-static
492 silly ADD node_modules/send
493 silly ADD node_modules/send/node_modules/ms
494 silly ADD node_modules/safe-buffer
495 silly ADD node_modules/range-parser
496 silly ADD node_modules/qs
497 silly ADD node_modules/proxy-addr
498 silly ADD node_modules/path-to-regexp
499 silly ADD node_modules/parseurl
500 silly ADD node_modules/on-finished
501 silly ADD node_modules/methods
502 silly ADD node_modules/merge-descriptors
503 silly ADD node_modules/http-errors
504 silly ADD node_modules/fresh
505 silly ADD node_modules/finalhandler
506 silly ADD node_modules/etag
507 silly ADD node_modules/escape-html
508 silly ADD node_modules/encodeurl
509 silly ADD node_modules/depd
510 silly ADD node_modules/debug
511 silly ADD node_modules/cookie-signature
512 silly ADD node_modules/cookie
513 silly ADD node_modules/content-type
514 silly ADD node_modules/content-disposition
515 silly ADD node_modules/body-parser
516 silly ADD node_modules/array-flatten
517 silly ADD node_modules/accepts
518 silly ADD node_modules/express
519 timing command:install Completed in 6824ms
520 notice
520 notice New [33mminor[39m version of npm available! [31m8.5.5[39m -> [32m8.12.1[39m
520 notice Changelog: [36mhttps://github.com/npm/cli/releases/tag/v8.12.1[39m
520 notice Run [32mnpm install -g npm@8.12.1[39m to update!
520 notice
521 verbose exit 0
522 timing npm Completed in 8166ms
523 info ok
