0 verbose cli [
0 verbose cli   'C:\\Program Files\\nodejs\\node.exe',
0 verbose cli   'C:\\Program Files\\nodejs\\node_modules\\npm\\bin\\npm-cli.js',
0 verbose cli   'v'
0 verbose cli ]
1 info using npm@8.5.5
2 info using node@v16.15.0
3 timing npm:load:whichnode Completed in 1ms
4 timing config:load:defaults Completed in 4ms
5 timing config:load:file:C:\Program Files\nodejs\node_modules\npm\npmrc Completed in 4ms
6 timing config:load:builtin Completed in 4ms
7 timing config:load:cli Completed in 3ms
8 timing config:load:env Completed in 1ms
9 verbose config error loading project config [Error: EISDIR: illegal operation on a directory, read] {
9 verbose config   errno: -4068,
9 verbose config   code: 'EISDIR',
9 verbose config   syscall: 'read'
9 verbose config }
10 timing config:load:file:D:\MIU ComPro\WAP-Sridevi\Demo\JavaScriptDemo\ExpressJS\.npmrc Completed in 4ms
11 timing config:load:project Completed in 9ms
12 timing config:load:file:C:\Users\sopno\.npmrc Completed in 1ms
13 timing config:load:user Completed in 1ms
14 timing config:load:file:C:\Users\sopno\AppData\Roaming\npm\etc\npmrc Completed in 2ms
15 timing config:load:global Completed in 2ms
16 timing config:load:validate Completed in 1ms
17 timing config:load:credentials Completed in 3ms
18 timing config:load:setEnvs Completed in 2ms
19 timing config:load Completed in 32ms
20 timing npm:load:configload Completed in 33ms
21 timing npm:load:setTitle Completed in 1ms
22 timing config:load:flatten Completed in 10ms
23 timing npm:load:display Completed in 14ms
24 verbose logfile D:\MIU ComPro\WAP-Sridevi\Demo\JavaScriptDemo\ExpressJS\.npmrc\_logs\2022-06-07T15_09_56_856Z-debug-0.log
25 timing npm:load:logFile Completed in 22ms
26 timing npm:load:timers Completed in 1ms
27 timing npm:load:configScope Completed in 0ms
28 timing npm:load Completed in 73ms
29 timing command:v Completed in 26ms
30 verbose stack Error: ENOENT: no such file or directory, open 'D:\MIU ComPro\WAP-Sridevi\Demo\JavaScriptDemo\ExpressJS\package.json'
31 verbose cwd D:\MIU ComPro\WAP-Sridevi\Demo\JavaScriptDemo\ExpressJS
32 verbose Windows_NT 10.0.19043
33 verbose argv "C:\\Program Files\\nodejs\\node.exe" "C:\\Program Files\\nodejs\\node_modules\\npm\\bin\\npm-cli.js" "v"
34 verbose node v16.15.0
35 verbose npm  v8.5.5
36 error code ENOENT
37 error syscall open
38 error path D:\MIU ComPro\WAP-Sridevi\Demo\JavaScriptDemo\ExpressJS\package.json
39 error errno -4058
40 error enoent ENOENT: no such file or directory, open 'D:\MIU ComPro\WAP-Sridevi\Demo\JavaScriptDemo\ExpressJS\package.json'
41 error enoent This is related to npm not being able to find a file.
41 error enoent
42 verbose exit -4058
43 timing npm Completed in 992ms
44 verbose code -4058
45 error A complete log of this run can be found in:
45 error     D:\MIU ComPro\WAP-Sridevi\Demo\JavaScriptDemo\ExpressJS\.npmrc\_logs\2022-06-07T15_09_56_856Z-debug-0.log
